{"level":"info","message":"Fetched 278 messages between 67d845b5c9add2113fc80789 and 679d530c96d06fa5dfab1ded","timestamp":"2025-05-26T09:38:34.731Z"}
{"level":"info","message":"Fetched 278 messages between 67d845b5c9add2113fc80789 and 679d530c96d06fa5dfab1ded","timestamp":"2025-05-26T09:49:49.567Z"}
{"level":"info","message":"Fetched 278 messages between 67d845b5c9add2113fc80789 and 679d530c96d06fa5dfab1ded","timestamp":"2025-05-26T12:06:35.298Z"}
{"level":"info","message":"Fetched 278 messages between 679d530c96d06fa5dfab1ded and 67d845b5c9add2113fc80789","timestamp":"2025-05-26T12:49:14.015Z"}
{"level":"info","message":"Fetched 158 messages between 67d845b5c9add2113fc80789 and 67b6fbdedfb7a20620fcb1d1","timestamp":"2025-05-26T14:38:21.637Z"}
{"level":"info","message":"Fetched 66 messages between 67b6fbdedfb7a20620fcb1d1 and 679d530c96d06fa5dfab1ded","timestamp":"2025-05-26T16:01:58.872Z"}
{"level":"info","message":"Fetched 5 latest messages for user 679d530c96d06fa5dfab1ded","timestamp":"2025-05-26T16:28:04.937Z"}
{"level":"info","message":"Fetched 278 messages between 679d530c96d06fa5dfab1ded and 67d845b5c9add2113fc80789","timestamp":"2025-05-26T16:28:20.618Z"}
{"level":"info","message":"Fetched 278 messages between 679d530c96d06fa5dfab1ded and 67d845b5c9add2113fc80789","timestamp":"2025-05-26T16:29:06.659Z"}
{"level":"info","message":"Fetched 0 messages between 679d530c96d06fa5dfab1ded and 67d845b5c9add2113fc80789","timestamp":"2025-05-26T16:51:03.772Z"}
{"level":"info","message":"Fetched 0 messages between 679d530c96d06fa5dfab1ded and 67b6fbdedfb7a20620fcb1d1","timestamp":"2025-05-26T16:51:22.694Z"}
{"level":"info","message":"Fetched 0 messages between 679d530c96d06fa5dfab1ded and 67d845b5c9add2113fc80789","timestamp":"2025-05-28T06:27:20.274Z"}
{"level":"info","message":"Fetched 0 messages between 679d530c96d06fa5dfab1ded and 67d845b5c9add2113fc80789","timestamp":"2025-05-28T06:58:03.017Z"}
{"level":"info","message":"Fetched 0 messages between 679d530c96d06fa5dfab1ded and 67d845b5c9add2113fc80789","timestamp":"2025-05-28T06:59:24.320Z"}
{"level":"info","message":"Fetched 0 messages between 679d530c96d06fa5dfab1ded and 67d845b5c9add2113fc80789","timestamp":"2025-05-28T07:09:37.561Z"}
{"level":"info","message":"Message sent from 679d530c96d06fa5dfab1ded to 67d845b5c9add2113fc80789: 6836b6b598529e4e413d24f0","timestamp":"2025-05-28T07:09:42.381Z"}
{"level":"info","message":"Emitting receiveMessage to user 67d845b5c9add2113fc80789: {\"_id\":\"6836b6b598529e4e413d24f0\",\"senderId\":\"679d530c96d06fa5dfab1ded\",\"receiverId\":\"67d845b5c9add2113fc80789\",\"text\":\"Is this item still available?Product: Nexus Television\",\"messageType\":\"text\",\"attachment\":null,\"chatPartnerName\":\"Chris Douglas\",\"status\":\"sent\",\"createdAt\":\"2025-05-28T07:09:41.928Z\"}","timestamp":"2025-05-28T07:09:42.390Z"}
{"level":"info","message":"Emitting newMessage to user 679d530c96d06fa5dfab1ded: {\"_id\":\"6836b6b598529e4e413d24f0\",\"senderId\":\"679d530c96d06fa5dfab1ded\",\"receiverId\":\"67d845b5c9add2113fc80789\",\"text\":\"Is this item still available?Product: Nexus Television\",\"messageType\":\"text\",\"attachment\":null,\"chatPartnerName\":\"Chris Douglas\",\"status\":\"sent\",\"createdAt\":\"2025-05-28T07:09:41.928Z\"}","timestamp":"2025-05-28T07:09:42.398Z"}
{"level":"info","message":"Sending FCM notification to user 67d845b5c9add2113fc80789 for message 6836b6b598529e4e413d24f0","timestamp":"2025-05-28T07:09:42.407Z"}
{"level":"info","message":"FCM notification sent to user 67d845b5c9add2113fc80789","timestamp":"2025-05-28T07:09:44.820Z"}
{"level":"info","message":"Triggering badge update for user 67d845b5c9add2113fc80789","timestamp":"2025-05-28T07:09:44.822Z"}
{"level":"info","message":"Fetched 1 messages between 679d530c96d06fa5dfab1ded and 67d845b5c9add2113fc80789","timestamp":"2025-05-28T07:10:27.937Z"}
{"level":"info","message":"Fetched 1 messages between 679d530c96d06fa5dfab1ded and 67d845b5c9add2113fc80789","timestamp":"2025-05-28T08:15:00.653Z"}
{"level":"info","message":"Message sent from 679d530c96d06fa5dfab1ded to 67d845b5c9add2113fc80789: 6836c60898529e4e413d28fd","timestamp":"2025-05-28T08:15:05.114Z"}
{"level":"info","message":"Emitting receiveMessage to user 67d845b5c9add2113fc80789: {\"_id\":\"6836c60898529e4e413d28fd\",\"senderId\":\"679d530c96d06fa5dfab1ded\",\"receiverId\":\"67d845b5c9add2113fc80789\",\"text\":\"Is this item still available?Product: Nexus Television\",\"messageType\":\"text\",\"attachment\":null,\"chatPartnerName\":\"Chris Douglas\",\"status\":\"sent\",\"createdAt\":\"2025-05-28T08:15:04.750Z\"}","timestamp":"2025-05-28T08:15:05.124Z"}
{"level":"info","message":"Emitting newMessage to user 679d530c96d06fa5dfab1ded: {\"_id\":\"6836c60898529e4e413d28fd\",\"senderId\":\"679d530c96d06fa5dfab1ded\",\"receiverId\":\"67d845b5c9add2113fc80789\",\"text\":\"Is this item still available?Product: Nexus Television\",\"messageType\":\"text\",\"attachment\":null,\"chatPartnerName\":\"Chris Douglas\",\"status\":\"sent\",\"createdAt\":\"2025-05-28T08:15:04.750Z\"}","timestamp":"2025-05-28T08:15:05.139Z"}
{"level":"info","message":"Sending FCM notification to user 67d845b5c9add2113fc80789 for message 6836c60898529e4e413d28fd","timestamp":"2025-05-28T08:15:05.146Z"}
{"level":"info","message":"FCM notification sent to user 67d845b5c9add2113fc80789","timestamp":"2025-05-28T08:15:08.059Z"}
{"level":"info","message":"Triggering badge update for user 67d845b5c9add2113fc80789","timestamp":"2025-05-28T08:15:08.062Z"}
{"level":"info","message":"Message sent from 679d530c96d06fa5dfab1ded to 67d845b5c9add2113fc80789: 6836c61e98529e4e413d2906","timestamp":"2025-05-28T08:15:26.923Z"}
{"level":"info","message":"Emitting receiveMessage to user 67d845b5c9add2113fc80789: {\"_id\":\"6836c61e98529e4e413d2906\",\"senderId\":\"679d530c96d06fa5dfab1ded\",\"receiverId\":\"67d845b5c9add2113fc80789\",\"text\":\"Hi\",\"messageType\":\"text\",\"attachment\":null,\"chatPartnerName\":\"Chris Douglas\",\"status\":\"sent\",\"createdAt\":\"2025-05-28T08:15:26.693Z\"}","timestamp":"2025-05-28T08:15:26.926Z"}
{"level":"info","message":"Emitting newMessage to user 679d530c96d06fa5dfab1ded: {\"_id\":\"6836c61e98529e4e413d2906\",\"senderId\":\"679d530c96d06fa5dfab1ded\",\"receiverId\":\"67d845b5c9add2113fc80789\",\"text\":\"Hi\",\"messageType\":\"text\",\"attachment\":null,\"chatPartnerName\":\"Chris Douglas\",\"status\":\"sent\",\"createdAt\":\"2025-05-28T08:15:26.693Z\"}","timestamp":"2025-05-28T08:15:26.929Z"}
{"level":"info","message":"Sending FCM notification to user 67d845b5c9add2113fc80789 for message 6836c61e98529e4e413d2906","timestamp":"2025-05-28T08:15:26.933Z"}
{"level":"info","message":"FCM notification sent to user 67d845b5c9add2113fc80789","timestamp":"2025-05-28T08:15:28.610Z"}
{"level":"info","message":"Triggering badge update for user 67d845b5c9add2113fc80789","timestamp":"2025-05-28T08:15:28.612Z"}
{"level":"info","message":"Message sent from 679d530c96d06fa5dfab1ded to 67d845b5c9add2113fc80789: 6836c62f98529e4e413d290f","timestamp":"2025-05-28T08:15:43.409Z"}
{"level":"info","message":"Emitting receiveMessage to user 67d845b5c9add2113fc80789: {\"_id\":\"6836c62f98529e4e413d290f\",\"senderId\":\"679d530c96d06fa5dfab1ded\",\"receiverId\":\"67d845b5c9add2113fc80789\",\"text\":\"Hello\",\"messageType\":\"text\",\"attachment\":null,\"chatPartnerName\":\"Chris Douglas\",\"status\":\"sent\",\"createdAt\":\"2025-05-28T08:15:43.100Z\"}","timestamp":"2025-05-28T08:15:43.413Z"}
{"level":"info","message":"Emitting newMessage to user 679d530c96d06fa5dfab1ded: {\"_id\":\"6836c62f98529e4e413d290f\",\"senderId\":\"679d530c96d06fa5dfab1ded\",\"receiverId\":\"67d845b5c9add2113fc80789\",\"text\":\"Hello\",\"messageType\":\"text\",\"attachment\":null,\"chatPartnerName\":\"Chris Douglas\",\"status\":\"sent\",\"createdAt\":\"2025-05-28T08:15:43.100Z\"}","timestamp":"2025-05-28T08:15:43.417Z"}
{"level":"info","message":"Sending FCM notification to user 67d845b5c9add2113fc80789 for message 6836c62f98529e4e413d290f","timestamp":"2025-05-28T08:15:43.421Z"}
{"level":"info","message":"FCM notification sent to user 67d845b5c9add2113fc80789","timestamp":"2025-05-28T08:15:44.808Z"}
{"level":"info","message":"Triggering badge update for user 67d845b5c9add2113fc80789","timestamp":"2025-05-28T08:15:44.810Z"}
{"level":"info","message":"Message sent from 679d530c96d06fa5dfab1ded to 67d845b5c9add2113fc80789: 6836c63d98529e4e413d2918","timestamp":"2025-05-28T08:15:57.927Z"}
{"level":"info","message":"Emitting receiveMessage to user 67d845b5c9add2113fc80789: {\"_id\":\"6836c63d98529e4e413d2918\",\"senderId\":\"679d530c96d06fa5dfab1ded\",\"receiverId\":\"67d845b5c9add2113fc80789\",\"text\":\"I'm coming\",\"messageType\":\"text\",\"attachment\":null,\"chatPartnerName\":\"Chris Douglas\",\"status\":\"sent\",\"createdAt\":\"2025-05-28T08:15:57.715Z\"}","timestamp":"2025-05-28T08:15:57.932Z"}
{"level":"info","message":"Emitting newMessage to user 679d530c96d06fa5dfab1ded: {\"_id\":\"6836c63d98529e4e413d2918\",\"senderId\":\"679d530c96d06fa5dfab1ded\",\"receiverId\":\"67d845b5c9add2113fc80789\",\"text\":\"I'm coming\",\"messageType\":\"text\",\"attachment\":null,\"chatPartnerName\":\"Chris Douglas\",\"status\":\"sent\",\"createdAt\":\"2025-05-28T08:15:57.715Z\"}","timestamp":"2025-05-28T08:15:57.936Z"}
{"level":"info","message":"Sending FCM notification to user 67d845b5c9add2113fc80789 for message 6836c63d98529e4e413d2918","timestamp":"2025-05-28T08:15:57.940Z"}
{"level":"info","message":"FCM notification sent to user 67d845b5c9add2113fc80789","timestamp":"2025-05-28T08:15:59.221Z"}
{"level":"info","message":"Triggering badge update for user 67d845b5c9add2113fc80789","timestamp":"2025-05-28T08:15:59.224Z"}
{"level":"info","message":"Fetched 5 messages between 679d530c96d06fa5dfab1ded and 67d845b5c9add2113fc80789","timestamp":"2025-05-28T08:24:31.174Z"}
{"level":"info","message":"Message sent from 679d530c96d06fa5dfab1ded to 67d845b5c9add2113fc80789: 6836c84898529e4e413d2a5a","timestamp":"2025-05-28T08:24:40.750Z"}
{"level":"info","message":"Emitting receiveMessage to user 67d845b5c9add2113fc80789: {\"_id\":\"6836c84898529e4e413d2a5a\",\"senderId\":\"679d530c96d06fa5dfab1ded\",\"receiverId\":\"67d845b5c9add2113fc80789\",\"text\":\"Is this item still available?Product: Nexus Television\",\"messageType\":\"text\",\"attachment\":null,\"chatPartnerName\":\"Chris Douglas\",\"status\":\"sent\",\"createdAt\":\"2025-05-28T08:24:40.452Z\"}","timestamp":"2025-05-28T08:24:40.755Z"}
{"level":"info","message":"Emitting newMessage to user 679d530c96d06fa5dfab1ded: {\"_id\":\"6836c84898529e4e413d2a5a\",\"senderId\":\"679d530c96d06fa5dfab1ded\",\"receiverId\":\"67d845b5c9add2113fc80789\",\"text\":\"Is this item still available?Product: Nexus Television\",\"messageType\":\"text\",\"attachment\":null,\"chatPartnerName\":\"Chris Douglas\",\"status\":\"sent\",\"createdAt\":\"2025-05-28T08:24:40.452Z\"}","timestamp":"2025-05-28T08:24:40.758Z"}
{"level":"info","message":"Sending FCM notification to user 67d845b5c9add2113fc80789 for message 6836c84898529e4e413d2a5a","timestamp":"2025-05-28T08:24:40.761Z"}
{"level":"info","message":"FCM notification sent to user 67d845b5c9add2113fc80789","timestamp":"2025-05-28T08:24:42.055Z"}
{"level":"info","message":"Triggering badge update for user 67d845b5c9add2113fc80789","timestamp":"2025-05-28T08:24:42.057Z"}
{"level":"info","message":"Message sent from 679d530c96d06fa5dfab1ded to 67d845b5c9add2113fc80789: 6836c85e98529e4e413d2a63","timestamp":"2025-05-28T08:25:02.951Z"}
{"level":"info","message":"Emitting receiveMessage to user 67d845b5c9add2113fc80789: {\"_id\":\"6836c85e98529e4e413d2a63\",\"senderId\":\"679d530c96d06fa5dfab1ded\",\"receiverId\":\"67d845b5c9add2113fc80789\",\"text\":\"Okay\",\"messageType\":\"text\",\"attachment\":null,\"chatPartnerName\":\"Chris Douglas\",\"status\":\"sent\",\"createdAt\":\"2025-05-28T08:25:02.755Z\"}","timestamp":"2025-05-28T08:25:02.956Z"}
{"level":"info","message":"Emitting newMessage to user 679d530c96d06fa5dfab1ded: {\"_id\":\"6836c85e98529e4e413d2a63\",\"senderId\":\"679d530c96d06fa5dfab1ded\",\"receiverId\":\"67d845b5c9add2113fc80789\",\"text\":\"Okay\",\"messageType\":\"text\",\"attachment\":null,\"chatPartnerName\":\"Chris Douglas\",\"status\":\"sent\",\"createdAt\":\"2025-05-28T08:25:02.755Z\"}","timestamp":"2025-05-28T08:25:02.960Z"}
{"level":"info","message":"Sending FCM notification to user 67d845b5c9add2113fc80789 for message 6836c85e98529e4e413d2a63","timestamp":"2025-05-28T08:25:02.964Z"}
{"level":"info","message":"FCM notification sent to user 67d845b5c9add2113fc80789","timestamp":"2025-05-28T08:25:04.210Z"}
{"level":"info","message":"Triggering badge update for user 67d845b5c9add2113fc80789","timestamp":"2025-05-28T08:25:04.213Z"}
{"level":"info","message":"Message sent from 679d530c96d06fa5dfab1ded to 67d845b5c9add2113fc80789: 6836c86c98529e4e413d2a6c","timestamp":"2025-05-28T08:25:16.493Z"}
{"level":"info","message":"Emitting receiveMessage to user 67d845b5c9add2113fc80789: {\"_id\":\"6836c86c98529e4e413d2a6c\",\"senderId\":\"679d530c96d06fa5dfab1ded\",\"receiverId\":\"67d845b5c9add2113fc80789\",\"text\":\"I'm coming oh\",\"messageType\":\"text\",\"attachment\":null,\"chatPartnerName\":\"Chris Douglas\",\"status\":\"sent\",\"createdAt\":\"2025-05-28T08:25:16.258Z\"}","timestamp":"2025-05-28T08:25:16.499Z"}
{"level":"info","message":"Emitting newMessage to user 679d530c96d06fa5dfab1ded: {\"_id\":\"6836c86c98529e4e413d2a6c\",\"senderId\":\"679d530c96d06fa5dfab1ded\",\"receiverId\":\"67d845b5c9add2113fc80789\",\"text\":\"I'm coming oh\",\"messageType\":\"text\",\"attachment\":null,\"chatPartnerName\":\"Chris Douglas\",\"status\":\"sent\",\"createdAt\":\"2025-05-28T08:25:16.258Z\"}","timestamp":"2025-05-28T08:25:16.504Z"}
{"level":"info","message":"Sending FCM notification to user 67d845b5c9add2113fc80789 for message 6836c86c98529e4e413d2a6c","timestamp":"2025-05-28T08:25:16.509Z"}
{"level":"info","message":"FCM notification sent to user 67d845b5c9add2113fc80789","timestamp":"2025-05-28T08:25:17.990Z"}
{"level":"info","message":"Triggering badge update for user 67d845b5c9add2113fc80789","timestamp":"2025-05-28T08:25:17.993Z"}
{"level":"info","message":"Fetched 1 latest messages for user 67d845b5c9add2113fc80789","timestamp":"2025-05-28T14:43:54.923Z"}
{"level":"info","message":"Fetched 1 latest messages for user 67d845b5c9add2113fc80789","timestamp":"2025-05-28T17:36:31.777Z"}
{"level":"info","message":"Fetched 1 latest messages for user 67d845b5c9add2113fc80789","timestamp":"2025-05-28T18:02:17.107Z"}
{"level":"info","message":"Fetched 8 messages between 67d845b5c9add2113fc80789 and 679d530c96d06fa5dfab1ded","timestamp":"2025-05-28T18:02:20.982Z"}
{"level":"info","message":"Message sent from 67d845b5c9add2113fc80789 to 679d530c96d06fa5dfab1ded: 68374fbcf7da160dbabee8e8","timestamp":"2025-05-28T18:02:36.829Z"}
{"level":"info","message":"Emitting receiveMessage to user 679d530c96d06fa5dfab1ded: {\"_id\":\"68374fbcf7da160dbabee8e8\",\"senderId\":\"67d845b5c9add2113fc80789\",\"receiverId\":\"679d530c96d06fa5dfab1ded\",\"text\":\"Please come\",\"messageType\":\"text\",\"attachment\":null,\"chatPartnerName\":\"Deborah Uche\",\"status\":\"sent\",\"createdAt\":\"2025-05-28T18:02:36.103Z\"}","timestamp":"2025-05-28T18:02:36.846Z"}
{"level":"info","message":"Emitting newMessage to user 67d845b5c9add2113fc80789: {\"_id\":\"68374fbcf7da160dbabee8e8\",\"senderId\":\"67d845b5c9add2113fc80789\",\"receiverId\":\"679d530c96d06fa5dfab1ded\",\"text\":\"Please come\",\"messageType\":\"text\",\"attachment\":null,\"chatPartnerName\":\"Deborah Uche\",\"status\":\"sent\",\"createdAt\":\"2025-05-28T18:02:36.103Z\"}","timestamp":"2025-05-28T18:02:36.854Z"}
{"level":"info","message":"Sending FCM notification to user 679d530c96d06fa5dfab1ded for message 68374fbcf7da160dbabee8e8","timestamp":"2025-05-28T18:02:36.864Z"}
{"level":"info","message":"FCM notification sent to user 679d530c96d06fa5dfab1ded","timestamp":"2025-05-28T18:02:40.786Z"}
{"level":"info","message":"Triggering badge update for user 679d530c96d06fa5dfab1ded","timestamp":"2025-05-28T18:02:40.788Z"}
{"level":"info","message":"Fetched 9 messages between 67d845b5c9add2113fc80789 and 679d530c96d06fa5dfab1ded","timestamp":"2025-05-28T18:03:25.548Z"}
{"level":"info","message":"Fetched 9 messages between 67d845b5c9add2113fc80789 and 679d530c96d06fa5dfab1ded","timestamp":"2025-05-28T18:03:47.267Z"}
{"level":"info","message":"Fetched 0 messages between 67d845b5c9add2113fc80789 and 67ea85392bdcf76cec54ff60","timestamp":"2025-05-28T18:03:53.864Z"}
{"level":"info","message":"Message sent from 67d845b5c9add2113fc80789 to 67ea85392bdcf76cec54ff60: 6837500cf7da160dbabee901","timestamp":"2025-05-28T18:03:56.903Z"}
{"level":"info","message":"Emitting receiveMessage to user 67ea85392bdcf76cec54ff60: {\"_id\":\"6837500cf7da160dbabee901\",\"senderId\":\"67d845b5c9add2113fc80789\",\"receiverId\":\"67ea85392bdcf76cec54ff60\",\"text\":\"Do you still need this item\",\"messageType\":\"text\",\"attachment\":null,\"chatPartnerName\":\"Deborah Uche\",\"status\":\"sent\",\"createdAt\":\"2025-05-28T18:03:56.673Z\"}","timestamp":"2025-05-28T18:03:56.909Z"}
{"level":"info","message":"Emitting newMessage to user 67d845b5c9add2113fc80789: {\"_id\":\"6837500cf7da160dbabee901\",\"senderId\":\"67d845b5c9add2113fc80789\",\"receiverId\":\"67ea85392bdcf76cec54ff60\",\"text\":\"Do you still need this item\",\"messageType\":\"text\",\"attachment\":null,\"chatPartnerName\":\"Deborah Uche\",\"status\":\"sent\",\"createdAt\":\"2025-05-28T18:03:56.673Z\"}","timestamp":"2025-05-28T18:03:56.923Z"}
{"level":"info","message":"Sending FCM notification to user 67ea85392bdcf76cec54ff60 for message 6837500cf7da160dbabee901","timestamp":"2025-05-28T18:03:56.929Z"}
{"level":"info","message":"FCM notification sent to user 67ea85392bdcf76cec54ff60","timestamp":"2025-05-28T18:03:58.246Z"}
{"level":"info","message":"Triggering badge update for user 67ea85392bdcf76cec54ff60","timestamp":"2025-05-28T18:03:58.248Z"}
{"level":"info","message":"Fetched 2 latest messages for user 67d845b5c9add2113fc80789","timestamp":"2025-05-28T18:04:01.427Z"}
{"level":"info","message":"Fetched 9 messages between 67d845b5c9add2113fc80789 and 679d530c96d06fa5dfab1ded","timestamp":"2025-05-28T18:04:06.000Z"}
{"level":"info","message":"Message sent from 67d845b5c9add2113fc80789 to 679d530c96d06fa5dfab1ded: 6837501af7da160dbabee916","timestamp":"2025-05-28T18:04:11.066Z"}
{"level":"info","message":"Emitting receiveMessage to user 679d530c96d06fa5dfab1ded: {\"_id\":\"6837501af7da160dbabee916\",\"senderId\":\"67d845b5c9add2113fc80789\",\"receiverId\":\"679d530c96d06fa5dfab1ded\",\"text\":\"How far na?\",\"messageType\":\"text\",\"attachment\":null,\"chatPartnerName\":\"Deborah Uche\",\"status\":\"sent\",\"createdAt\":\"2025-05-28T18:04:10.866Z\"}","timestamp":"2025-05-28T18:04:11.069Z"}
{"level":"info","message":"Emitting newMessage to user 67d845b5c9add2113fc80789: {\"_id\":\"6837501af7da160dbabee916\",\"senderId\":\"67d845b5c9add2113fc80789\",\"receiverId\":\"679d530c96d06fa5dfab1ded\",\"text\":\"How far na?\",\"messageType\":\"text\",\"attachment\":null,\"chatPartnerName\":\"Deborah Uche\",\"status\":\"sent\",\"createdAt\":\"2025-05-28T18:04:10.866Z\"}","timestamp":"2025-05-28T18:04:11.072Z"}
{"level":"info","message":"Sending FCM notification to user 679d530c96d06fa5dfab1ded for message 6837501af7da160dbabee916","timestamp":"2025-05-28T18:04:11.075Z"}
{"level":"info","message":"FCM notification sent to user 679d530c96d06fa5dfab1ded","timestamp":"2025-05-28T18:04:12.448Z"}
{"level":"info","message":"Triggering badge update for user 679d530c96d06fa5dfab1ded","timestamp":"2025-05-28T18:04:12.450Z"}
{"level":"info","message":"Fetched 2 latest messages for user 67d845b5c9add2113fc80789","timestamp":"2025-05-28T18:10:59.819Z"}
{"level":"info","message":"Fetched 2 latest messages for user 67d845b5c9add2113fc80789","timestamp":"2025-05-28T18:15:53.462Z"}
{"level":"info","message":"Fetched 10 messages between 67d845b5c9add2113fc80789 and 679d530c96d06fa5dfab1ded","timestamp":"2025-05-28T18:15:57.563Z"}
{"level":"info","message":"Fetched 1 messages between 67d845b5c9add2113fc80789 and 67ea85392bdcf76cec54ff60","timestamp":"2025-05-28T18:16:19.032Z"}
{"level":"info","message":"Message sent from 67d845b5c9add2113fc80789 to 67ea85392bdcf76cec54ff60: 683752f6f7da160dbabee954","timestamp":"2025-05-28T18:16:22.562Z"}
{"level":"info","message":"Emitting receiveMessage to user 67ea85392bdcf76cec54ff60: {\"_id\":\"683752f6f7da160dbabee954\",\"senderId\":\"67d845b5c9add2113fc80789\",\"receiverId\":\"67ea85392bdcf76cec54ff60\",\"text\":\"Okay\",\"messageType\":\"text\",\"attachment\":null,\"chatPartnerName\":\"Deborah Uche\",\"status\":\"sent\",\"createdAt\":\"2025-05-28T18:16:22.325Z\"}","timestamp":"2025-05-28T18:16:22.565Z"}
{"level":"info","message":"Emitting newMessage to user 67d845b5c9add2113fc80789: {\"_id\":\"683752f6f7da160dbabee954\",\"senderId\":\"67d845b5c9add2113fc80789\",\"receiverId\":\"67ea85392bdcf76cec54ff60\",\"text\":\"Okay\",\"messageType\":\"text\",\"attachment\":null,\"chatPartnerName\":\"Deborah Uche\",\"status\":\"sent\",\"createdAt\":\"2025-05-28T18:16:22.325Z\"}","timestamp":"2025-05-28T18:16:22.567Z"}
{"level":"info","message":"Sending FCM notification to user 67ea85392bdcf76cec54ff60 for message 683752f6f7da160dbabee954","timestamp":"2025-05-28T18:16:22.569Z"}
{"level":"info","message":"FCM notification sent to user 67ea85392bdcf76cec54ff60","timestamp":"2025-05-28T18:16:24.079Z"}
{"level":"info","message":"Triggering badge update for user 67ea85392bdcf76cec54ff60","timestamp":"2025-05-28T18:16:24.080Z"}
{"level":"info","message":"Fetched 1 latest messages for user 67b6fbdedfb7a20620fcb1d1","timestamp":"2025-05-29T18:09:39.835Z"}
