{"level":"info","message":"Notification preferences for user 67b6fbdedfb7a20620fcb1d1: {\"comments\":true,\"delivery\":true,\"follows\":true,\"likes\":true,\"messages\":true,\"payments\":true}","timestamp":"2025-05-25T22:24:58.354Z"}
{"level":"info","message":"User 67b6fbdedfb7a20620fcb1d1 has disabled like notifications","timestamp":"2025-05-25T22:24:58.356Z"}
{"level":"info","message":"Notification preferences for user 679d530c96d06fa5dfab1ded: {\"comments\":true,\"delivery\":true,\"follows\":true,\"likes\":true,\"messages\":true,\"payments\":true}","timestamp":"2025-05-26T09:36:51.531Z"}
{"level":"info","message":"Preparing FCM message for user 679d530c96d06fa5dfab1ded: {\"token\":\"cetKJBr-HVosOekK4_MS-j:APA91bFHKFmmCcWLvQ7lIW_yWPGICvWvgCeSkGkV8tm4632UFLRIAFkPbtjUTlcTYcQMop7QMSHQVA0NnXezT_NwH7x0izpaSIyJ93sPD0JbtR4DIDGXG5Q\",\"notification\":{\"title\":\"New Like\",\"body\":\"Deborah Uche liked your post\"},\"data\":{\"type\":\"like\",\"postId\":\"6833ae4809ee8386c11e36ea\",\"userId\":\"679d530c96d06fa5dfab1ded\"},\"webpush\":{\"headers\":{\"Urgency\":\"high\"},\"notification\":{\"icon\":\"https://salmart.vercel.app/favicon.ico\",\"image\":null,\"requireInteraction\":true}}}","timestamp":"2025-05-26T09:36:51.533Z"}
{"level":"info","message":"FCM notification sent to user 679d530c96d06fa5dfab1ded: New Like","timestamp":"2025-05-26T09:36:53.353Z"}
{"level":"info","message":"Emitted badge-update for user 679d530c96d06fa5dfab1ded: type=like, count=3","timestamp":"2025-05-26T09:36:53.543Z"}
{"level":"info","message":"Notification preferences for user 679d530c96d06fa5dfab1ded: {\"comments\":true,\"delivery\":true,\"follows\":true,\"likes\":true,\"messages\":true,\"payments\":true}","timestamp":"2025-05-26T09:48:29.907Z"}
{"level":"info","message":"Preparing FCM message for user 679d530c96d06fa5dfab1ded: {\"token\":\"cetKJBr-HVosOekK4_MS-j:APA91bFHKFmmCcWLvQ7lIW_yWPGICvWvgCeSkGkV8tm4632UFLRIAFkPbtjUTlcTYcQMop7QMSHQVA0NnXezT_NwH7x0izpaSIyJ93sPD0JbtR4DIDGXG5Q\",\"notification\":{\"title\":\"New Like\",\"body\":\"Deborah Uche liked your post\"},\"data\":{\"type\":\"like\",\"postId\":\"6833ae4809ee8386c11e36ea\",\"userId\":\"679d530c96d06fa5dfab1ded\"},\"webpush\":{\"headers\":{\"Urgency\":\"high\"},\"notification\":{\"icon\":\"https://salmart.vercel.app/favicon.ico\",\"image\":null,\"requireInteraction\":true}}}","timestamp":"2025-05-26T09:48:29.910Z"}
{"level":"info","message":"FCM notification sent to user 679d530c96d06fa5dfab1ded: New Like","timestamp":"2025-05-26T09:48:31.960Z"}
{"level":"info","message":"Emitted badge-update for user 679d530c96d06fa5dfab1ded: type=like, count=4","timestamp":"2025-05-26T09:48:32.186Z"}
{"level":"info","message":"Notification preferences for user 679d530c96d06fa5dfab1ded: {\"comments\":true,\"delivery\":true,\"follows\":true,\"likes\":true,\"messages\":true,\"payments\":true}","timestamp":"2025-05-26T09:48:52.434Z"}
{"level":"info","message":"Preparing FCM message for user 679d530c96d06fa5dfab1ded: {\"token\":\"cetKJBr-HVosOekK4_MS-j:APA91bFHKFmmCcWLvQ7lIW_yWPGICvWvgCeSkGkV8tm4632UFLRIAFkPbtjUTlcTYcQMop7QMSHQVA0NnXezT_NwH7x0izpaSIyJ93sPD0JbtR4DIDGXG5Q\",\"notification\":{\"title\":\"New Comment\",\"body\":\"Deborah Uche commented on your post\"},\"data\":{\"type\":\"comment\",\"postId\":\"6833ae4809ee8386c11e36ea\",\"userId\":\"679d530c96d06fa5dfab1ded\"},\"webpush\":{\"headers\":{\"Urgency\":\"high\"},\"notification\":{\"icon\":\"https://salmart.vercel.app/favicon.ico\",\"image\":null,\"requireInteraction\":true}}}","timestamp":"2025-05-26T09:48:52.436Z"}
{"level":"info","message":"FCM notification sent to user 679d530c96d06fa5dfab1ded: New Comment","timestamp":"2025-05-26T09:48:53.047Z"}
{"level":"info","message":"Emitted badge-update for user 679d530c96d06fa5dfab1ded: type=comment, count=5","timestamp":"2025-05-26T09:48:53.246Z"}
{"level":"info","message":"Notification preferences for user 679d530c96d06fa5dfab1ded: {\"comments\":true,\"delivery\":true,\"follows\":true,\"likes\":true,\"messages\":true,\"payments\":true}","timestamp":"2025-05-26T09:49:15.746Z"}
{"level":"info","message":"Preparing FCM message for user 679d530c96d06fa5dfab1ded: {\"token\":\"cetKJBr-HVosOekK4_MS-j:APA91bFHKFmmCcWLvQ7lIW_yWPGICvWvgCeSkGkV8tm4632UFLRIAFkPbtjUTlcTYcQMop7QMSHQVA0NnXezT_NwH7x0izpaSIyJ93sPD0JbtR4DIDGXG5Q\",\"notification\":{\"title\":\"New Reply\",\"body\":\"Deborah Uche replied to your comment\"},\"data\":{\"type\":\"reply\",\"postId\":\"6833ae4809ee8386c11e36ea\",\"commentId\":\"6834390335be9a9bcf5294e0\",\"userId\":\"679d530c96d06fa5dfab1ded\"},\"webpush\":{\"headers\":{\"Urgency\":\"high\"},\"notification\":{\"icon\":\"https://salmart.vercel.app/favicon.ico\",\"image\":null,\"requireInteraction\":true}}}","timestamp":"2025-05-26T09:49:15.748Z"}
{"level":"info","message":"FCM notification sent to user 679d530c96d06fa5dfab1ded: New Reply","timestamp":"2025-05-26T09:49:16.431Z"}
{"level":"info","message":"Emitted badge-update for user 679d530c96d06fa5dfab1ded: type=reply, count=6","timestamp":"2025-05-26T09:49:16.821Z"}
{"level":"info","message":"Notification preferences for user 67ea85392bdcf76cec54ff60: {\"comments\":true,\"delivery\":true,\"follows\":true,\"likes\":true,\"messages\":true,\"payments\":true}","timestamp":"2025-05-26T12:34:12.509Z"}
{"level":"info","message":"Preparing FCM message for user 67ea85392bdcf76cec54ff60: {\"token\":\"cetKJBr-HVosOekK4_MS-j:APA91bFHKFmmCcWLvQ7lIW_yWPGICvWvgCeSkGkV8tm4632UFLRIAFkPbtjUTlcTYcQMop7QMSHQVA0NnXezT_NwH7x0izpaSIyJ93sPD0JbtR4DIDGXG5Q\",\"notification\":{\"title\":\"New Like\",\"body\":\"Janet Mike liked your post\"},\"data\":{\"type\":\"like\",\"postId\":\"683011389f70f3eeb2f30a4d\",\"userId\":\"67ea85392bdcf76cec54ff60\"},\"webpush\":{\"headers\":{\"Urgency\":\"high\"},\"notification\":{\"icon\":\"https://salmart.vercel.app/favicon.ico\",\"image\":null,\"requireInteraction\":true}}}","timestamp":"2025-05-26T12:34:12.513Z"}
{"level":"info","message":"FCM notification sent to user 67ea85392bdcf76cec54ff60: New Like","timestamp":"2025-05-26T12:34:14.777Z"}
{"level":"info","message":"Emitted badge-update for user 67ea85392bdcf76cec54ff60: type=like, count=4","timestamp":"2025-05-26T12:34:15.186Z"}
{"level":"info","message":"Notification preferences for user 679d530c96d06fa5dfab1ded: {\"comments\":true,\"delivery\":true,\"follows\":true,\"likes\":true,\"messages\":true,\"payments\":true}","timestamp":"2025-05-26T12:34:18.963Z"}
{"level":"info","message":"Preparing FCM message for user 679d530c96d06fa5dfab1ded: {\"token\":\"cetKJBr-HVosOekK4_MS-j:APA91bFHKFmmCcWLvQ7lIW_yWPGICvWvgCeSkGkV8tm4632UFLRIAFkPbtjUTlcTYcQMop7QMSHQVA0NnXezT_NwH7x0izpaSIyJ93sPD0JbtR4DIDGXG5Q\",\"notification\":{\"title\":\"New Like\",\"body\":\"Janet Mike liked your post\"},\"data\":{\"type\":\"like\",\"postId\":\"682f12c709ee8386c11e3599\",\"userId\":\"679d530c96d06fa5dfab1ded\"},\"webpush\":{\"headers\":{\"Urgency\":\"high\"},\"notification\":{\"icon\":\"https://salmart.vercel.app/favicon.ico\",\"image\":null,\"requireInteraction\":true}}}","timestamp":"2025-05-26T12:34:18.965Z"}
{"level":"info","message":"FCM notification sent to user 679d530c96d06fa5dfab1ded: New Like","timestamp":"2025-05-26T12:34:19.240Z"}
{"level":"info","message":"Emitted badge-update for user 679d530c96d06fa5dfab1ded: type=like, count=7","timestamp":"2025-05-26T12:34:19.577Z"}
{"level":"info","message":"Notification preferences for user 679d530c96d06fa5dfab1ded: {\"comments\":true,\"delivery\":true,\"follows\":true,\"likes\":true,\"messages\":true,\"payments\":true}","timestamp":"2025-05-26T12:34:42.041Z"}
{"level":"info","message":"Preparing FCM message for user 679d530c96d06fa5dfab1ded: {\"token\":\"cetKJBr-HVosOekK4_MS-j:APA91bFHKFmmCcWLvQ7lIW_yWPGICvWvgCeSkGkV8tm4632UFLRIAFkPbtjUTlcTYcQMop7QMSHQVA0NnXezT_NwH7x0izpaSIyJ93sPD0JbtR4DIDGXG5Q\",\"notification\":{\"title\":\"New Comment\",\"body\":\"Janet Mike commented on your post\"},\"data\":{\"type\":\"comment\",\"postId\":\"682f12c709ee8386c11e3599\",\"userId\":\"679d530c96d06fa5dfab1ded\"},\"webpush\":{\"headers\":{\"Urgency\":\"high\"},\"notification\":{\"icon\":\"https://salmart.vercel.app/favicon.ico\",\"image\":null,\"requireInteraction\":true}}}","timestamp":"2025-05-26T12:34:42.044Z"}
{"level":"info","message":"FCM notification sent to user 679d530c96d06fa5dfab1ded: New Comment","timestamp":"2025-05-26T12:34:42.812Z"}
{"level":"info","message":"Emitted badge-update for user 679d530c96d06fa5dfab1ded: type=comment, count=8","timestamp":"2025-05-26T12:34:43.187Z"}
{"level":"info","message":"Notification preferences for user 67d845b5c9add2113fc80789: {\"comments\":true,\"delivery\":true,\"follows\":true,\"likes\":true,\"messages\":true,\"payments\":true}","timestamp":"2025-05-26T12:47:50.310Z"}
{"level":"info","message":"Preparing FCM message for user 67d845b5c9add2113fc80789: {\"token\":\"cetKJBr-HVosOekK4_MS-j:APA91bFHKFmmCcWLvQ7lIW_yWPGICvWvgCeSkGkV8tm4632UFLRIAFkPbtjUTlcTYcQMop7QMSHQVA0NnXezT_NwH7x0izpaSIyJ93sPD0JbtR4DIDGXG5Q\",\"notification\":{\"title\":\"New Like\",\"body\":\"Chris Douglas liked your post\"},\"data\":{\"type\":\"like\",\"postId\":\"68333db1f347d36ae35c50d3\",\"userId\":\"67d845b5c9add2113fc80789\"},\"webpush\":{\"headers\":{\"Urgency\":\"high\"},\"notification\":{\"icon\":\"https://salmart.vercel.app/favicon.ico\",\"image\":null,\"requireInteraction\":true}}}","timestamp":"2025-05-26T12:47:50.314Z"}
{"level":"info","message":"FCM notification sent to user 67d845b5c9add2113fc80789: New Like","timestamp":"2025-05-26T12:47:52.260Z"}
{"level":"info","message":"Emitted badge-update for user 67d845b5c9add2113fc80789: type=like, count=1","timestamp":"2025-05-26T12:47:52.658Z"}
{"level":"info","message":"Notification preferences for user 67b6fbdedfb7a20620fcb1d1: {\"comments\":true,\"delivery\":true,\"follows\":true,\"likes\":true,\"messages\":true,\"payments\":true}","timestamp":"2025-05-26T12:48:04.493Z"}
{"level":"info","message":"Preparing FCM message for user 67b6fbdedfb7a20620fcb1d1: {\"token\":\"cetKJBr-HVosOekK4_MS-j:APA91bFHKFmmCcWLvQ7lIW_yWPGICvWvgCeSkGkV8tm4632UFLRIAFkPbtjUTlcTYcQMop7QMSHQVA0NnXezT_NwH7x0izpaSIyJ93sPD0JbtR4DIDGXG5Q\",\"notification\":{\"title\":\"New Like\",\"body\":\"Chris Douglas liked your post\"},\"data\":{\"type\":\"like\",\"postId\":\"683084e19dfdbac733a908d6\",\"userId\":\"67b6fbdedfb7a20620fcb1d1\"},\"webpush\":{\"headers\":{\"Urgency\":\"high\"},\"notification\":{\"icon\":\"https://salmart.vercel.app/favicon.ico\",\"image\":null,\"requireInteraction\":true}}}","timestamp":"2025-05-26T12:48:04.496Z"}
{"level":"info","message":"FCM notification sent to user 67b6fbdedfb7a20620fcb1d1: New Like","timestamp":"2025-05-26T12:48:05.257Z"}
{"level":"info","message":"Emitted badge-update for user 67b6fbdedfb7a20620fcb1d1: type=like, count=1","timestamp":"2025-05-26T12:48:05.625Z"}
{"level":"info","message":"Notification preferences for user 67d845b5c9add2113fc80789: {\"comments\":true,\"delivery\":true,\"follows\":true,\"likes\":true,\"messages\":true,\"payments\":true}","timestamp":"2025-05-26T12:48:52.863Z"}
{"level":"info","message":"Preparing FCM message for user 67d845b5c9add2113fc80789: {\"token\":\"cetKJBr-HVosOekK4_MS-j:APA91bFHKFmmCcWLvQ7lIW_yWPGICvWvgCeSkGkV8tm4632UFLRIAFkPbtjUTlcTYcQMop7QMSHQVA0NnXezT_NwH7x0izpaSIyJ93sPD0JbtR4DIDGXG5Q\",\"notification\":{\"title\":\"New Comment\",\"body\":\"Chris Douglas commented on your post\"},\"data\":{\"type\":\"comment\",\"postId\":\"68333db1f347d36ae35c50d3\",\"userId\":\"67d845b5c9add2113fc80789\"},\"webpush\":{\"headers\":{\"Urgency\":\"high\"},\"notification\":{\"icon\":\"https://salmart.vercel.app/favicon.ico\",\"image\":null,\"requireInteraction\":true}}}","timestamp":"2025-05-26T12:48:52.866Z"}
{"level":"info","message":"FCM notification sent to user 67d845b5c9add2113fc80789: New Comment","timestamp":"2025-05-26T12:48:53.602Z"}
{"level":"info","message":"Emitted badge-update for user 67d845b5c9add2113fc80789: type=comment, count=2","timestamp":"2025-05-26T12:48:54.028Z"}
{"level":"info","message":"Notification preferences for user 67b6fbdedfb7a20620fcb1d1: {\"comments\":true,\"delivery\":true,\"follows\":true,\"likes\":true,\"messages\":true,\"payments\":true}","timestamp":"2025-05-26T13:24:17.688Z"}
{"level":"info","message":"Preparing FCM message for user 67b6fbdedfb7a20620fcb1d1: {\"token\":\"cetKJBr-HVosOekK4_MS-j:APA91bFHKFmmCcWLvQ7lIW_yWPGICvWvgCeSkGkV8tm4632UFLRIAFkPbtjUTlcTYcQMop7QMSHQVA0NnXezT_NwH7x0izpaSIyJ93sPD0JbtR4DIDGXG5Q\",\"notification\":{\"title\":\"New Like\",\"body\":\"Deborah Uche liked your post\"},\"data\":{\"type\":\"like\",\"postId\":\"682cb2305c7c70e05710cd88\",\"userId\":\"67b6fbdedfb7a20620fcb1d1\"},\"webpush\":{\"headers\":{\"Urgency\":\"high\"},\"notification\":{\"icon\":\"https://salmart.vercel.app/favicon.ico\",\"image\":null,\"requireInteraction\":true}}}","timestamp":"2025-05-26T13:24:17.690Z"}
{"level":"info","message":"FCM notification sent to user 67b6fbdedfb7a20620fcb1d1: New Like","timestamp":"2025-05-26T13:24:18.523Z"}
{"level":"info","message":"Emitted badge-update for user 67b6fbdedfb7a20620fcb1d1: type=like, count=2","timestamp":"2025-05-26T13:24:18.938Z"}
{"level":"info","message":"Notification preferences for user 67b6fbdedfb7a20620fcb1d1: {\"comments\":true,\"delivery\":true,\"follows\":true,\"likes\":true,\"messages\":true,\"payments\":true}","timestamp":"2025-05-26T14:37:46.699Z"}
{"level":"info","message":"Preparing FCM message for user 67b6fbdedfb7a20620fcb1d1: {\"token\":\"cetKJBr-HVosOekK4_MS-j:APA91bFHKFmmCcWLvQ7lIW_yWPGICvWvgCeSkGkV8tm4632UFLRIAFkPbtjUTlcTYcQMop7QMSHQVA0NnXezT_NwH7x0izpaSIyJ93sPD0JbtR4DIDGXG5Q\",\"notification\":{\"title\":\"New Like\",\"body\":\"Deborah Uche liked your post\"},\"data\":{\"type\":\"like\",\"postId\":\"683084e19dfdbac733a908d6\",\"userId\":\"67b6fbdedfb7a20620fcb1d1\"},\"webpush\":{\"headers\":{\"Urgency\":\"high\"},\"notification\":{\"icon\":\"https://salmart.vercel.app/favicon.ico\",\"image\":null,\"requireInteraction\":true}}}","timestamp":"2025-05-26T14:37:46.701Z"}
{"level":"info","message":"FCM notification sent to user 67b6fbdedfb7a20620fcb1d1: New Like","timestamp":"2025-05-26T14:37:50.900Z"}
{"level":"info","message":"Emitted badge-update for user 67b6fbdedfb7a20620fcb1d1: type=like, count=0","timestamp":"2025-05-26T14:37:51.320Z"}
{"level":"info","message":"Notification preferences for user 67b6fbdedfb7a20620fcb1d1: {\"comments\":true,\"delivery\":true,\"follows\":true,\"likes\":true,\"messages\":true,\"payments\":true}","timestamp":"2025-05-26T14:41:03.941Z"}
{"level":"info","message":"Preparing FCM message for user 67b6fbdedfb7a20620fcb1d1: {\"token\":\"cetKJBr-HVosOekK4_MS-j:APA91bFHKFmmCcWLvQ7lIW_yWPGICvWvgCeSkGkV8tm4632UFLRIAFkPbtjUTlcTYcQMop7QMSHQVA0NnXezT_NwH7x0izpaSIyJ93sPD0JbtR4DIDGXG5Q\",\"notification\":{\"title\":\"New Comment\",\"body\":\"Deborah Uche commented on your post\"},\"data\":{\"type\":\"comment\",\"postId\":\"683084e19dfdbac733a908d6\",\"userId\":\"67b6fbdedfb7a20620fcb1d1\"},\"webpush\":{\"headers\":{\"Urgency\":\"high\"},\"notification\":{\"icon\":\"https://salmart.vercel.app/favicon.ico\",\"image\":null,\"requireInteraction\":true}}}","timestamp":"2025-05-26T14:41:03.945Z"}
{"level":"info","message":"FCM notification sent to user 67b6fbdedfb7a20620fcb1d1: New Comment","timestamp":"2025-05-26T14:41:04.739Z"}
{"level":"info","message":"Emitted badge-update for user 67b6fbdedfb7a20620fcb1d1: type=comment, count=0","timestamp":"2025-05-26T14:41:05.249Z"}
{"level":"info","message":"Notification preferences for user 67d845b5c9add2113fc80789: {\"comments\":true,\"delivery\":true,\"follows\":true,\"likes\":true,\"messages\":true,\"payments\":true}","timestamp":"2025-05-26T16:01:15.597Z"}
{"level":"info","message":"Preparing FCM message for user 67d845b5c9add2113fc80789: {\"token\":\"cetKJBr-HVosOekK4_MS-j:APA91bFHKFmmCcWLvQ7lIW_yWPGICvWvgCeSkGkV8tm4632UFLRIAFkPbtjUTlcTYcQMop7QMSHQVA0NnXezT_NwH7x0izpaSIyJ93sPD0JbtR4DIDGXG5Q\",\"notification\":{\"title\":\"New Comment\",\"body\":\"Janet Mike commented on your post\"},\"data\":{\"type\":\"comment\",\"postId\":\"68333db1f347d36ae35c50d3\",\"userId\":\"67d845b5c9add2113fc80789\"},\"android\":{\"priority\":\"high\"},\"apns\":{\"headers\":{\"apns-priority\":\"10\"}},\"webpush\":{\"headers\":{\"Urgency\":\"high\"},\"notification\":{\"icon\":\"https://salmart.vercel.app/favicon.ico\",\"image\":null,\"requireInteraction\":true}}}","timestamp":"2025-05-26T16:01:15.601Z"}
{"level":"info","message":"FCM notification sent to user 67d845b5c9add2113fc80789: New Comment, Response: projects/salmart-330ab/messages/15706010-3109-404f-bfc4-fd3bc4c03369","timestamp":"2025-05-26T16:01:17.554Z"}
{"level":"info","message":"Emitted badge-update for user 67d845b5c9add2113fc80789: type=comment, count=1","timestamp":"2025-05-26T16:01:17.948Z"}
{"level":"info","message":"Notification preferences for user 67d845b5c9add2113fc80789: {\"comments\":true,\"delivery\":true,\"follows\":true,\"likes\":true,\"messages\":true,\"payments\":true}","timestamp":"2025-05-26T16:01:21.152Z"}
{"level":"info","message":"Preparing FCM message for user 67d845b5c9add2113fc80789: {\"token\":\"cetKJBr-HVosOekK4_MS-j:APA91bFHKFmmCcWLvQ7lIW_yWPGICvWvgCeSkGkV8tm4632UFLRIAFkPbtjUTlcTYcQMop7QMSHQVA0NnXezT_NwH7x0izpaSIyJ93sPD0JbtR4DIDGXG5Q\",\"notification\":{\"title\":\"New Like\",\"body\":\"Janet Mike liked your post\"},\"data\":{\"type\":\"like\",\"postId\":\"68333db1f347d36ae35c50d3\",\"userId\":\"67d845b5c9add2113fc80789\"},\"android\":{\"priority\":\"high\"},\"apns\":{\"headers\":{\"apns-priority\":\"10\"}},\"webpush\":{\"headers\":{\"Urgency\":\"high\"},\"notification\":{\"icon\":\"https://salmart.vercel.app/favicon.ico\",\"image\":null,\"requireInteraction\":true}}}","timestamp":"2025-05-26T16:01:21.155Z"}
{"level":"info","message":"FCM notification sent to user 67d845b5c9add2113fc80789: New Like, Response: projects/salmart-330ab/messages/445a31d5-34ed-4389-a902-511077223fc1","timestamp":"2025-05-26T16:01:21.472Z"}
{"level":"info","message":"Emitted badge-update for user 67d845b5c9add2113fc80789: type=like, count=2","timestamp":"2025-05-26T16:01:21.888Z"}
