{"level":"warn","message":"Missing transactionReference, postId, or buyerId in /payment-success","timestamp":"2025-05-26T09:38:35.795Z"}
{"level":"warn","message":"Missing transactionReference, postId, or buyerId in /payment-success","timestamp":"2025-05-26T09:38:35.849Z"}
{"level":"warn","message":"Missing transactionReference, postId, or buyerId in /payment-success","timestamp":"2025-05-26T09:38:35.936Z"}
{"level":"warn","message":"Missing transactionReference, postId, or buyerId in /payment-success","timestamp":"2025-05-26T09:38:35.981Z"}
{"level":"warn","message":"Missing transactionReference, postId, or buyerId in /payment-success","timestamp":"2025-05-26T09:38:36.043Z"}
{"level":"warn","message":"Missing transactionReference, postId, or buyerId in /payment-success","timestamp":"2025-05-26T09:38:36.075Z"}
{"level":"warn","message":"Missing transactionReference, postId, or buyerId in /payment-success","timestamp":"2025-05-26T09:38:36.375Z"}
{"level":"warn","message":"Missing transactionReference, postId, or buyerId in /payment-success","timestamp":"2025-05-26T09:38:36.409Z"}
{"level":"warn","message":"Missing transactionReference, postId, or buyerId in /payment-success","timestamp":"2025-05-26T09:38:37.950Z"}
{"level":"warn","message":"Missing transactionReference, postId, or buyerId in /payment-success","timestamp":"2025-05-26T09:49:50.653Z"}
{"level":"warn","message":"Missing transactionReference, postId, or buyerId in /payment-success","timestamp":"2025-05-26T09:49:50.706Z"}
{"level":"warn","message":"Missing transactionReference, postId, or buyerId in /payment-success","timestamp":"2025-05-26T09:49:50.792Z"}
{"level":"warn","message":"Missing transactionReference, postId, or buyerId in /payment-success","timestamp":"2025-05-26T09:49:50.830Z"}
{"level":"warn","message":"Missing transactionReference, postId, or buyerId in /payment-success","timestamp":"2025-05-26T09:49:50.884Z"}
{"level":"warn","message":"Missing transactionReference, postId, or buyerId in /payment-success","timestamp":"2025-05-26T09:49:50.913Z"}
{"level":"warn","message":"Missing transactionReference, postId, or buyerId in /payment-success","timestamp":"2025-05-26T09:49:51.174Z"}
{"level":"warn","message":"Missing transactionReference, postId, or buyerId in /payment-success","timestamp":"2025-05-26T09:49:51.203Z"}
{"level":"warn","message":"Missing transactionReference, postId, or buyerId in /payment-success","timestamp":"2025-05-26T09:49:52.553Z"}
{"level":"warn","message":"Missing transactionReference, postId, or buyerId in /payment-success","timestamp":"2025-05-26T12:06:36.335Z"}
{"level":"warn","message":"Missing transactionReference, postId, or buyerId in /payment-success","timestamp":"2025-05-26T12:06:36.398Z"}
{"level":"warn","message":"Missing transactionReference, postId, or buyerId in /payment-success","timestamp":"2025-05-26T12:06:36.526Z"}
{"level":"warn","message":"Missing transactionReference, postId, or buyerId in /payment-success","timestamp":"2025-05-26T12:06:36.587Z"}
{"level":"warn","message":"Missing transactionReference, postId, or buyerId in /payment-success","timestamp":"2025-05-26T12:06:36.691Z"}
{"level":"warn","message":"Missing transactionReference, postId, or buyerId in /payment-success","timestamp":"2025-05-26T12:06:36.742Z"}
{"level":"warn","message":"Missing transactionReference, postId, or buyerId in /payment-success","timestamp":"2025-05-26T12:06:37.189Z"}
{"level":"warn","message":"Missing transactionReference, postId, or buyerId in /payment-success","timestamp":"2025-05-26T12:06:37.234Z"}
{"level":"warn","message":"Missing transactionReference, postId, or buyerId in /payment-success","timestamp":"2025-05-26T12:06:39.035Z"}
{"level":"warn","message":"Missing transactionReference, postId, or buyerId in /payment-success","timestamp":"2025-05-26T12:49:15.237Z"}
{"level":"warn","message":"Missing transactionReference, postId, or buyerId in /payment-success","timestamp":"2025-05-26T12:49:15.348Z"}
{"level":"warn","message":"Missing transactionReference, postId, or buyerId in /payment-success","timestamp":"2025-05-26T12:49:15.384Z"}
{"level":"warn","message":"Missing transactionReference, postId, or buyerId in /payment-success","timestamp":"2025-05-26T12:49:15.642Z"}
{"level":"warn","message":"Missing transactionReference, postId, or buyerId in /payment-success","timestamp":"2025-05-26T12:49:15.685Z"}
{"level":"warn","message":"Missing transactionReference, postId, or buyerId in /payment-success","timestamp":"2025-05-26T12:49:15.711Z"}
{"level":"warn","message":"Missing transactionReference, postId, or buyerId in /payment-success","timestamp":"2025-05-26T12:49:15.767Z"}
{"level":"warn","message":"Missing transactionReference, postId, or buyerId in /payment-success","timestamp":"2025-05-26T12:49:15.936Z"}
{"level":"warn","message":"Missing transactionReference, postId, or buyerId in /payment-success","timestamp":"2025-05-26T12:49:15.980Z"}
{"level":"warn","message":"Missing transactionReference, postId, or buyerId in /payment-success","timestamp":"2025-05-26T12:49:16.030Z"}
{"level":"warn","message":"Missing transactionReference, postId, or buyerId in /payment-success","timestamp":"2025-05-26T12:49:16.551Z"}
{"level":"warn","message":"Missing transactionReference, postId, or buyerId in /payment-success","timestamp":"2025-05-26T12:49:16.583Z"}
{"level":"warn","message":"Missing transactionReference, postId, or buyerId in /payment-success","timestamp":"2025-05-26T12:49:16.639Z"}
{"level":"warn","message":"Missing transactionReference, postId, or buyerId in /payment-success","timestamp":"2025-05-26T12:49:16.819Z"}
{"level":"warn","message":"Missing transactionReference, postId, or buyerId in /payment-success","timestamp":"2025-05-26T12:49:17.602Z"}
{"level":"warn","message":"Missing transactionReference, postId, or buyerId in /payment-success","timestamp":"2025-05-26T12:49:18.137Z"}
{"level":"warn","message":"Missing transactionReference, postId, or buyerId in /payment-success","timestamp":"2025-05-26T12:49:18.218Z"}
{"level":"warn","message":"Missing transactionReference, postId, or buyerId in /payment-success","timestamp":"2025-05-26T12:49:18.926Z"}
{"level":"warn","message":"Missing transactionReference, postId, or buyerId in /payment-success","timestamp":"2025-05-26T12:49:19.203Z"}
{"level":"warn","message":"Missing transactionReference, postId, or buyerId in /payment-success","timestamp":"2025-05-26T12:49:19.234Z"}
{"level":"warn","message":"Missing transactionReference, postId, or buyerId in /payment-success","timestamp":"2025-05-26T14:38:23.771Z"}
{"level":"error","message":"OPay initialization failed: unknown error.","timestamp":"2025-05-26T14:44:08.390Z"}
{"level":"warn","message":"Missing transactionReference, postId, or buyerId in /payment-success","timestamp":"2025-05-26T16:28:21.692Z"}
{"level":"warn","message":"Missing transactionReference, postId, or buyerId in /payment-success","timestamp":"2025-05-26T16:28:21.828Z"}
{"level":"warn","message":"Missing transactionReference, postId, or buyerId in /payment-success","timestamp":"2025-05-26T16:28:21.861Z"}
{"level":"warn","message":"Missing transactionReference, postId, or buyerId in /payment-success","timestamp":"2025-05-26T16:28:22.063Z"}
{"level":"warn","message":"Missing transactionReference, postId, or buyerId in /payment-success","timestamp":"2025-05-26T16:28:22.103Z"}
{"level":"warn","message":"Missing transactionReference, postId, or buyerId in /payment-success","timestamp":"2025-05-26T16:28:22.138Z"}
{"level":"warn","message":"Missing transactionReference, postId, or buyerId in /payment-success","timestamp":"2025-05-26T16:28:22.175Z"}
{"level":"warn","message":"Missing transactionReference, postId, or buyerId in /payment-success","timestamp":"2025-05-26T16:28:22.323Z"}
{"level":"warn","message":"Missing transactionReference, postId, or buyerId in /payment-success","timestamp":"2025-05-26T16:28:22.356Z"}
{"level":"warn","message":"Missing transactionReference, postId, or buyerId in /payment-success","timestamp":"2025-05-26T16:28:22.391Z"}
{"level":"warn","message":"Missing transactionReference, postId, or buyerId in /payment-success","timestamp":"2025-05-26T16:28:22.763Z"}
{"level":"warn","message":"Missing transactionReference, postId, or buyerId in /payment-success","timestamp":"2025-05-26T16:28:22.812Z"}
{"level":"warn","message":"Missing transactionReference, postId, or buyerId in /payment-success","timestamp":"2025-05-26T16:28:22.842Z"}
{"level":"warn","message":"Missing transactionReference, postId, or buyerId in /payment-success","timestamp":"2025-05-26T16:28:22.938Z"}
{"level":"warn","message":"Missing transactionReference, postId, or buyerId in /payment-success","timestamp":"2025-05-26T16:28:23.588Z"}
{"level":"warn","message":"Missing transactionReference, postId, or buyerId in /payment-success","timestamp":"2025-05-26T16:28:24.023Z"}
{"level":"warn","message":"Missing transactionReference, postId, or buyerId in /payment-success","timestamp":"2025-05-26T16:28:24.090Z"}
{"level":"warn","message":"Missing transactionReference, postId, or buyerId in /payment-success","timestamp":"2025-05-26T16:28:24.604Z"}
{"level":"warn","message":"Missing transactionReference, postId, or buyerId in /payment-success","timestamp":"2025-05-26T16:28:24.925Z"}
{"level":"warn","message":"Missing transactionReference, postId, or buyerId in /payment-success","timestamp":"2025-05-26T16:28:24.972Z"}
{"level":"warn","message":"Missing transactionReference, postId, or buyerId in /payment-success","timestamp":"2025-05-26T16:29:07.758Z"}
{"level":"warn","message":"Missing transactionReference, postId, or buyerId in /payment-success","timestamp":"2025-05-26T16:29:07.877Z"}
{"level":"warn","message":"Missing transactionReference, postId, or buyerId in /payment-success","timestamp":"2025-05-26T16:29:07.919Z"}
{"level":"warn","message":"Missing transactionReference, postId, or buyerId in /payment-success","timestamp":"2025-05-26T16:29:08.193Z"}
{"level":"warn","message":"Missing transactionReference, postId, or buyerId in /payment-success","timestamp":"2025-05-26T16:29:08.246Z"}
{"level":"warn","message":"Missing transactionReference, postId, or buyerId in /payment-success","timestamp":"2025-05-26T16:29:08.275Z"}
{"level":"warn","message":"Missing transactionReference, postId, or buyerId in /payment-success","timestamp":"2025-05-26T16:29:08.326Z"}
{"level":"warn","message":"Missing transactionReference, postId, or buyerId in /payment-success","timestamp":"2025-05-26T16:29:08.502Z"}
{"level":"warn","message":"Missing transactionReference, postId, or buyerId in /payment-success","timestamp":"2025-05-26T16:29:08.548Z"}
{"level":"warn","message":"Missing transactionReference, postId, or buyerId in /payment-success","timestamp":"2025-05-26T16:29:08.593Z"}
{"level":"warn","message":"Missing transactionReference, postId, or buyerId in /payment-success","timestamp":"2025-05-26T16:29:09.063Z"}
{"level":"warn","message":"Missing transactionReference, postId, or buyerId in /payment-success","timestamp":"2025-05-26T16:29:09.086Z"}
{"level":"warn","message":"Missing transactionReference, postId, or buyerId in /payment-success","timestamp":"2025-05-26T16:29:09.150Z"}
{"level":"warn","message":"Missing transactionReference, postId, or buyerId in /payment-success","timestamp":"2025-05-26T16:29:09.341Z"}
{"level":"warn","message":"Missing transactionReference, postId, or buyerId in /payment-success","timestamp":"2025-05-26T16:29:09.997Z"}
{"level":"warn","message":"Missing transactionReference, postId, or buyerId in /payment-success","timestamp":"2025-05-26T16:29:10.601Z"}
{"level":"warn","message":"Missing transactionReference, postId, or buyerId in /payment-success","timestamp":"2025-05-26T16:29:10.695Z"}
{"level":"warn","message":"Missing transactionReference, postId, or buyerId in /payment-success","timestamp":"2025-05-26T16:29:11.223Z"}
{"level":"warn","message":"Missing transactionReference, postId, or buyerId in /payment-success","timestamp":"2025-05-26T16:29:11.597Z"}
{"level":"warn","message":"Missing transactionReference, postId, or buyerId in /payment-success","timestamp":"2025-05-26T16:29:11.647Z"}
{"level":"error","message":"Flutterwave payment error: Request failed with status code 404","timestamp":"2025-05-28T11:56:58.699Z"}
{"level":"error","message":"Flutterwave payment error: Request failed with status code 404","timestamp":"2025-05-28T11:57:03.941Z"}
{"level":"error","message":"Flutterwave payment error: Request failed with status code 404","timestamp":"2025-05-28T11:57:13.130Z"}
{"level":"error","message":"Flutterwave payment error: Request failed with status code 404","timestamp":"2025-05-28T11:57:26.855Z"}
{"level":"error","message":"Flutterwave payment error: Request failed with status code 404","timestamp":"2025-05-28T12:08:16.335Z"}
{"level":"warn","message":"Seller 67d845b5c9add2113fc80789 does not have a Flutterwave subaccount ID","timestamp":"2025-05-28T12:11:17.844Z"}
{"body":{"buyerId":"679d530c96d06fa5dfab1ded","currency":"NGN","email":"chrisdouglas1700@gmail.com","postId":"68333db1f347d36ae35c50d3"},"level":"debug","message":"Payment initialization request received","requestId":"PAY_1748441257122","route":"/pay","timestamp":"2025-05-28T14:07:37.123Z"}
{"level":"warn","message":"Seller subaccount not configured","requestId":"PAY_1748441257122","route":"/pay","sellerId":"67d845b5c9add2113fc80789","timestamp":"2025-05-28T14:07:37.724Z"}
{"level":"debug","message":"Payment success callback received","query":{"buyerId":"679d530c96d06fa5dfab1ded","postId":"68333db1f347d36ae35c50d3","reference":"3mtz0d9dl0","trxref":"3mtz0d9dl0"},"requestId":"SUCCESS_1748443243303","route":"/payment-success","timestamp":"2025-05-28T14:40:43.304Z"}
{"endpoint":"https://api.paystack.co/transaction/verify/3mtz0d9dl0","level":"debug","message":"Verifying transaction with Paystack","requestId":"SUCCESS_1748443243303","route":"/payment-success","timestamp":"2025-05-28T14:40:43.316Z"}
{"level":"debug","message":"Paystack verification response","requestId":"SUCCESS_1748443243303","response":{"data":{"amount":30000000,"authorization":{"account_name":null,"authorization_code":"AUTH_yk3vjeya00","bank":"TEST BANK","bin":"408408","brand":"visa","card_type":"visa ","channel":"card","country_code":"NG","exp_month":"12","exp_year":"2030","last4":"4081","receiver_bank":null,"receiver_bank_account_number":null,"reusable":true,"signature":"SIG_oo6j1jRxJU5RwIf1lLHK"},"channel":"card","connect":null,"createdAt":"2025-05-28T14:40:11.000Z","created_at":"2025-05-28T14:40:11.000Z","currency":"NGN","customer":{"customer_code":"CUS_39jjnxsa4xtn85z","email":"chrisdouglas1700@gmail.com","first_name":null,"id":241385727,"international_format_phone":null,"last_name":null,"metadata":null,"phone":null,"risk_action":"default"},"domain":"test","fees":200000,"fees_breakdown":null,"fees_split":null,"gateway_response":"Successful","id":5007483199,"ip_address":"102.91.105.188","log":{"attempts":1,"errors":0,"history":[{"message":"Set payment method to: card","time":2,"type":"action"},{"message":"Attempted to pay with card","time":6,"type":"action"},{"message":"Successfully paid with card","time":8,"type":"success"}],"input":[],"mobile":true,"start_time":1748443234,"success":true,"time_spent":8},"message":null,"metadata":{"buyerId":"679d530c96d06fa5dfab1ded","email":"chrisdouglas1700@gmail.com","postId":"68333db1f347d36ae35c50d3","sellerId":{"name":"Deborah Uche","userId":"67d845b5c9add2113fc80789"}},"order_id":null,"paidAt":"2025-05-28T14:40:41.000Z","paid_at":"2025-05-28T14:40:41.000Z","plan":null,"plan_object":{},"pos_transaction_data":null,"receipt_number":null,"reference":"3mtz0d9dl0","requested_amount":30000000,"source":null,"split":{},"status":"success","subaccount":{},"transaction_date":"2025-05-28T14:40:11.000Z"},"message":"Verification successful","status":true},"route":"/payment-success","status":200,"timestamp":"2025-05-28T14:40:44.357Z"}
{"escrowId":"6837206d53b07b52b78c3253","level":"info","message":"Escrow and notification created","paymentReference":"3mtz0d9dl0","requestId":"SUCCESS_1748443243303","route":"/payment-success","timestamp":"2025-05-28T14:40:46.172Z"}
{"level":"info","message":"Payment success processed","paymentReference":"3mtz0d9dl0","receiptUrl":"https://res.cloudinary.com/dp7shydjh/image/upload/v1748443254/salmart_receipts/receipts/3mtz0d9dl0.png","requestId":"SUCCESS_1748443243303","route":"/payment-success","timestamp":"2025-05-28T14:40:54.946Z"}
