{"level":"info","message":"✅ Firebase Admin SDK initialized successfully","timestamp":"2025-05-28T13:34:29.009Z"}
{"level":"info","message":"✅ Socket.IO initialized","timestamp":"2025-05-28T13:34:29.221Z"}
{"level":"info","message":"✅ Nodemailer configured","timestamp":"2025-05-28T13:34:29.313Z"}
{"level":"info","message":"✅ Cloudinary configured","timestamp":"2025-05-28T13:34:29.315Z"}
{"level":"info","message":"✅ Server running on port 3000","timestamp":"2025-05-28T13:34:29.368Z"}
{"level":"error","message":"❌ MongoDB connection error: Server selection timed out after 5000 ms","timestamp":"2025-05-28T13:34:43.254Z"}
{"level":"info","message":"✅ Firebase Admin SDK initialized successfully","timestamp":"2025-05-28T13:35:06.637Z"}
{"level":"info","message":"✅ Socket.IO initialized","timestamp":"2025-05-28T13:35:06.936Z"}
{"level":"info","message":"✅ Nodemailer configured","timestamp":"2025-05-28T13:35:07.051Z"}
{"level":"info","message":"✅ Cloudinary configured","timestamp":"2025-05-28T13:35:07.055Z"}
{"level":"info","message":"✅ Server running on port 3000","timestamp":"2025-05-28T13:35:07.109Z"}
{"level":"info","message":"✅ MongoDB connected successfully","timestamp":"2025-05-28T13:35:10.343Z"}
{"level":"info","message":"✅ Firebase Admin SDK initialized successfully","timestamp":"2025-05-28T14:06:56.015Z"}
{"level":"info","message":"✅ Socket.IO initialized","timestamp":"2025-05-28T14:06:56.201Z"}
{"level":"info","message":"✅ Nodemailer configured","timestamp":"2025-05-28T14:06:56.293Z"}
{"level":"info","message":"✅ Cloudinary configured","timestamp":"2025-05-28T14:06:56.295Z"}
{"level":"info","message":"✅ Server running on port 3000","timestamp":"2025-05-28T14:06:56.361Z"}
{"level":"info","message":"✅ MongoDB connected successfully","timestamp":"2025-05-28T14:06:59.587Z"}
{"level":"info","message":"Socket connected: dgi1gE9yK36NQx7pAAAB","timestamp":"2025-05-28T14:07:23.030Z"}
{"level":"info","message":"[2025-05-28T14:07:24.316Z] GET /users-profile/679d530c96d06fa5dfab1ded","timestamp":"2025-05-28T14:07:24.317Z"}
{"level":"info","message":"[2025-05-28T14:07:24.534Z] GET /notification-counts?userId=679d530c96d06fa5dfab1ded","timestamp":"2025-05-28T14:07:24.534Z"}
{"level":"info","message":"[2025-05-28T14:07:24.547Z] GET /verify-token","timestamp":"2025-05-28T14:07:24.547Z"}
{"level":"info","message":"[2025-05-28T14:07:24.926Z] GET /post?category=","timestamp":"2025-05-28T14:07:24.927Z"}
{"level":"info","message":"[2025-05-28T14:07:37.104Z] POST /pay","timestamp":"2025-05-28T14:07:37.104Z"}
{"level":"info","message":"Socket disconnected: dgi1gE9yK36NQx7pAAAB","timestamp":"2025-05-28T14:08:08.007Z"}
{"level":"info","message":"Socket connected: n6UKfyQ1COUaxk_DAAAD","timestamp":"2025-05-28T14:12:09.757Z"}
{"level":"info","message":"Socket disconnected: n6UKfyQ1COUaxk_DAAAD","timestamp":"2025-05-28T14:12:10.704Z"}
{"level":"info","message":"✅ Firebase Admin SDK initialized successfully","timestamp":"2025-05-28T14:13:43.523Z"}
{"level":"info","message":"✅ Socket.IO initialized","timestamp":"2025-05-28T14:13:43.748Z"}
{"level":"info","message":"✅ Nodemailer configured","timestamp":"2025-05-28T14:13:43.834Z"}
{"level":"info","message":"✅ Cloudinary configured","timestamp":"2025-05-28T14:13:43.836Z"}
{"level":"info","message":"✅ Server running on port 3000","timestamp":"2025-05-28T14:13:43.888Z"}
{"level":"info","message":"✅ MongoDB connected successfully","timestamp":"2025-05-28T14:13:49.881Z"}
{"level":"info","message":"Socket connected: kXK6KKrclt2u03wwAAAB","timestamp":"2025-05-28T14:15:08.112Z"}
{"level":"info","message":"[2025-05-28T14:15:08.269Z] GET /users-profile/679d530c96d06fa5dfab1ded","timestamp":"2025-05-28T14:15:08.271Z"}
{"level":"info","message":"[2025-05-28T14:15:08.460Z] GET /notification-counts?userId=679d530c96d06fa5dfab1ded","timestamp":"2025-05-28T14:15:08.461Z"}
{"level":"info","message":"[2025-05-28T14:15:08.478Z] GET /verify-token","timestamp":"2025-05-28T14:15:08.479Z"}
{"level":"info","message":"[2025-05-28T14:15:08.841Z] GET /post?category=","timestamp":"2025-05-28T14:15:08.842Z"}
{"level":"info","message":"[2025-05-28T14:15:26.247Z] POST /pay","timestamp":"2025-05-28T14:15:26.248Z"}
{"level":"info","message":"Socket disconnected: kXK6KKrclt2u03wwAAAB","timestamp":"2025-05-28T14:15:48.410Z"}
{"level":"info","message":"✅ Firebase Admin SDK initialized successfully","timestamp":"2025-05-28T14:17:19.083Z"}
{"level":"info","message":"✅ Socket.IO initialized","timestamp":"2025-05-28T14:17:19.339Z"}
{"level":"info","message":"✅ Nodemailer configured","timestamp":"2025-05-28T14:17:19.440Z"}
{"level":"info","message":"✅ Cloudinary configured","timestamp":"2025-05-28T14:17:19.444Z"}
{"level":"info","message":"✅ Server running on port 3000","timestamp":"2025-05-28T14:17:19.511Z"}
{"level":"info","message":"✅ MongoDB connected successfully","timestamp":"2025-05-28T14:17:23.232Z"}
{"level":"info","message":"Socket connected: X7SXtdpVOd8l95hMAAAB","timestamp":"2025-05-28T14:17:48.986Z"}
{"level":"info","message":"[2025-05-28T14:17:49.197Z] GET /users-profile/679d530c96d06fa5dfab1ded","timestamp":"2025-05-28T14:17:49.197Z"}
{"level":"info","message":"[2025-05-28T14:17:49.431Z] GET /notification-counts?userId=679d530c96d06fa5dfab1ded","timestamp":"2025-05-28T14:17:49.431Z"}
{"level":"info","message":"[2025-05-28T14:17:49.444Z] GET /verify-token","timestamp":"2025-05-28T14:17:49.444Z"}
{"level":"info","message":"[2025-05-28T14:17:49.865Z] GET /post?category=","timestamp":"2025-05-28T14:17:49.865Z"}
{"level":"info","message":"[2025-05-28T14:18:01.143Z] POST /pay","timestamp":"2025-05-28T14:18:01.143Z"}
{"level":"info","message":"Socket disconnected: X7SXtdpVOd8l95hMAAAB","timestamp":"2025-05-28T14:18:13.455Z"}
{"level":"info","message":"✅ Firebase Admin SDK initialized successfully","timestamp":"2025-05-28T14:19:20.522Z"}
{"level":"info","message":"✅ Socket.IO initialized","timestamp":"2025-05-28T14:19:20.683Z"}
{"level":"info","message":"✅ Nodemailer configured","timestamp":"2025-05-28T14:19:20.748Z"}
{"level":"info","message":"✅ Cloudinary configured","timestamp":"2025-05-28T14:19:20.750Z"}
{"level":"info","message":"✅ Server running on port 3000","timestamp":"2025-05-28T14:19:20.789Z"}
{"level":"error","message":"❌ MongoDB connection error: Server selection timed out after 5000 ms","timestamp":"2025-05-28T14:19:26.267Z"}
{"level":"info","message":"✅ Firebase Admin SDK initialized successfully","timestamp":"2025-05-28T14:19:50.723Z"}
{"level":"info","message":"✅ Socket.IO initialized","timestamp":"2025-05-28T14:19:50.902Z"}
{"level":"info","message":"✅ Nodemailer configured","timestamp":"2025-05-28T14:19:50.979Z"}
{"level":"info","message":"✅ Cloudinary configured","timestamp":"2025-05-28T14:19:50.981Z"}
{"level":"info","message":"✅ Server running on port 3000","timestamp":"2025-05-28T14:19:51.023Z"}
{"level":"info","message":"✅ MongoDB connected successfully","timestamp":"2025-05-28T14:19:53.635Z"}
{"level":"info","message":"Socket connected: WemJMTOgRx67COCTAAAB","timestamp":"2025-05-28T14:20:45.563Z"}
{"level":"info","message":"[2025-05-28T14:20:45.793Z] GET /users-profile/679d530c96d06fa5dfab1ded","timestamp":"2025-05-28T14:20:45.793Z"}
{"level":"info","message":"[2025-05-28T14:20:46.000Z] GET /notification-counts?userId=679d530c96d06fa5dfab1ded","timestamp":"2025-05-28T14:20:46.000Z"}
{"level":"info","message":"[2025-05-28T14:20:46.015Z] GET /verify-token","timestamp":"2025-05-28T14:20:46.015Z"}
{"level":"info","message":"[2025-05-28T14:20:46.557Z] GET /post?category=","timestamp":"2025-05-28T14:20:46.558Z"}
{"level":"info","message":"[2025-05-28T14:21:14.811Z] GET /notification-counts?userId=679d530c96d06fa5dfab1ded","timestamp":"2025-05-28T14:21:14.811Z"}
{"level":"info","message":"[2025-05-28T14:21:53.755Z] GET /notification-counts?userId=679d530c96d06fa5dfab1ded","timestamp":"2025-05-28T14:21:53.756Z"}
{"level":"info","message":"Socket disconnected: WemJMTOgRx67COCTAAAB","timestamp":"2025-05-28T14:21:53.855Z"}
{"level":"info","message":"Socket connected: IFbEzyPRKjTD9-dOAAAD","timestamp":"2025-05-28T14:22:03.643Z"}
{"level":"info","message":"[2025-05-28T14:22:03.811Z] GET /notification-counts?userId=679d530c96d06fa5dfab1ded","timestamp":"2025-05-28T14:22:03.811Z"}
{"level":"info","message":"[2025-05-28T14:22:03.841Z] GET /users-profile/679d530c96d06fa5dfab1ded","timestamp":"2025-05-28T14:22:03.842Z"}
{"level":"info","message":"[2025-05-28T14:22:03.867Z] GET /verify-token","timestamp":"2025-05-28T14:22:03.867Z"}
{"level":"info","message":"[2025-05-28T14:22:04.646Z] GET /post?category=","timestamp":"2025-05-28T14:22:04.646Z"}
{"level":"info","message":"[2025-05-28T14:22:38.323Z] GET /notification-counts?userId=679d530c96d06fa5dfab1ded","timestamp":"2025-05-28T14:22:38.323Z"}
{"level":"info","message":"✅ Firebase Admin SDK initialized successfully","timestamp":"2025-05-28T14:23:21.008Z"}
{"level":"info","message":"✅ Socket.IO initialized","timestamp":"2025-05-28T14:23:21.187Z"}
{"level":"info","message":"✅ Nodemailer configured","timestamp":"2025-05-28T14:23:21.261Z"}
{"level":"info","message":"✅ Cloudinary configured","timestamp":"2025-05-28T14:23:21.263Z"}
{"level":"info","message":"✅ Server running on port 3000","timestamp":"2025-05-28T14:23:21.321Z"}
{"level":"error","message":"❌ MongoDB connection error: Server selection timed out after 5000 ms","timestamp":"2025-05-28T14:23:26.817Z"}
{"level":"info","message":"✅ Firebase Admin SDK initialized successfully","timestamp":"2025-05-28T14:24:50.660Z"}
{"level":"info","message":"✅ Socket.IO initialized","timestamp":"2025-05-28T14:24:50.840Z"}
{"level":"info","message":"✅ Nodemailer configured","timestamp":"2025-05-28T14:24:50.940Z"}
{"level":"info","message":"✅ Cloudinary configured","timestamp":"2025-05-28T14:24:50.942Z"}
{"level":"info","message":"✅ Server running on port 3000","timestamp":"2025-05-28T14:24:51.005Z"}
{"level":"error","message":"❌ MongoDB connection error: Server selection timed out after 5000 ms","timestamp":"2025-05-28T14:24:56.719Z"}
{"level":"info","message":"✅ Firebase Admin SDK initialized successfully","timestamp":"2025-05-28T14:25:17.119Z"}
{"level":"info","message":"✅ Socket.IO initialized","timestamp":"2025-05-28T14:25:17.331Z"}
{"level":"info","message":"✅ Nodemailer configured","timestamp":"2025-05-28T14:25:17.412Z"}
{"level":"info","message":"✅ Cloudinary configured","timestamp":"2025-05-28T14:25:17.415Z"}
{"level":"info","message":"✅ Server running on port 3000","timestamp":"2025-05-28T14:25:17.465Z"}
{"level":"info","message":"✅ MongoDB connected successfully","timestamp":"2025-05-28T14:25:20.867Z"}
{"level":"info","message":"Socket connected: 8e9SzXyNIsqwEqemAAAB","timestamp":"2025-05-28T14:26:14.261Z"}
{"level":"info","message":"[2025-05-28T14:26:14.385Z] GET /notification-counts?userId=679d530c96d06fa5dfab1ded","timestamp":"2025-05-28T14:26:14.385Z"}
{"level":"info","message":"[2025-05-28T14:26:14.576Z] GET /users-profile/679d530c96d06fa5dfab1ded","timestamp":"2025-05-28T14:26:14.576Z"}
{"level":"info","message":"[2025-05-28T14:26:14.676Z] GET /verify-token","timestamp":"2025-05-28T14:26:14.676Z"}
{"level":"info","message":"[2025-05-28T14:26:15.251Z] GET /post?category=","timestamp":"2025-05-28T14:26:15.251Z"}
{"level":"info","message":"[2025-05-28T14:26:32.725Z] POST /pay","timestamp":"2025-05-28T14:26:32.726Z"}
{"level":"info","message":"Socket disconnected: 8e9SzXyNIsqwEqemAAAB","timestamp":"2025-05-28T14:26:58.671Z"}
{"level":"info","message":"✅ Firebase Admin SDK initialized successfully","timestamp":"2025-05-28T14:30:02.748Z"}
{"level":"info","message":"✅ Socket.IO initialized","timestamp":"2025-05-28T14:30:03.004Z"}
{"level":"info","message":"✅ Nodemailer configured","timestamp":"2025-05-28T14:30:03.097Z"}
{"level":"info","message":"✅ Cloudinary configured","timestamp":"2025-05-28T14:30:03.100Z"}
{"level":"info","message":"✅ Server running on port 3000","timestamp":"2025-05-28T14:30:03.158Z"}
{"level":"error","message":"❌ MongoDB connection error: Server selection timed out after 5000 ms","timestamp":"2025-05-28T14:30:08.631Z"}
{"level":"info","message":"✅ Firebase Admin SDK initialized successfully","timestamp":"2025-05-28T14:31:32.452Z"}
{"level":"info","message":"✅ Socket.IO initialized","timestamp":"2025-05-28T14:31:32.626Z"}
{"level":"info","message":"✅ Nodemailer configured","timestamp":"2025-05-28T14:31:32.696Z"}
{"level":"info","message":"✅ Cloudinary configured","timestamp":"2025-05-28T14:31:32.698Z"}
{"level":"info","message":"✅ Server running on port 3000","timestamp":"2025-05-28T14:31:32.737Z"}
{"level":"error","message":"❌ MongoDB connection error: Server selection timed out after 5000 ms","timestamp":"2025-05-28T14:31:38.290Z"}
{"level":"info","message":"✅ Firebase Admin SDK initialized successfully","timestamp":"2025-05-28T14:33:58.905Z"}
{"level":"info","message":"✅ Socket.IO initialized","timestamp":"2025-05-28T14:33:59.083Z"}
{"level":"info","message":"✅ Nodemailer configured","timestamp":"2025-05-28T14:33:59.153Z"}
{"level":"info","message":"✅ Cloudinary configured","timestamp":"2025-05-28T14:33:59.155Z"}
{"level":"info","message":"✅ Server running on port 3000","timestamp":"2025-05-28T14:33:59.198Z"}
{"level":"info","message":"✅ MongoDB connected successfully","timestamp":"2025-05-28T14:34:04.263Z"}
{"level":"info","message":"Socket connected: 7uIPZEj84W0eZQjCAAAB","timestamp":"2025-05-28T14:34:21.354Z"}
{"level":"info","message":"[2025-05-28T14:34:21.581Z] GET /users-profile/679d530c96d06fa5dfab1ded","timestamp":"2025-05-28T14:34:21.581Z"}
{"level":"info","message":"[2025-05-28T14:34:21.775Z] GET /notification-counts?userId=679d530c96d06fa5dfab1ded","timestamp":"2025-05-28T14:34:21.776Z"}
{"level":"info","message":"[2025-05-28T14:34:21.789Z] GET /verify-token","timestamp":"2025-05-28T14:34:21.789Z"}
{"level":"info","message":"[2025-05-28T14:34:22.133Z] GET /post?category=","timestamp":"2025-05-28T14:34:22.133Z"}
{"level":"info","message":"[2025-05-28T14:34:32.175Z] POST /pay","timestamp":"2025-05-28T14:34:32.175Z"}
{"level":"info","message":"Socket disconnected: 7uIPZEj84W0eZQjCAAAB","timestamp":"2025-05-28T14:35:05.784Z"}
{"level":"info","message":"Socket connected: OPym-Gecy5NVXa_6AAAD","timestamp":"2025-05-28T14:35:32.624Z"}
{"level":"info","message":"Socket disconnected: OPym-Gecy5NVXa_6AAAD","timestamp":"2025-05-28T14:35:33.264Z"}
{"level":"info","message":"✅ Firebase Admin SDK initialized successfully","timestamp":"2025-05-28T14:38:17.011Z"}
{"level":"info","message":"✅ Socket.IO initialized","timestamp":"2025-05-28T14:38:17.217Z"}
{"level":"info","message":"✅ Nodemailer configured","timestamp":"2025-05-28T14:38:17.345Z"}
{"level":"info","message":"✅ Cloudinary configured","timestamp":"2025-05-28T14:38:17.348Z"}
{"level":"info","message":"✅ Server running on port 3000","timestamp":"2025-05-28T14:38:17.430Z"}
{"level":"info","message":"✅ MongoDB connected successfully","timestamp":"2025-05-28T14:38:23.829Z"}
{"level":"info","message":"Socket connected: XANPY8tJiw3GgQQKAAAB","timestamp":"2025-05-28T14:38:37.562Z"}
{"level":"info","message":"[2025-05-28T14:38:37.799Z] GET /users-profile/679d530c96d06fa5dfab1ded","timestamp":"2025-05-28T14:38:37.800Z"}
{"level":"info","message":"[2025-05-28T14:38:37.830Z] GET /notification-counts?userId=679d530c96d06fa5dfab1ded","timestamp":"2025-05-28T14:38:37.830Z"}
{"level":"info","message":"[2025-05-28T14:38:38.060Z] GET /verify-token","timestamp":"2025-05-28T14:38:38.060Z"}
{"level":"info","message":"[2025-05-28T14:38:38.378Z] GET /post?category=","timestamp":"2025-05-28T14:38:38.378Z"}
{"level":"info","message":"[2025-05-28T14:38:49.751Z] POST /pay","timestamp":"2025-05-28T14:38:49.751Z"}
{"level":"info","message":"Socket disconnected: XANPY8tJiw3GgQQKAAAB","timestamp":"2025-05-28T14:38:52.404Z"}
{"level":"info","message":"Socket connected: sLBG9mNzStuTXN5mAAAD","timestamp":"2025-05-28T14:39:07.979Z"}
{"level":"info","message":"[2025-05-28T14:39:08.227Z] GET /post?category=","timestamp":"2025-05-28T14:39:08.227Z"}
{"level":"info","message":"[2025-05-28T14:39:30.139Z] POST /pay","timestamp":"2025-05-28T14:39:30.139Z"}
{"level":"info","message":"[2025-05-28T14:39:36.947Z] POST /pay","timestamp":"2025-05-28T14:39:36.947Z"}
{"level":"info","message":"[2025-05-28T14:39:37.368Z] GET /notification-counts?userId=679d530c96d06fa5dfab1ded","timestamp":"2025-05-28T14:39:37.368Z"}
{"level":"info","message":"[2025-05-28T14:39:43.733Z] POST /pay","timestamp":"2025-05-28T14:39:43.734Z"}
{"level":"info","message":"[2025-05-28T14:39:44.606Z] POST /pay","timestamp":"2025-05-28T14:39:44.606Z"}
{"level":"info","message":"Socket disconnected: sLBG9mNzStuTXN5mAAAD","timestamp":"2025-05-28T14:39:48.862Z"}
{"level":"info","message":"Socket connected: 5LAhKH1CLlWdAvEqAAAF","timestamp":"2025-05-28T14:39:53.594Z"}
{"level":"info","message":"[2025-05-28T14:39:53.764Z] GET /users-profile/679d530c96d06fa5dfab1ded","timestamp":"2025-05-28T14:39:53.765Z"}
{"level":"info","message":"[2025-05-28T14:39:53.792Z] GET /notification-counts?userId=679d530c96d06fa5dfab1ded","timestamp":"2025-05-28T14:39:53.792Z"}
{"level":"info","message":"[2025-05-28T14:39:53.799Z] GET /verify-token","timestamp":"2025-05-28T14:39:53.799Z"}
{"level":"info","message":"[2025-05-28T14:39:54.186Z] GET /post?category=","timestamp":"2025-05-28T14:39:54.186Z"}
{"level":"info","message":"[2025-05-28T14:40:06.355Z] POST /pay","timestamp":"2025-05-28T14:40:06.355Z"}
{"level":"info","message":"Socket disconnected: 5LAhKH1CLlWdAvEqAAAF","timestamp":"2025-05-28T14:40:10.914Z"}
{"level":"info","message":"[2025-05-28T14:40:23.055Z] GET /notification-counts?userId=679d530c96d06fa5dfab1ded","timestamp":"2025-05-28T14:40:23.055Z"}
{"level":"info","message":"[2025-05-28T14:40:43.206Z] GET /payment-success?postId=68333db1f347d36ae35c50d3&buyerId=679d530c96d06fa5dfab1ded&trxref=3mtz0d9dl0&reference=3mtz0d9dl0","timestamp":"2025-05-28T14:40:43.214Z"}
{"level":"info","message":"[2025-05-28T14:40:55.944Z] GET /favicon.ico","timestamp":"2025-05-28T14:40:55.944Z"}
{"level":"info","message":"Socket connected: f_Zd2fUcAKToNsQPAAAH","timestamp":"2025-05-28T14:41:40.720Z"}
{"level":"info","message":"[2025-05-28T14:41:41.504Z] GET /post?category=","timestamp":"2025-05-28T14:41:41.504Z"}
{"level":"info","message":"Socket disconnected: f_Zd2fUcAKToNsQPAAAH","timestamp":"2025-05-28T14:41:50.954Z"}
{"level":"info","message":"[2025-05-28T14:41:50.971Z] POST /deals/mark-as-viewed","timestamp":"2025-05-28T14:41:50.971Z"}
{"level":"info","message":"[2025-05-28T14:41:51.289Z] GET /notification-counts?userId=679d530c96d06fa5dfab1ded","timestamp":"2025-05-28T14:41:51.289Z"}
{"level":"info","message":"[2025-05-28T14:41:55.884Z] GET /notification-counts?userId=679d530c96d06fa5dfab1ded","timestamp":"2025-05-28T14:41:55.884Z"}
{"level":"info","message":"[2025-05-28T14:41:55.921Z] GET /get-transactions/679d530c96d06fa5dfab1ded","timestamp":"2025-05-28T14:41:55.921Z"}
{"level":"info","message":"Socket connected: lmIK7USGGsQtilboAAAJ","timestamp":"2025-05-28T14:41:55.947Z"}
{"level":"info","message":"[2025-05-28T14:41:55.961Z] GET /users-profile/679d530c96d06fa5dfab1ded","timestamp":"2025-05-28T14:41:55.961Z"}
{"level":"info","message":"[2025-05-28T14:41:57.028Z] POST /deals/mark-as-viewed","timestamp":"2025-05-28T14:41:57.029Z"}
{"level":"info","message":"Socket disconnected: lmIK7USGGsQtilboAAAJ","timestamp":"2025-05-28T14:42:04.904Z"}
{"level":"info","message":"Socket connected: 9DC36xScag17q3O3AAAL","timestamp":"2025-05-28T14:42:06.337Z"}
{"level":"info","message":"[2025-05-28T14:42:06.504Z] GET /users-profile/679d530c96d06fa5dfab1ded","timestamp":"2025-05-28T14:42:06.504Z"}
{"level":"info","message":"[2025-05-28T14:42:06.529Z] GET /notification-counts?userId=679d530c96d06fa5dfab1ded","timestamp":"2025-05-28T14:42:06.529Z"}
{"level":"info","message":"[2025-05-28T14:42:06.552Z] GET /verify-token","timestamp":"2025-05-28T14:42:06.552Z"}
{"level":"info","message":"[2025-05-28T14:42:07.185Z] GET /post?category=","timestamp":"2025-05-28T14:42:07.185Z"}
{"level":"info","message":"[2025-05-28T14:42:35.740Z] GET /notification-counts?userId=679d530c96d06fa5dfab1ded","timestamp":"2025-05-28T14:42:35.740Z"}
{"level":"info","message":"Socket disconnected: 9DC36xScag17q3O3AAAL","timestamp":"2025-05-28T14:42:38.831Z"}
{"level":"info","message":"[2025-05-28T14:42:48.841Z] POST /login","timestamp":"2025-05-28T14:42:48.841Z"}
{"level":"info","message":"Socket connected: 97WcThhzEBr9tN5oAAAN","timestamp":"2025-05-28T14:43:06.783Z"}
{"level":"info","message":"[2025-05-28T14:43:06.907Z] GET /verify-token","timestamp":"2025-05-28T14:43:06.907Z"}
{"level":"info","message":"[2025-05-28T14:43:06.911Z] GET /users-profile/67d845b5c9add2113fc80789","timestamp":"2025-05-28T14:43:06.912Z"}
{"level":"info","message":"[2025-05-28T14:43:06.954Z] GET /profile/67d845b5c9add2113fc80789","timestamp":"2025-05-28T14:43:06.954Z"}
{"level":"info","message":"[2025-05-28T14:43:06.992Z] GET /notification-counts?userId=67d845b5c9add2113fc80789","timestamp":"2025-05-28T14:43:06.992Z"}
{"level":"info","message":"[2025-05-28T14:43:07.062Z] GET /user-reviews/67d845b5c9add2113fc80789","timestamp":"2025-05-28T14:43:07.063Z"}
{"level":"info","message":"[2025-05-28T14:43:07.095Z] GET /average-rating/67d845b5c9add2113fc80789","timestamp":"2025-05-28T14:43:07.095Z"}
{"level":"info","message":"Socket connected: ZdcWw-0V2jcZSxDMAAAP","timestamp":"2025-05-28T14:43:07.170Z"}
{"level":"info","message":"[2025-05-28T14:43:07.274Z] GET /post?userId=67d845b5c9add2113fc80789","timestamp":"2025-05-28T14:43:07.275Z"}
{"level":"info","message":"Socket disconnected: 97WcThhzEBr9tN5oAAAN","timestamp":"2025-05-28T14:43:18.271Z"}
{"level":"info","message":"Socket disconnected: ZdcWw-0V2jcZSxDMAAAP","timestamp":"2025-05-28T14:43:18.283Z"}
{"level":"info","message":"[2025-05-28T14:43:18.296Z] POST /alerts/mark-as-viewed","timestamp":"2025-05-28T14:43:18.296Z"}
{"level":"info","message":"Socket connected: phTPhRZlppfFtxI_AAAR","timestamp":"2025-05-28T14:43:23.239Z"}
{"level":"info","message":"[2025-05-28T14:43:23.291Z] GET /notification-counts?userId=67d845b5c9add2113fc80789","timestamp":"2025-05-28T14:43:23.292Z"}
{"level":"info","message":"[2025-05-28T14:43:23.325Z] GET /notifications","timestamp":"2025-05-28T14:43:23.325Z"}
{"level":"info","message":"[2025-05-28T14:43:23.330Z] GET /users-profile/67d845b5c9add2113fc80789","timestamp":"2025-05-28T14:43:23.331Z"}
{"level":"info","message":"[2025-05-28T14:43:26.152Z] POST /alerts/mark-as-viewed","timestamp":"2025-05-28T14:43:26.152Z"}
{"level":"info","message":"Socket disconnected: phTPhRZlppfFtxI_AAAR","timestamp":"2025-05-28T14:43:53.213Z"}
{"level":"info","message":"[2025-05-28T14:43:53.239Z] GET /notification-counts?userId=67d845b5c9add2113fc80789","timestamp":"2025-05-28T14:43:53.239Z"}
{"level":"info","message":"[2025-05-28T14:43:53.250Z] POST /messages/mark-as-viewed","timestamp":"2025-05-28T14:43:53.250Z"}
{"level":"info","message":"[2025-05-28T14:43:53.475Z] GET /notification-counts?userId=67d845b5c9add2113fc80789","timestamp":"2025-05-28T14:43:53.476Z"}
{"level":"info","message":"[2025-05-28T14:43:54.351Z] GET /api/messages?userId=67d845b5c9add2113fc80789","timestamp":"2025-05-28T14:43:54.351Z"}
{"level":"info","message":"[2025-05-28T14:43:54.437Z] GET /notification-counts?userId=67d845b5c9add2113fc80789","timestamp":"2025-05-28T14:43:54.437Z"}
{"level":"info","message":"Socket connected: 37zJjUXjqoKiURguAAAT","timestamp":"2025-05-28T14:43:54.453Z"}
{"level":"info","message":"[2025-05-28T14:43:54.515Z] GET /users-profile/67d845b5c9add2113fc80789","timestamp":"2025-05-28T14:43:54.515Z"}
{"level":"info","message":"[2025-05-28T14:44:02.411Z] PUT /messages/mark-as-viewed","timestamp":"2025-05-28T14:44:02.411Z"}
{"level":"info","message":"[2025-05-28T14:44:05.801Z] POST /deals/mark-as-viewed","timestamp":"2025-05-28T14:44:05.801Z"}
{"level":"info","message":"Socket disconnected: 37zJjUXjqoKiURguAAAT","timestamp":"2025-05-28T14:44:05.999Z"}
{"level":"info","message":"[2025-05-28T14:44:06.716Z] GET /notification-counts?userId=67d845b5c9add2113fc80789","timestamp":"2025-05-28T14:44:06.717Z"}
{"level":"info","message":"[2025-05-28T14:44:06.746Z] GET /users-profile/67d845b5c9add2113fc80789","timestamp":"2025-05-28T14:44:06.746Z"}
{"level":"info","message":"Socket connected: TP7VC6ZAMaajKxTvAAAV","timestamp":"2025-05-28T14:44:06.778Z"}
{"level":"info","message":"[2025-05-28T14:44:06.786Z] GET /get-transactions/67d845b5c9add2113fc80789","timestamp":"2025-05-28T14:44:06.786Z"}
{"level":"info","message":"[2025-05-28T14:44:08.573Z] POST /deals/mark-as-viewed","timestamp":"2025-05-28T14:44:08.574Z"}
{"level":"info","message":"[2025-05-28T14:44:13.927Z] GET /get-transactions/67d845b5c9add2113fc80789","timestamp":"2025-05-28T14:44:13.927Z"}
{"level":"info","message":"[2025-05-28T14:44:17.865Z] POST /deals/mark-as-viewed","timestamp":"2025-05-28T14:44:17.865Z"}
{"level":"info","message":"Socket disconnected: TP7VC6ZAMaajKxTvAAAV","timestamp":"2025-05-28T14:44:23.174Z"}
{"level":"info","message":"Socket connected: 4yKB09wtLh5-oaVbAAAX","timestamp":"2025-05-28T14:44:24.687Z"}
{"level":"info","message":"[2025-05-28T14:44:24.877Z] GET /users-profile/67d845b5c9add2113fc80789","timestamp":"2025-05-28T14:44:24.877Z"}
{"level":"info","message":"[2025-05-28T14:44:24.907Z] GET /notification-counts?userId=67d845b5c9add2113fc80789","timestamp":"2025-05-28T14:44:24.907Z"}
{"level":"info","message":"[2025-05-28T14:44:24.912Z] GET /verify-token","timestamp":"2025-05-28T14:44:24.912Z"}
{"level":"info","message":"[2025-05-28T14:44:25.170Z] GET /post?category=","timestamp":"2025-05-28T14:44:25.170Z"}
{"level":"info","message":"Socket disconnected: 4yKB09wtLh5-oaVbAAAX","timestamp":"2025-05-28T14:45:09.118Z"}
{"level":"info","message":"✅ Firebase Admin SDK initialized successfully","timestamp":"2025-05-28T17:20:04.111Z"}
{"level":"info","message":"✅ Socket.IO initialized","timestamp":"2025-05-28T17:20:04.293Z"}
{"level":"info","message":"✅ Nodemailer configured","timestamp":"2025-05-28T17:20:04.384Z"}
{"level":"info","message":"✅ Cloudinary configured","timestamp":"2025-05-28T17:20:04.386Z"}
{"level":"info","message":"✅ Server running on port 3000","timestamp":"2025-05-28T17:20:04.444Z"}
{"level":"error","message":"❌ MongoDB connection error: Could not connect to any servers in your MongoDB Atlas cluster. One common reason is that you're trying to access the database from an IP that isn't whitelisted. Make sure your current IP address is on your Atlas cluster's IP whitelist: https://www.mongodb.com/docs/atlas/security-whitelist/","timestamp":"2025-05-28T17:20:09.935Z"}
{"level":"info","message":"✅ Firebase Admin SDK initialized successfully","timestamp":"2025-05-28T17:21:45.411Z"}
{"level":"info","message":"✅ Socket.IO initialized","timestamp":"2025-05-28T17:21:45.696Z"}
{"level":"info","message":"✅ Nodemailer configured","timestamp":"2025-05-28T17:21:45.786Z"}
{"level":"info","message":"✅ Cloudinary configured","timestamp":"2025-05-28T17:21:45.789Z"}
{"level":"info","message":"✅ Server running on port 3000","timestamp":"2025-05-28T17:21:45.850Z"}
{"level":"error","message":"❌ MongoDB connection error: Could not connect to any servers in your MongoDB Atlas cluster. One common reason is that you're trying to access the database from an IP that isn't whitelisted. Make sure your current IP address is on your Atlas cluster's IP whitelist: https://www.mongodb.com/docs/atlas/security-whitelist/","timestamp":"2025-05-28T17:21:53.487Z"}
{"level":"info","message":"✅ Firebase Admin SDK initialized successfully","timestamp":"2025-05-28T17:23:49.872Z"}
{"level":"info","message":"✅ Socket.IO initialized","timestamp":"2025-05-28T17:23:50.042Z"}
{"level":"info","message":"✅ Nodemailer configured","timestamp":"2025-05-28T17:23:50.119Z"}
{"level":"info","message":"✅ Cloudinary configured","timestamp":"2025-05-28T17:23:50.121Z"}
{"level":"info","message":"✅ Server running on port 3000","timestamp":"2025-05-28T17:23:50.176Z"}
{"level":"info","message":"✅ MongoDB connected successfully","timestamp":"2025-05-28T17:23:56.398Z"}
{"level":"info","message":"[2025-05-28T17:35:13.566Z] GET /users-profile/67d845b5c9add2113fc80789","timestamp":"2025-05-28T17:35:13.567Z"}
{"level":"info","message":"Socket connected: IcGRKO63FUmGrBpuAAAB","timestamp":"2025-05-28T17:36:30.951Z"}
{"level":"info","message":"[2025-05-28T17:36:31.063Z] GET /api/messages?userId=67d845b5c9add2113fc80789","timestamp":"2025-05-28T17:36:31.063Z"}
{"level":"info","message":"[2025-05-28T17:36:31.079Z] GET /users-profile/67d845b5c9add2113fc80789","timestamp":"2025-05-28T17:36:31.079Z"}
{"level":"info","message":"[2025-05-28T17:36:31.090Z] GET /notification-counts?userId=67d845b5c9add2113fc80789","timestamp":"2025-05-28T17:36:31.090Z"}
{"level":"info","message":"[2025-05-28T17:36:43.847Z] PUT /messages/mark-as-viewed","timestamp":"2025-05-28T17:36:43.847Z"}
{"level":"info","message":"[2025-05-28T17:37:00.883Z] GET /notification-counts?userId=67d845b5c9add2113fc80789","timestamp":"2025-05-28T17:37:00.883Z"}
{"level":"info","message":"Socket disconnected: IcGRKO63FUmGrBpuAAAB","timestamp":"2025-05-28T17:37:04.763Z"}
{"level":"info","message":"Socket connected: wLaaS3z36c1b-a43AAAD","timestamp":"2025-05-28T18:02:16.189Z"}
{"level":"info","message":"[2025-05-28T18:02:16.377Z] GET /api/messages?userId=67d845b5c9add2113fc80789","timestamp":"2025-05-28T18:02:16.377Z"}
{"level":"info","message":"[2025-05-28T18:02:16.388Z] GET /users-profile/67d845b5c9add2113fc80789","timestamp":"2025-05-28T18:02:16.388Z"}
{"level":"info","message":"[2025-05-28T18:02:16.395Z] GET /notification-counts?userId=67d845b5c9add2113fc80789","timestamp":"2025-05-28T18:02:16.395Z"}
{"level":"info","message":"[2025-05-28T18:02:18.831Z] PUT /api/messages/mark-as-viewed","timestamp":"2025-05-28T18:02:18.831Z"}
{"level":"info","message":"Socket disconnected: wLaaS3z36c1b-a43AAAD","timestamp":"2025-05-28T18:02:19.287Z"}
{"level":"info","message":"[2025-05-28T18:02:20.729Z] GET /messages?user1=67d845b5c9add2113fc80789&user2=679d530c96d06fa5dfab1ded","timestamp":"2025-05-28T18:02:20.729Z"}
{"level":"info","message":"Socket connected: a9AfSiAadhvresg6AAAF","timestamp":"2025-05-28T18:02:20.828Z"}
{"level":"info","message":"[2025-05-28T18:02:35.631Z] POST /send","timestamp":"2025-05-28T18:02:35.631Z"}
{"level":"info","message":"Socket disconnected: a9AfSiAadhvresg6AAAF","timestamp":"2025-05-28T18:03:20.568Z"}
{"level":"info","message":"Socket connected: HlTGljKD0BdGuuANAAAH","timestamp":"2025-05-28T18:03:21.435Z"}
{"level":"info","message":"[2025-05-28T18:03:23.413Z] PUT /api/messages/mark-as-viewed","timestamp":"2025-05-28T18:03:23.413Z"}
{"level":"info","message":"Socket disconnected: HlTGljKD0BdGuuANAAAH","timestamp":"2025-05-28T18:03:23.680Z"}
{"level":"info","message":"[2025-05-28T18:03:25.176Z] GET /messages?user1=67d845b5c9add2113fc80789&user2=679d530c96d06fa5dfab1ded","timestamp":"2025-05-28T18:03:25.177Z"}
{"level":"info","message":"Socket connected: N8a5G3tW1UzTsiVaAAAJ","timestamp":"2025-05-28T18:03:25.229Z"}
{"level":"info","message":"Socket disconnected: N8a5G3tW1UzTsiVaAAAJ","timestamp":"2025-05-28T18:03:26.860Z"}
{"level":"info","message":"Socket connected: aiwkdu9bNao0PYJkAAAL","timestamp":"2025-05-28T18:03:27.214Z"}
{"level":"info","message":"Socket disconnected: aiwkdu9bNao0PYJkAAAL","timestamp":"2025-05-28T18:03:28.965Z"}
{"level":"info","message":"Socket connected: w9D8IctZEMUID2JWAAAN","timestamp":"2025-05-28T18:03:30.435Z"}
{"level":"info","message":"[2025-05-28T18:03:30.771Z] GET /users-profile/67d845b5c9add2113fc80789","timestamp":"2025-05-28T18:03:30.771Z"}
{"level":"info","message":"[2025-05-28T18:03:30.841Z] GET /notification-counts?userId=67d845b5c9add2113fc80789","timestamp":"2025-05-28T18:03:30.841Z"}
{"level":"info","message":"[2025-05-28T18:03:30.881Z] GET /requests?category=&sort=-createdAt","timestamp":"2025-05-28T18:03:30.881Z"}
{"level":"info","message":"Socket disconnected: w9D8IctZEMUID2JWAAAN","timestamp":"2025-05-28T18:03:45.548Z"}
{"level":"info","message":"[2025-05-28T18:03:47.004Z] GET /messages?user1=67d845b5c9add2113fc80789&user2=679d530c96d06fa5dfab1ded","timestamp":"2025-05-28T18:03:47.005Z"}
{"level":"info","message":"Socket connected: KHdPZ1lcFkQx9Ks2AAAP","timestamp":"2025-05-28T18:03:47.083Z"}
{"level":"info","message":"Socket disconnected: KHdPZ1lcFkQx9Ks2AAAP","timestamp":"2025-05-28T18:03:47.116Z"}
{"level":"info","message":"Socket connected: A5lyAhJKvmxV_GCCAAAR","timestamp":"2025-05-28T18:03:48.191Z"}
{"level":"info","message":"Socket disconnected: A5lyAhJKvmxV_GCCAAAR","timestamp":"2025-05-28T18:03:52.059Z"}
{"level":"info","message":"[2025-05-28T18:03:53.620Z] GET /messages?user1=67d845b5c9add2113fc80789&user2=67ea85392bdcf76cec54ff60","timestamp":"2025-05-28T18:03:53.621Z"}
{"level":"info","message":"Socket connected: zVpINCQ2sz1yisdLAAAT","timestamp":"2025-05-28T18:03:53.691Z"}
{"level":"info","message":"[2025-05-28T18:03:56.287Z] POST /send","timestamp":"2025-05-28T18:03:56.287Z"}
{"level":"info","message":"Socket disconnected: zVpINCQ2sz1yisdLAAAT","timestamp":"2025-05-28T18:03:57.731Z"}
{"level":"info","message":"Socket connected: 4HU8y1KxiIUqNbwLAAAV","timestamp":"2025-05-28T18:03:58.707Z"}
{"level":"info","message":"Socket disconnected: 4HU8y1KxiIUqNbwLAAAV","timestamp":"2025-05-28T18:04:00.093Z"}
{"level":"info","message":"[2025-05-28T18:04:00.108Z] POST /messages/mark-as-viewed","timestamp":"2025-05-28T18:04:00.108Z"}
{"level":"info","message":"[2025-05-28T18:04:00.283Z] GET /notification-counts?userId=67d845b5c9add2113fc80789","timestamp":"2025-05-28T18:04:00.283Z"}
{"level":"info","message":"[2025-05-28T18:04:00.823Z] GET /api/messages?userId=67d845b5c9add2113fc80789","timestamp":"2025-05-28T18:04:00.823Z"}
{"level":"info","message":"Socket connected: yNgw08IYivcBUuqzAAAX","timestamp":"2025-05-28T18:04:00.864Z"}
{"level":"info","message":"[2025-05-28T18:04:00.877Z] GET /notification-counts?userId=67d845b5c9add2113fc80789","timestamp":"2025-05-28T18:04:00.877Z"}
{"level":"info","message":"[2025-05-28T18:04:00.913Z] GET /users-profile/67d845b5c9add2113fc80789","timestamp":"2025-05-28T18:04:00.914Z"}
{"level":"info","message":"[2025-05-28T18:04:04.153Z] PUT /api/messages/mark-as-viewed","timestamp":"2025-05-28T18:04:04.154Z"}
{"level":"info","message":"Socket disconnected: yNgw08IYivcBUuqzAAAX","timestamp":"2025-05-28T18:04:04.396Z"}
{"level":"info","message":"[2025-05-28T18:04:05.749Z] GET /messages?user1=67d845b5c9add2113fc80789&user2=679d530c96d06fa5dfab1ded","timestamp":"2025-05-28T18:04:05.749Z"}
{"level":"info","message":"Socket connected: 6cmBhrXmspWnaTb6AAAZ","timestamp":"2025-05-28T18:04:05.837Z"}
{"level":"info","message":"[2025-05-28T18:04:10.439Z] POST /send","timestamp":"2025-05-28T18:04:10.439Z"}
{"level":"info","message":"Socket disconnected: 6cmBhrXmspWnaTb6AAAZ","timestamp":"2025-05-28T18:04:11.149Z"}
{"level":"info","message":"Socket connected: TE1-MHDcquyEfRmEAAAb","timestamp":"2025-05-28T18:04:11.495Z"}
{"level":"info","message":"[2025-05-28T18:05:09.113Z] GET /notification-counts?userId=67d845b5c9add2113fc80789","timestamp":"2025-05-28T18:05:09.114Z"}
{"level":"info","message":"[2025-05-28T18:05:11.831Z] GET /notification-counts?userId=67d845b5c9add2113fc80789","timestamp":"2025-05-28T18:05:11.831Z"}
{"level":"info","message":"[2025-05-28T18:05:41.859Z] GET /notification-counts?userId=67d845b5c9add2113fc80789","timestamp":"2025-05-28T18:05:41.859Z"}
{"level":"info","message":"[2025-05-28T18:06:11.802Z] GET /notification-counts?userId=67d845b5c9add2113fc80789","timestamp":"2025-05-28T18:06:11.802Z"}
{"level":"info","message":"[2025-05-28T18:06:44.901Z] GET /notification-counts?userId=67d845b5c9add2113fc80789","timestamp":"2025-05-28T18:06:44.902Z"}
{"level":"info","message":"[2025-05-28T18:07:11.822Z] GET /notification-counts?userId=67d845b5c9add2113fc80789","timestamp":"2025-05-28T18:07:11.822Z"}
{"level":"info","message":"Socket disconnected: TE1-MHDcquyEfRmEAAAb","timestamp":"2025-05-28T18:07:25.074Z"}
{"level":"info","message":"Socket connected: hP8z38DdPUmZrULzAAAd","timestamp":"2025-05-28T18:07:26.166Z"}
{"level":"info","message":"Socket disconnected: hP8z38DdPUmZrULzAAAd","timestamp":"2025-05-28T18:07:26.324Z"}
{"level":"info","message":"[2025-05-28T18:07:26.386Z] GET /users-profile/67d845b5c9add2113fc80789","timestamp":"2025-05-28T18:07:26.386Z"}
{"level":"info","message":"[2025-05-28T18:07:26.427Z] GET /requests?category=&sort=-createdAt","timestamp":"2025-05-28T18:07:26.427Z"}
{"level":"info","message":"[2025-05-28T18:07:26.689Z] GET /users-profile/67d845b5c9add2113fc80789","timestamp":"2025-05-28T18:07:26.689Z"}
{"level":"info","message":"Socket connected: y66426RkEcrEawFHAAAf","timestamp":"2025-05-28T18:07:26.695Z"}
{"level":"info","message":"Socket disconnected: y66426RkEcrEawFHAAAf","timestamp":"2025-05-28T18:07:27.261Z"}
{"level":"info","message":"[2025-05-28T18:07:37.208Z] GET /users-profile/67d845b5c9add2113fc80789","timestamp":"2025-05-28T18:07:37.208Z"}
{"level":"info","message":"[2025-05-28T18:10:18.222Z] GET /users-profile/67d845b5c9add2113fc80789","timestamp":"2025-05-28T18:10:18.224Z"}
{"level":"info","message":"[2025-05-28T18:10:44.838Z] GET /users-profile/67d845b5c9add2113fc80789","timestamp":"2025-05-28T18:10:44.838Z"}
{"level":"info","message":"[2025-05-28T18:10:59.217Z] GET /api/messages?userId=67d845b5c9add2113fc80789","timestamp":"2025-05-28T18:10:59.218Z"}
{"level":"info","message":"Socket connected: kbGLBZ4IZ69z2-dTAAAh","timestamp":"2025-05-28T18:10:59.266Z"}
{"level":"info","message":"[2025-05-28T18:10:59.362Z] GET /users-profile/67d845b5c9add2113fc80789","timestamp":"2025-05-28T18:10:59.363Z"}
{"level":"info","message":"[2025-05-28T18:10:59.385Z] GET /notification-counts?userId=67d845b5c9add2113fc80789","timestamp":"2025-05-28T18:10:59.385Z"}
{"level":"info","message":"Socket disconnected: kbGLBZ4IZ69z2-dTAAAh","timestamp":"2025-05-28T18:11:05.504Z"}
{"level":"info","message":"[2025-05-28T18:14:55.356Z] GET /users-profile/67d845b5c9add2113fc80789","timestamp":"2025-05-28T18:14:55.357Z"}
{"level":"info","message":"[2025-05-28T18:15:52.818Z] GET /api/messages?userId=67d845b5c9add2113fc80789","timestamp":"2025-05-28T18:15:52.818Z"}
{"level":"info","message":"Socket connected: VtlJxB2UShylgcROAAAj","timestamp":"2025-05-28T18:15:52.883Z"}
{"level":"info","message":"[2025-05-28T18:15:52.888Z] GET /users-profile/67d845b5c9add2113fc80789","timestamp":"2025-05-28T18:15:52.889Z"}
{"level":"info","message":"[2025-05-28T18:15:53.003Z] GET /notification-counts?userId=67d845b5c9add2113fc80789","timestamp":"2025-05-28T18:15:53.003Z"}
{"level":"info","message":"[2025-05-28T18:15:55.559Z] PUT /api/messages/mark-as-viewed","timestamp":"2025-05-28T18:15:55.559Z"}
{"level":"info","message":"Socket disconnected: VtlJxB2UShylgcROAAAj","timestamp":"2025-05-28T18:15:55.762Z"}
{"level":"info","message":"[2025-05-28T18:15:57.146Z] GET /messages?user1=67d845b5c9add2113fc80789&user2=679d530c96d06fa5dfab1ded","timestamp":"2025-05-28T18:15:57.146Z"}
{"level":"info","message":"Socket connected: VCg278DDAOGrd7fwAAAl","timestamp":"2025-05-28T18:15:57.220Z"}
{"level":"info","message":"[2025-05-28T18:15:59.436Z] GET /products?sellerId=679d530c96d06fa5dfab1ded","timestamp":"2025-05-28T18:15:59.436Z"}
{"level":"info","message":"Socket disconnected: VCg278DDAOGrd7fwAAAl","timestamp":"2025-05-28T18:16:14.432Z"}
{"level":"info","message":"Socket connected: 00gTvnXs9fWcCZZAAAAn","timestamp":"2025-05-28T18:16:14.786Z"}
{"level":"info","message":"[2025-05-28T18:16:17.106Z] PUT /api/messages/mark-as-viewed","timestamp":"2025-05-28T18:16:17.106Z"}
{"level":"info","message":"Socket disconnected: 00gTvnXs9fWcCZZAAAAn","timestamp":"2025-05-28T18:16:17.305Z"}
{"level":"info","message":"[2025-05-28T18:16:18.673Z] GET /messages?user1=67d845b5c9add2113fc80789&user2=67ea85392bdcf76cec54ff60","timestamp":"2025-05-28T18:16:18.673Z"}
{"level":"info","message":"Socket connected: sJthIdU_P6qTUCWBAAAp","timestamp":"2025-05-28T18:16:18.754Z"}
{"level":"info","message":"[2025-05-28T18:16:21.916Z] POST /send","timestamp":"2025-05-28T18:16:21.917Z"}
{"level":"info","message":"✅ Firebase Admin SDK initialized successfully","timestamp":"2025-05-29T05:41:01.206Z"}
{"level":"info","message":"✅ Socket.IO initialized","timestamp":"2025-05-29T05:41:01.437Z"}
{"level":"info","message":"✅ Nodemailer configured","timestamp":"2025-05-29T05:41:01.541Z"}
{"level":"info","message":"✅ Cloudinary configured","timestamp":"2025-05-29T05:41:01.544Z"}
{"level":"info","message":"✅ Server running on port 3000","timestamp":"2025-05-29T05:41:01.609Z"}
{"level":"info","message":"✅ MongoDB connected successfully","timestamp":"2025-05-29T05:41:07.956Z"}
{"level":"info","message":"✅ Firebase Admin SDK initialized successfully","timestamp":"2025-05-29T06:20:35.441Z"}
{"level":"info","message":"✅ Socket.IO initialized","timestamp":"2025-05-29T06:20:35.695Z"}
{"level":"info","message":"✅ Nodemailer configured","timestamp":"2025-05-29T06:20:35.802Z"}
{"level":"info","message":"✅ Cloudinary configured","timestamp":"2025-05-29T06:20:35.804Z"}
{"level":"info","message":"✅ Server running on port 3000","timestamp":"2025-05-29T06:20:35.877Z"}
{"level":"info","message":"✅ MongoDB connected successfully","timestamp":"2025-05-29T06:20:41.929Z"}
{"level":"info","message":"Socket connected: xn0LCvGLsSZV7UQUAAAB","timestamp":"2025-05-29T06:22:00.379Z"}
{"level":"info","message":"[2025-05-29T06:22:00.583Z] GET /users-profile/67d845b5c9add2113fc80789","timestamp":"2025-05-29T06:22:00.584Z"}
{"level":"info","message":"[2025-05-29T06:22:00.841Z] GET /notification-counts?userId=67d845b5c9add2113fc80789","timestamp":"2025-05-29T06:22:00.842Z"}
{"level":"info","message":"[2025-05-29T06:22:00.859Z] GET /verify-token","timestamp":"2025-05-29T06:22:00.860Z"}
{"level":"info","message":"[2025-05-29T06:22:01.272Z] GET /post?category=","timestamp":"2025-05-29T06:22:01.272Z"}
{"level":"info","message":"Socket disconnected: xn0LCvGLsSZV7UQUAAAB","timestamp":"2025-05-29T06:22:09.353Z"}
{"level":"info","message":"Socket connected: PZTFb4MsG7KT-aJRAAAD","timestamp":"2025-05-29T06:22:17.817Z"}
{"level":"info","message":"Socket disconnected: PZTFb4MsG7KT-aJRAAAD","timestamp":"2025-05-29T06:22:17.955Z"}
{"level":"info","message":"[2025-05-29T06:22:52.401Z] GET /users-profile/67d845b5c9add2113fc80789","timestamp":"2025-05-29T06:22:52.401Z"}
{"level":"info","message":"[2025-05-29T06:28:04.584Z] GET /users-profile/67d845b5c9add2113fc80789","timestamp":"2025-05-29T06:28:04.585Z"}
{"level":"info","message":"[2025-05-29T06:30:00.785Z] GET /users-profile/67d845b5c9add2113fc80789","timestamp":"2025-05-29T06:30:00.785Z"}
{"level":"info","message":"[2025-05-29T06:30:25.029Z] POST /post","timestamp":"2025-05-29T06:30:25.029Z"}
{"level":"info","message":"[2025-05-29T06:30:29.381Z] POST /post","timestamp":"2025-05-29T06:30:29.381Z"}
{"level":"info","message":"[2025-05-29T06:31:48.789Z] GET /users-profile/67d845b5c9add2113fc80789","timestamp":"2025-05-29T06:31:48.789Z"}
{"level":"info","message":"[2025-05-29T06:32:10.854Z] POST /post","timestamp":"2025-05-29T06:32:10.854Z"}
{"level":"info","message":"[2025-05-29T06:32:20.286Z] POST /post","timestamp":"2025-05-29T06:32:20.286Z"}
{"level":"info","message":"[2025-05-29T06:32:20.898Z] POST /post","timestamp":"2025-05-29T06:32:20.899Z"}
{"level":"info","message":"[2025-05-29T06:32:21.520Z] POST /post","timestamp":"2025-05-29T06:32:21.521Z"}
{"level":"info","message":"[2025-05-29T06:32:22.950Z] POST /post","timestamp":"2025-05-29T06:32:22.950Z"}
{"level":"info","message":"[2025-05-29T06:42:03.979Z] GET /users-profile/67d845b5c9add2113fc80789","timestamp":"2025-05-29T06:42:03.982Z"}
{"level":"info","message":"[2025-05-29T06:43:01.849Z] POST /post","timestamp":"2025-05-29T06:43:01.849Z"}
{"level":"info","message":"Socket connected: qdBy2jkxtlcv-sQVAAAF","timestamp":"2025-05-29T06:50:59.069Z"}
{"level":"info","message":"[2025-05-29T06:50:59.306Z] GET /users-profile/67d845b5c9add2113fc80789","timestamp":"2025-05-29T06:50:59.306Z"}
{"level":"info","message":"[2025-05-29T06:50:59.321Z] GET /notification-counts?userId=67d845b5c9add2113fc80789","timestamp":"2025-05-29T06:50:59.321Z"}
{"level":"info","message":"[2025-05-29T06:50:59.405Z] GET /verify-token","timestamp":"2025-05-29T06:50:59.405Z"}
{"level":"info","message":"[2025-05-29T06:50:59.779Z] GET /post?category=","timestamp":"2025-05-29T06:50:59.779Z"}
{"level":"info","message":"[2025-05-29T06:51:28.543Z] GET /notification-counts?userId=67d845b5c9add2113fc80789","timestamp":"2025-05-29T06:51:28.543Z"}
{"level":"info","message":"[2025-05-29T06:51:59.972Z] GET /notification-counts?userId=67d845b5c9add2113fc80789","timestamp":"2025-05-29T06:51:59.973Z"}
{"level":"info","message":"Socket disconnected: qdBy2jkxtlcv-sQVAAAF","timestamp":"2025-05-29T06:52:06.269Z"}
{"level":"info","message":"[2025-05-29T06:52:26.521Z] POST /post","timestamp":"2025-05-29T06:52:26.521Z"}
{"level":"info","message":"Socket connected: xziLz1tlo05C12jkAAAH","timestamp":"2025-05-29T06:53:48.900Z"}
{"level":"info","message":"[2025-05-29T06:53:49.239Z] GET /post?category=","timestamp":"2025-05-29T06:53:49.239Z"}
{"level":"info","message":"Socket disconnected: xziLz1tlo05C12jkAAAH","timestamp":"2025-05-29T06:53:50.612Z"}
{"level":"info","message":"[2025-05-29T06:58:41.943Z] POST /ads/create","timestamp":"2025-05-29T06:58:41.950Z"}
{"level":"info","message":"[2025-05-29T07:02:14.787Z] POST /post","timestamp":"2025-05-29T07:02:14.789Z"}
{"level":"info","message":"[2025-05-29T07:07:19.822Z] POST /post","timestamp":"2025-05-29T07:07:19.824Z"}
{"level":"info","message":"✅ Firebase Admin SDK initialized successfully","timestamp":"2025-05-29T07:18:35.622Z"}
{"level":"info","message":"✅ Socket.IO initialized","timestamp":"2025-05-29T07:18:35.789Z"}
{"level":"info","message":"✅ Nodemailer configured","timestamp":"2025-05-29T07:18:35.866Z"}
{"level":"info","message":"✅ Cloudinary configured","timestamp":"2025-05-29T07:18:35.869Z"}
{"level":"info","message":"✅ Server running on port 3000","timestamp":"2025-05-29T07:18:35.920Z"}
{"level":"info","message":"✅ MongoDB connected successfully","timestamp":"2025-05-29T07:18:40.680Z"}
{"level":"info","message":"[2025-05-29T07:19:39.847Z] POST /post","timestamp":"2025-05-29T07:19:39.848Z"}
{"level":"info","message":"Socket connected: JxElnkbApsRV9dYhAAAB","timestamp":"2025-05-29T07:19:50.308Z"}
{"level":"info","message":"[2025-05-29T07:19:50.955Z] GET /users-profile/67d845b5c9add2113fc80789","timestamp":"2025-05-29T07:19:50.956Z"}
{"level":"info","message":"[2025-05-29T07:19:50.978Z] GET /notification-counts?userId=67d845b5c9add2113fc80789","timestamp":"2025-05-29T07:19:50.979Z"}
{"level":"info","message":"[2025-05-29T07:19:51.105Z] GET /verify-token","timestamp":"2025-05-29T07:19:51.106Z"}
{"level":"info","message":"[2025-05-29T07:19:51.340Z] GET /post?category=","timestamp":"2025-05-29T07:19:51.340Z"}
{"level":"info","message":"[2025-05-29T07:20:09.629Z] POST /post/like/68380a8f1a319eba8f50ee50","timestamp":"2025-05-29T07:20:09.629Z"}
{"level":"info","message":"[2025-05-29T07:20:20.137Z] GET /notification-counts?userId=67d845b5c9add2113fc80789","timestamp":"2025-05-29T07:20:20.137Z"}
{"level":"info","message":"[2025-05-29T07:20:24.086Z] POST /post/like/683807acc40d4d9c64d2e9ce","timestamp":"2025-05-29T07:20:24.086Z"}
{"level":"info","message":"[2025-05-29T07:20:50.129Z] GET /notification-counts?userId=67d845b5c9add2113fc80789","timestamp":"2025-05-29T07:20:50.129Z"}
{"level":"info","message":"Socket disconnected: JxElnkbApsRV9dYhAAAB","timestamp":"2025-05-29T07:20:52.365Z"}
{"level":"info","message":"[2025-05-29T07:21:23.066Z] POST /post","timestamp":"2025-05-29T07:21:23.066Z"}
{"level":"info","message":"✅ Firebase Admin SDK initialized successfully","timestamp":"2025-05-29T07:27:50.232Z"}
{"level":"info","message":"✅ Socket.IO initialized","timestamp":"2025-05-29T07:27:50.466Z"}
{"level":"info","message":"✅ Nodemailer configured","timestamp":"2025-05-29T07:27:50.550Z"}
{"level":"info","message":"✅ Cloudinary configured","timestamp":"2025-05-29T07:27:50.553Z"}
{"level":"info","message":"✅ Server running on port 3000","timestamp":"2025-05-29T07:27:50.599Z"}
{"level":"info","message":"✅ MongoDB connected successfully","timestamp":"2025-05-29T07:27:56.989Z"}
{"level":"info","message":"Socket connected: FGaElrvgusIypvr3AAAB","timestamp":"2025-05-29T07:28:43.078Z"}
{"level":"info","message":"[2025-05-29T07:28:43.310Z] GET /users-profile/67d845b5c9add2113fc80789","timestamp":"2025-05-29T07:28:43.310Z"}
{"level":"info","message":"[2025-05-29T07:28:43.488Z] GET /notification-counts?userId=67d845b5c9add2113fc80789","timestamp":"2025-05-29T07:28:43.488Z"}
{"level":"info","message":"[2025-05-29T07:28:43.501Z] GET /verify-token","timestamp":"2025-05-29T07:28:43.502Z"}
{"level":"info","message":"[2025-05-29T07:28:43.889Z] GET /post?category=","timestamp":"2025-05-29T07:28:43.889Z"}
{"level":"info","message":"Socket disconnected: FGaElrvgusIypvr3AAAB","timestamp":"2025-05-29T07:28:48.652Z"}
{"level":"info","message":"[2025-05-29T07:29:08.779Z] POST /post","timestamp":"2025-05-29T07:29:08.779Z"}
{"level":"info","message":"Socket connected: 5D7mo1FGFFgPxPjQAAAD","timestamp":"2025-05-29T07:31:39.513Z"}
{"level":"info","message":"[2025-05-29T07:31:39.781Z] GET /post?category=","timestamp":"2025-05-29T07:31:39.781Z"}
{"level":"info","message":"Socket disconnected: 5D7mo1FGFFgPxPjQAAAD","timestamp":"2025-05-29T07:31:40.036Z"}
{"level":"info","message":"✅ Firebase Admin SDK initialized successfully","timestamp":"2025-05-29T07:44:50.121Z"}
{"level":"info","message":"✅ Socket.IO initialized","timestamp":"2025-05-29T07:44:50.296Z"}
{"level":"info","message":"✅ Nodemailer configured","timestamp":"2025-05-29T07:44:50.369Z"}
{"level":"info","message":"✅ Cloudinary configured","timestamp":"2025-05-29T07:44:50.371Z"}
{"level":"info","message":"✅ Server running on port 3000","timestamp":"2025-05-29T07:44:50.414Z"}
{"level":"info","message":"✅ MongoDB connected successfully","timestamp":"2025-05-29T07:44:56.634Z"}
{"level":"info","message":"[2025-05-29T07:45:34.709Z] POST /post","timestamp":"2025-05-29T07:45:34.710Z"}
{"level":"info","message":"Socket connected: O-L1Jn-ky-Bq5rWXAAAB","timestamp":"2025-05-29T07:46:05.831Z"}
{"level":"info","message":"[2025-05-29T07:46:05.964Z] GET /users-profile/67d845b5c9add2113fc80789","timestamp":"2025-05-29T07:46:05.965Z"}
{"level":"info","message":"[2025-05-29T07:46:06.128Z] GET /notification-counts?userId=67d845b5c9add2113fc80789","timestamp":"2025-05-29T07:46:06.128Z"}
{"level":"info","message":"[2025-05-29T07:46:06.191Z] GET /verify-token","timestamp":"2025-05-29T07:46:06.191Z"}
{"level":"info","message":"[2025-05-29T07:46:06.459Z] GET /post?category=","timestamp":"2025-05-29T07:46:06.459Z"}
{"level":"info","message":"Socket disconnected: O-L1Jn-ky-Bq5rWXAAAB","timestamp":"2025-05-29T07:46:18.749Z"}
{"level":"info","message":"Socket connected: qkWcNaotDP88lkq2AAAD","timestamp":"2025-05-29T07:53:27.296Z"}
{"level":"info","message":"[2025-05-29T07:53:27.484Z] GET /users-profile/67d845b5c9add2113fc80789","timestamp":"2025-05-29T07:53:27.484Z"}
{"level":"info","message":"[2025-05-29T07:53:27.565Z] GET /notification-counts?userId=67d845b5c9add2113fc80789","timestamp":"2025-05-29T07:53:27.566Z"}
{"level":"info","message":"[2025-05-29T07:53:27.570Z] GET /verify-token","timestamp":"2025-05-29T07:53:27.571Z"}
{"level":"info","message":"[2025-05-29T07:53:27.912Z] GET /post?category=","timestamp":"2025-05-29T07:53:27.912Z"}
{"level":"info","message":"Socket disconnected: qkWcNaotDP88lkq2AAAD","timestamp":"2025-05-29T07:54:26.307Z"}
{"level":"info","message":"✅ Firebase Admin SDK initialized successfully","timestamp":"2025-05-29T08:00:27.752Z"}
{"level":"info","message":"✅ Socket.IO initialized","timestamp":"2025-05-29T08:00:27.914Z"}
{"level":"info","message":"✅ Nodemailer configured","timestamp":"2025-05-29T08:00:27.981Z"}
{"level":"info","message":"✅ Cloudinary configured","timestamp":"2025-05-29T08:00:27.982Z"}
{"level":"info","message":"✅ Server running on port 3000","timestamp":"2025-05-29T08:00:28.019Z"}
{"level":"info","message":"✅ MongoDB connected successfully","timestamp":"2025-05-29T08:00:32.700Z"}
{"level":"info","message":"Socket connected: g0lC1jjlcbBwOim9AAAB","timestamp":"2025-05-29T08:01:17.500Z"}
{"level":"info","message":"[2025-05-29T08:01:17.755Z] GET /users-profile/67d845b5c9add2113fc80789","timestamp":"2025-05-29T08:01:17.756Z"}
{"level":"info","message":"[2025-05-29T08:01:17.952Z] GET /notification-counts?userId=67d845b5c9add2113fc80789","timestamp":"2025-05-29T08:01:17.952Z"}
{"level":"info","message":"[2025-05-29T08:01:18.026Z] GET /verify-token","timestamp":"2025-05-29T08:01:18.026Z"}
{"level":"info","message":"[2025-05-29T08:01:18.323Z] GET /post?category=","timestamp":"2025-05-29T08:01:18.323Z"}
{"level":"info","message":"Socket disconnected: g0lC1jjlcbBwOim9AAAB","timestamp":"2025-05-29T08:02:01.941Z"}
{"level":"info","message":"Socket connected: mfn00tYEyV_AcTmGAAAD","timestamp":"2025-05-29T08:08:38.561Z"}
{"level":"info","message":"[2025-05-29T08:08:38.779Z] GET /verify-token","timestamp":"2025-05-29T08:08:38.779Z"}
{"level":"info","message":"[2025-05-29T08:08:38.790Z] GET /users-profile/67d845b5c9add2113fc80789","timestamp":"2025-05-29T08:08:38.791Z"}
{"level":"info","message":"[2025-05-29T08:08:38.887Z] GET /notification-counts?userId=67d845b5c9add2113fc80789","timestamp":"2025-05-29T08:08:38.888Z"}
{"level":"info","message":"[2025-05-29T08:08:39.156Z] GET /post?category=","timestamp":"2025-05-29T08:08:39.156Z"}
{"level":"info","message":"[2025-05-29T08:09:07.868Z] GET /notification-counts?userId=67d845b5c9add2113fc80789","timestamp":"2025-05-29T08:09:07.868Z"}
{"level":"info","message":"Socket disconnected: mfn00tYEyV_AcTmGAAAD","timestamp":"2025-05-29T08:09:24.162Z"}
{"level":"info","message":"Socket connected: zOyyUztuisyHQpm_AAAF","timestamp":"2025-05-29T08:15:13.138Z"}
{"level":"info","message":"[2025-05-29T08:15:14.371Z] GET /users-profile/67d845b5c9add2113fc80789","timestamp":"2025-05-29T08:15:14.371Z"}
{"level":"info","message":"[2025-05-29T08:15:14.429Z] GET /notification-counts?userId=67d845b5c9add2113fc80789","timestamp":"2025-05-29T08:15:14.430Z"}
{"level":"info","message":"[2025-05-29T08:15:14.474Z] GET /verify-token","timestamp":"2025-05-29T08:15:14.475Z"}
{"level":"info","message":"[2025-05-29T08:15:14.716Z] GET /post?category=","timestamp":"2025-05-29T08:15:14.717Z"}
{"level":"info","message":"Socket disconnected: zOyyUztuisyHQpm_AAAF","timestamp":"2025-05-29T08:15:37.659Z"}
{"level":"info","message":"[2025-05-29T08:15:56.543Z] POST /post","timestamp":"2025-05-29T08:15:56.543Z"}
{"level":"info","message":"Socket connected: ExbOGaKMW3GEjVhmAAAH","timestamp":"2025-05-29T08:16:47.902Z"}
{"level":"info","message":"[2025-05-29T08:16:48.019Z] GET /users-profile/67d845b5c9add2113fc80789","timestamp":"2025-05-29T08:16:48.019Z"}
{"level":"info","message":"[2025-05-29T08:16:48.053Z] GET /notification-counts?userId=67d845b5c9add2113fc80789","timestamp":"2025-05-29T08:16:48.053Z"}
{"level":"info","message":"[2025-05-29T08:16:48.078Z] GET /verify-token","timestamp":"2025-05-29T08:16:48.078Z"}
{"level":"info","message":"[2025-05-29T08:16:48.347Z] GET /post?category=","timestamp":"2025-05-29T08:16:48.347Z"}
{"level":"info","message":"Socket disconnected: ExbOGaKMW3GEjVhmAAAH","timestamp":"2025-05-29T08:17:13.112Z"}
{"level":"info","message":"Socket connected: gVorN5bu_jvgxbh_AAAJ","timestamp":"2025-05-29T08:17:15.399Z"}
{"level":"info","message":"[2025-05-29T08:17:15.658Z] GET /post?category=","timestamp":"2025-05-29T08:17:15.658Z"}
{"level":"info","message":"Socket disconnected: gVorN5bu_jvgxbh_AAAJ","timestamp":"2025-05-29T08:17:15.710Z"}
{"level":"info","message":"✅ Firebase Admin SDK initialized successfully","timestamp":"2025-05-29T08:25:46.149Z"}
{"level":"info","message":"✅ Socket.IO initialized","timestamp":"2025-05-29T08:25:46.420Z"}
{"level":"info","message":"✅ Nodemailer configured","timestamp":"2025-05-29T08:25:46.524Z"}
{"level":"info","message":"✅ Cloudinary configured","timestamp":"2025-05-29T08:25:46.527Z"}
{"level":"info","message":"✅ Server running on port 3000","timestamp":"2025-05-29T08:25:46.600Z"}
{"level":"error","message":"❌ MongoDB connection error: Server selection timed out after 5000 ms","timestamp":"2025-05-29T08:25:52.164Z"}
{"level":"info","message":"✅ Firebase Admin SDK initialized successfully","timestamp":"2025-05-29T08:27:41.180Z"}
{"level":"info","message":"✅ Socket.IO initialized","timestamp":"2025-05-29T08:27:41.331Z"}
{"level":"info","message":"✅ Nodemailer configured","timestamp":"2025-05-29T08:27:41.399Z"}
{"level":"info","message":"✅ Cloudinary configured","timestamp":"2025-05-29T08:27:41.401Z"}
{"level":"info","message":"✅ Server running on port 3000","timestamp":"2025-05-29T08:27:41.443Z"}
{"level":"error","message":"❌ MongoDB connection error: Could not connect to any servers in your MongoDB Atlas cluster. One common reason is that you're trying to access the database from an IP that isn't whitelisted. Make sure your current IP address is on your Atlas cluster's IP whitelist: https://www.mongodb.com/docs/atlas/security-whitelist/","timestamp":"2025-05-29T08:27:47.556Z"}
{"level":"info","message":"✅ Firebase Admin SDK initialized successfully","timestamp":"2025-05-29T08:35:15.771Z"}
{"level":"info","message":"✅ Socket.IO initialized","timestamp":"2025-05-29T08:35:15.943Z"}
{"level":"info","message":"✅ Nodemailer configured","timestamp":"2025-05-29T08:35:16.021Z"}
{"level":"info","message":"✅ Cloudinary configured","timestamp":"2025-05-29T08:35:16.024Z"}
{"level":"info","message":"✅ Server running on port 3000","timestamp":"2025-05-29T08:35:16.068Z"}
{"level":"info","message":"✅ MongoDB connected successfully","timestamp":"2025-05-29T08:35:19.961Z"}
{"level":"info","message":"Socket connected: Bgv6kmaprRo96HJzAAAB","timestamp":"2025-05-29T08:35:36.808Z"}
{"level":"info","message":"[2025-05-29T08:35:37.027Z] GET /users-profile/67d845b5c9add2113fc80789","timestamp":"2025-05-29T08:35:37.027Z"}
{"level":"info","message":"[2025-05-29T08:35:37.241Z] GET /notification-counts?userId=67d845b5c9add2113fc80789","timestamp":"2025-05-29T08:35:37.242Z"}
{"level":"info","message":"[2025-05-29T08:35:37.256Z] GET /verify-token","timestamp":"2025-05-29T08:35:37.256Z"}
{"level":"info","message":"[2025-05-29T08:35:37.744Z] GET /post?category=","timestamp":"2025-05-29T08:35:37.744Z"}
{"level":"info","message":"[2025-05-29T08:36:06.111Z] GET /notification-counts?userId=67d845b5c9add2113fc80789","timestamp":"2025-05-29T08:36:06.112Z"}
{"level":"info","message":"Socket disconnected: Bgv6kmaprRo96HJzAAAB","timestamp":"2025-05-29T08:36:46.161Z"}
{"level":"info","message":"[2025-05-29T08:38:06.211Z] GET /notification-counts?userId=67d845b5c9add2113fc80789","timestamp":"2025-05-29T08:38:06.211Z"}
{"level":"info","message":"[2025-05-29T08:38:06.625Z] GET /notification-counts?userId=67d845b5c9add2113fc80789","timestamp":"2025-05-29T08:38:06.625Z"}
{"level":"info","message":"[2025-05-29T08:38:07.068Z] GET /notification-counts?userId=67d845b5c9add2113fc80789","timestamp":"2025-05-29T08:38:07.068Z"}
{"level":"info","message":"Socket connected: eyKrStuWOSW0KHNFAAAD","timestamp":"2025-05-29T08:38:08.461Z"}
{"level":"info","message":"[2025-05-29T08:38:16.316Z] GET /post?category=electronics","timestamp":"2025-05-29T08:38:16.316Z"}
{"level":"info","message":"[2025-05-29T08:38:23.846Z] GET /post?category=electronics","timestamp":"2025-05-29T08:38:23.847Z"}
{"level":"info","message":"[2025-05-29T08:38:26.872Z] GET /post?category=all","timestamp":"2025-05-29T08:38:26.873Z"}
{"level":"info","message":"[2025-05-29T08:38:27.213Z] GET /notification-counts?userId=67d845b5c9add2113fc80789","timestamp":"2025-05-29T08:38:27.213Z"}
{"level":"info","message":"[2025-05-29T08:38:28.499Z] GET /post?category=fashion","timestamp":"2025-05-29T08:38:28.499Z"}
{"level":"info","message":"[2025-05-29T08:38:29.965Z] GET /post?category=all","timestamp":"2025-05-29T08:38:29.965Z"}
{"level":"info","message":"[2025-05-29T08:38:34.366Z] GET /post?category=electronics","timestamp":"2025-05-29T08:38:34.367Z"}
{"level":"info","message":"[2025-05-29T08:38:36.084Z] GET /notification-counts?userId=67d845b5c9add2113fc80789","timestamp":"2025-05-29T08:38:36.084Z"}
{"level":"info","message":"[2025-05-29T08:38:36.352Z] GET /post?category=electronics","timestamp":"2025-05-29T08:38:36.352Z"}
{"level":"info","message":"[2025-05-29T08:38:38.611Z] GET /post?category=electronics","timestamp":"2025-05-29T08:38:38.612Z"}
{"level":"info","message":"Socket disconnected: eyKrStuWOSW0KHNFAAAD","timestamp":"2025-05-29T08:38:50.335Z"}
{"level":"info","message":"Socket connected: _YmBqrAjO-xIH3yOAAAF","timestamp":"2025-05-29T08:38:52.884Z"}
{"level":"info","message":"[2025-05-29T08:38:53.134Z] GET /post?category=","timestamp":"2025-05-29T08:38:53.134Z"}
{"level":"info","message":"[2025-05-29T08:39:02.244Z] GET /post?category=fashion","timestamp":"2025-05-29T08:39:02.245Z"}
{"level":"info","message":"[2025-05-29T08:39:03.903Z] GET /post?category=home","timestamp":"2025-05-29T08:39:03.903Z"}
{"level":"info","message":"Socket disconnected: _YmBqrAjO-xIH3yOAAAF","timestamp":"2025-05-29T08:39:08.756Z"}
{"level":"info","message":"Socket connected: qJQVLtfXw0M9uO9tAAAH","timestamp":"2025-05-29T08:39:23.157Z"}
{"level":"info","message":"[2025-05-29T08:39:23.317Z] GET /users-profile/67d845b5c9add2113fc80789","timestamp":"2025-05-29T08:39:23.317Z"}
{"level":"info","message":"[2025-05-29T08:39:23.324Z] GET /notification-counts?userId=67d845b5c9add2113fc80789","timestamp":"2025-05-29T08:39:23.324Z"}
{"level":"info","message":"[2025-05-29T08:39:23.365Z] GET /verify-token","timestamp":"2025-05-29T08:39:23.365Z"}
{"level":"info","message":"[2025-05-29T08:39:23.647Z] GET /post?category=","timestamp":"2025-05-29T08:39:23.647Z"}
{"level":"info","message":"Socket disconnected: qJQVLtfXw0M9uO9tAAAH","timestamp":"2025-05-29T08:39:36.500Z"}
{"level":"info","message":"Socket connected: 7X7xvseJNbn61rDhAAAJ","timestamp":"2025-05-29T08:50:13.595Z"}
{"level":"info","message":"[2025-05-29T08:50:13.748Z] GET /users-profile/67d845b5c9add2113fc80789","timestamp":"2025-05-29T08:50:13.748Z"}
{"level":"info","message":"[2025-05-29T08:50:13.754Z] GET /notification-counts?userId=67d845b5c9add2113fc80789","timestamp":"2025-05-29T08:50:13.754Z"}
{"level":"info","message":"[2025-05-29T08:50:13.758Z] GET /verify-token","timestamp":"2025-05-29T08:50:13.758Z"}
{"level":"info","message":"[2025-05-29T08:50:14.095Z] GET /api/following","timestamp":"2025-05-29T08:50:14.095Z"}
{"level":"info","message":"[2025-05-29T08:50:14.189Z] GET /post?category=","timestamp":"2025-05-29T08:50:14.189Z"}
{"level":"info","message":"[2025-05-29T08:50:42.962Z] GET /notification-counts?userId=67d845b5c9add2113fc80789","timestamp":"2025-05-29T08:50:42.962Z"}
{"level":"info","message":"Socket disconnected: 7X7xvseJNbn61rDhAAAJ","timestamp":"2025-05-29T08:51:48.002Z"}
{"level":"info","message":"[2025-05-29T08:52:46.497Z] GET /notification-counts?userId=67d845b5c9add2113fc80789","timestamp":"2025-05-29T08:52:46.498Z"}
{"level":"info","message":"[2025-05-29T08:52:46.977Z] GET /notification-counts?userId=67d845b5c9add2113fc80789","timestamp":"2025-05-29T08:52:46.978Z"}
{"level":"info","message":"[2025-05-29T08:52:47.381Z] GET /notification-counts?userId=67d845b5c9add2113fc80789","timestamp":"2025-05-29T08:52:47.381Z"}
{"level":"info","message":"[2025-05-29T08:52:47.840Z] GET /notification-counts?userId=67d845b5c9add2113fc80789","timestamp":"2025-05-29T08:52:47.841Z"}
{"level":"info","message":"Socket connected: bXqtAejkPL-DUMWgAAAL","timestamp":"2025-05-29T08:52:52.880Z"}
{"level":"info","message":"Socket disconnected: bXqtAejkPL-DUMWgAAAL","timestamp":"2025-05-29T08:53:37.883Z"}
{"level":"info","message":"Socket connected: uvV4Td8_GWGg8GKvAAAN","timestamp":"2025-05-29T09:05:02.665Z"}
{"level":"info","message":"[2025-05-29T09:05:02.871Z] GET /users-profile/67d845b5c9add2113fc80789","timestamp":"2025-05-29T09:05:02.871Z"}
{"level":"info","message":"[2025-05-29T09:05:02.942Z] GET /notification-counts?userId=67d845b5c9add2113fc80789","timestamp":"2025-05-29T09:05:02.942Z"}
{"level":"info","message":"[2025-05-29T09:05:31.768Z] GET /notification-counts?userId=67d845b5c9add2113fc80789","timestamp":"2025-05-29T09:05:31.769Z"}
{"level":"info","message":"Socket disconnected: uvV4Td8_GWGg8GKvAAAN","timestamp":"2025-05-29T09:05:50.885Z"}
{"level":"info","message":"Socket connected: rESzhNjCQqP5mmpOAAAP","timestamp":"2025-05-29T09:09:24.083Z"}
{"level":"info","message":"[2025-05-29T09:09:25.077Z] GET /users-profile/67d845b5c9add2113fc80789","timestamp":"2025-05-29T09:09:25.077Z"}
{"level":"info","message":"[2025-05-29T09:09:25.084Z] GET /notification-counts?userId=67d845b5c9add2113fc80789","timestamp":"2025-05-29T09:09:25.084Z"}
{"level":"info","message":"Socket disconnected: rESzhNjCQqP5mmpOAAAP","timestamp":"2025-05-29T09:09:42.515Z"}
{"level":"info","message":"Socket connected: U-dvmj3u_YJoOgRBAAAR","timestamp":"2025-05-29T09:10:29.480Z"}
{"level":"info","message":"[2025-05-29T09:10:29.646Z] GET /users-profile/67d845b5c9add2113fc80789","timestamp":"2025-05-29T09:10:29.646Z"}
{"level":"info","message":"[2025-05-29T09:10:29.666Z] GET /notification-counts?userId=67d845b5c9add2113fc80789","timestamp":"2025-05-29T09:10:29.666Z"}
{"level":"info","message":"Socket disconnected: U-dvmj3u_YJoOgRBAAAR","timestamp":"2025-05-29T09:11:13.654Z"}
{"level":"info","message":"[2025-05-29T09:11:44.921Z] GET /notification-counts?userId=67d845b5c9add2113fc80789","timestamp":"2025-05-29T09:11:44.921Z"}
{"level":"info","message":"[2025-05-29T09:11:45.350Z] GET /notification-counts?userId=67d845b5c9add2113fc80789","timestamp":"2025-05-29T09:11:45.350Z"}
{"level":"info","message":"Socket connected: JrS1PkbN1BdE1wpNAAAT","timestamp":"2025-05-29T09:11:46.731Z"}
{"level":"info","message":"Socket disconnected: JrS1PkbN1BdE1wpNAAAT","timestamp":"2025-05-29T09:12:31.706Z"}
{"level":"info","message":"[2025-05-29T09:12:53.773Z] GET /notification-counts?userId=67d845b5c9add2113fc80789","timestamp":"2025-05-29T09:12:53.773Z"}
{"level":"info","message":"[2025-05-29T09:12:54.132Z] GET /notification-counts?userId=67d845b5c9add2113fc80789","timestamp":"2025-05-29T09:12:54.132Z"}
{"level":"info","message":"Socket connected: k2WBSq-6Td2vFrkWAAAV","timestamp":"2025-05-29T09:12:55.959Z"}
{"level":"info","message":"[2025-05-29T09:12:58.667Z] GET /notification-counts?userId=67d845b5c9add2113fc80789","timestamp":"2025-05-29T09:12:58.668Z"}
{"level":"info","message":"[2025-05-29T09:13:28.756Z] GET /notification-counts?userId=67d845b5c9add2113fc80789","timestamp":"2025-05-29T09:13:28.756Z"}
{"level":"info","message":"[2025-05-29T09:13:58.774Z] GET /notification-counts?userId=67d845b5c9add2113fc80789","timestamp":"2025-05-29T09:13:58.774Z"}
{"level":"info","message":"Socket disconnected: k2WBSq-6Td2vFrkWAAAV","timestamp":"2025-05-29T09:14:30.971Z"}
{"level":"info","message":"[2025-05-29T09:18:07.411Z] GET /notification-counts?userId=67d845b5c9add2113fc80789","timestamp":"2025-05-29T09:18:07.413Z"}
{"level":"info","message":"[2025-05-29T09:18:08.012Z] GET /notification-counts?userId=67d845b5c9add2113fc80789","timestamp":"2025-05-29T09:18:08.012Z"}
{"level":"info","message":"Socket connected: 3sJVhRJuCNF3jY8eAAAX","timestamp":"2025-05-29T09:18:25.904Z"}
{"level":"info","message":"[2025-05-29T09:18:26.092Z] GET /users-profile/67d845b5c9add2113fc80789","timestamp":"2025-05-29T09:18:26.093Z"}
{"level":"info","message":"[2025-05-29T09:18:26.121Z] GET /notification-counts?userId=67d845b5c9add2113fc80789","timestamp":"2025-05-29T09:18:26.121Z"}
{"level":"info","message":"Socket disconnected: 3sJVhRJuCNF3jY8eAAAX","timestamp":"2025-05-29T09:18:31.374Z"}
{"level":"info","message":"[2025-05-29T09:18:51.740Z] POST /login","timestamp":"2025-05-29T09:18:51.740Z"}
{"level":"info","message":"Socket connected: vZeidMrf2VssM0DjAAAZ","timestamp":"2025-05-29T09:18:56.353Z"}
{"level":"info","message":"[2025-05-29T09:18:56.431Z] GET /verify-token","timestamp":"2025-05-29T09:18:56.431Z"}
{"level":"info","message":"[2025-05-29T09:18:56.435Z] GET /users-profile/679d530c96d06fa5dfab1ded","timestamp":"2025-05-29T09:18:56.436Z"}
{"level":"info","message":"[2025-05-29T09:18:56.468Z] GET /profile/679d530c96d06fa5dfab1ded","timestamp":"2025-05-29T09:18:56.469Z"}
{"level":"info","message":"[2025-05-29T09:18:56.504Z] GET /notification-counts?userId=679d530c96d06fa5dfab1ded","timestamp":"2025-05-29T09:18:56.504Z"}
{"level":"info","message":"[2025-05-29T09:18:56.545Z] GET /user-reviews/679d530c96d06fa5dfab1ded","timestamp":"2025-05-29T09:18:56.545Z"}
{"level":"info","message":"[2025-05-29T09:18:56.564Z] GET /average-rating/679d530c96d06fa5dfab1ded","timestamp":"2025-05-29T09:18:56.564Z"}
{"level":"info","message":"Socket connected: yUp9eFo2BC1FkMgyAAAb","timestamp":"2025-05-29T09:18:56.642Z"}
{"level":"info","message":"[2025-05-29T09:18:56.777Z] GET /post?userId=679d530c96d06fa5dfab1ded","timestamp":"2025-05-29T09:18:56.777Z"}
{"level":"info","message":"[2025-05-29T09:19:02.283Z] GET /user-reviews/679d530c96d06fa5dfab1ded","timestamp":"2025-05-29T09:19:02.283Z"}
{"level":"info","message":"[2025-05-29T09:19:02.301Z] GET /average-rating/679d530c96d06fa5dfab1ded","timestamp":"2025-05-29T09:19:02.301Z"}
{"level":"info","message":"Socket disconnected: vZeidMrf2VssM0DjAAAZ","timestamp":"2025-05-29T09:19:08.061Z"}
{"level":"info","message":"Socket disconnected: yUp9eFo2BC1FkMgyAAAb","timestamp":"2025-05-29T09:19:08.067Z"}
{"level":"info","message":"Socket connected: bPN5XHW1srexCT3LAAAd","timestamp":"2025-05-29T09:19:09.437Z"}
{"level":"info","message":"[2025-05-29T09:19:09.585Z] GET /users-profile/679d530c96d06fa5dfab1ded","timestamp":"2025-05-29T09:19:09.585Z"}
{"level":"info","message":"[2025-05-29T09:19:09.634Z] GET /notification-counts?userId=679d530c96d06fa5dfab1ded","timestamp":"2025-05-29T09:19:09.635Z"}
{"level":"info","message":"Socket disconnected: bPN5XHW1srexCT3LAAAd","timestamp":"2025-05-29T09:19:37.194Z"}
{"level":"info","message":"Socket connected: C1RnWZYx1VoV6CcOAAAf","timestamp":"2025-05-29T09:19:38.117Z"}
{"level":"info","message":"Socket disconnected: C1RnWZYx1VoV6CcOAAAf","timestamp":"2025-05-29T09:19:39.486Z"}
{"level":"info","message":"Socket connected: CiHZiQ6OGV5yYhYNAAAi","timestamp":"2025-05-29T09:19:44.682Z"}
{"level":"info","message":"Socket disconnected: CiHZiQ6OGV5yYhYNAAAi","timestamp":"2025-05-29T09:19:56.052Z"}
{"level":"info","message":"Socket connected: Ocea01hFQerAq3lzAAAk","timestamp":"2025-05-29T09:20:17.886Z"}
{"level":"info","message":"Socket disconnected: Ocea01hFQerAq3lzAAAk","timestamp":"2025-05-29T09:20:22.587Z"}
{"level":"info","message":"[2025-05-29T09:20:30.245Z] POST /login","timestamp":"2025-05-29T09:20:30.246Z"}
{"level":"info","message":"Socket connected: bNoBCFp3nh9_samTAAAm","timestamp":"2025-05-29T09:20:34.965Z"}
{"level":"info","message":"[2025-05-29T09:20:35.028Z] GET /verify-token","timestamp":"2025-05-29T09:20:35.028Z"}
{"level":"info","message":"[2025-05-29T09:20:35.043Z] GET /users-profile/679d530c96d06fa5dfab1ded","timestamp":"2025-05-29T09:20:35.043Z"}
{"level":"info","message":"[2025-05-29T09:20:35.064Z] GET /profile/679d530c96d06fa5dfab1ded","timestamp":"2025-05-29T09:20:35.064Z"}
{"level":"info","message":"[2025-05-29T09:20:35.098Z] GET /notification-counts?userId=679d530c96d06fa5dfab1ded","timestamp":"2025-05-29T09:20:35.098Z"}
{"level":"info","message":"[2025-05-29T09:20:35.164Z] GET /user-reviews/679d530c96d06fa5dfab1ded","timestamp":"2025-05-29T09:20:35.164Z"}
{"level":"info","message":"[2025-05-29T09:20:35.186Z] GET /average-rating/679d530c96d06fa5dfab1ded","timestamp":"2025-05-29T09:20:35.187Z"}
{"level":"info","message":"Socket connected: Fkh8e8sp7IJouNZyAAAo","timestamp":"2025-05-29T09:20:35.277Z"}
{"level":"info","message":"[2025-05-29T09:20:35.364Z] GET /post?userId=679d530c96d06fa5dfab1ded","timestamp":"2025-05-29T09:20:35.364Z"}
{"level":"info","message":"Socket disconnected: bNoBCFp3nh9_samTAAAm","timestamp":"2025-05-29T09:20:43.029Z"}
{"level":"info","message":"Socket disconnected: Fkh8e8sp7IJouNZyAAAo","timestamp":"2025-05-29T09:20:43.034Z"}
{"level":"info","message":"Socket connected: -gzStkJjsOy_tKl2AAAq","timestamp":"2025-05-29T09:20:44.684Z"}
{"level":"info","message":"[2025-05-29T09:20:44.814Z] GET /users-profile/679d530c96d06fa5dfab1ded","timestamp":"2025-05-29T09:20:44.814Z"}
{"level":"info","message":"[2025-05-29T09:20:44.849Z] GET /notification-counts?userId=679d530c96d06fa5dfab1ded","timestamp":"2025-05-29T09:20:44.849Z"}
{"level":"info","message":"[2025-05-29T09:20:44.876Z] GET /verify-token","timestamp":"2025-05-29T09:20:44.876Z"}
{"level":"info","message":"[2025-05-29T09:20:45.155Z] GET /api/following","timestamp":"2025-05-29T09:20:45.155Z"}
{"level":"info","message":"[2025-05-29T09:20:45.226Z] GET /post?category=","timestamp":"2025-05-29T09:20:45.226Z"}
{"level":"info","message":"Socket disconnected: -gzStkJjsOy_tKl2AAAq","timestamp":"2025-05-29T09:21:01.428Z"}
{"level":"info","message":"Socket connected: nLSRu6hlw2bXBxwEAAAs","timestamp":"2025-05-29T09:21:02.526Z"}
{"level":"info","message":"Socket disconnected: nLSRu6hlw2bXBxwEAAAs","timestamp":"2025-05-29T09:21:02.542Z"}
{"level":"info","message":"[2025-05-29T09:21:02.604Z] GET /verify-token","timestamp":"2025-05-29T09:21:02.604Z"}
{"level":"info","message":"[2025-05-29T09:21:02.623Z] GET /users-profile/679d530c96d06fa5dfab1ded","timestamp":"2025-05-29T09:21:02.624Z"}
{"level":"info","message":"[2025-05-29T09:21:02.662Z] GET /profile/679d530c96d06fa5dfab1ded","timestamp":"2025-05-29T09:21:02.663Z"}
{"level":"info","message":"[2025-05-29T09:21:02.703Z] GET /notification-counts?userId=679d530c96d06fa5dfab1ded","timestamp":"2025-05-29T09:21:02.703Z"}
{"level":"info","message":"[2025-05-29T09:21:02.763Z] GET /user-reviews/679d530c96d06fa5dfab1ded","timestamp":"2025-05-29T09:21:02.763Z"}
{"level":"info","message":"[2025-05-29T09:21:02.788Z] GET /average-rating/679d530c96d06fa5dfab1ded","timestamp":"2025-05-29T09:21:02.788Z"}
{"level":"info","message":"[2025-05-29T09:21:02.839Z] GET /post?userId=679d530c96d06fa5dfab1ded","timestamp":"2025-05-29T09:21:02.839Z"}
{"level":"info","message":"Socket connected: 4QYOBBEhshn6bI0iAAAv","timestamp":"2025-05-29T09:21:04.606Z"}
{"level":"info","message":"[2025-05-29T09:21:04.705Z] GET /users-profile/679d530c96d06fa5dfab1ded","timestamp":"2025-05-29T09:21:04.705Z"}
{"level":"info","message":"[2025-05-29T09:21:04.743Z] GET /notification-counts?userId=679d530c96d06fa5dfab1ded","timestamp":"2025-05-29T09:21:04.743Z"}
{"level":"info","message":"Socket disconnected: 4QYOBBEhshn6bI0iAAAv","timestamp":"2025-05-29T09:21:04.748Z"}
{"level":"info","message":"[2025-05-29T09:21:04.796Z] GET /verify-token","timestamp":"2025-05-29T09:21:04.796Z"}
{"level":"info","message":"Socket connected: HpY-zHs9MyqSyP9YAAAx","timestamp":"2025-05-29T09:21:17.491Z"}
{"level":"info","message":"[2025-05-29T09:21:17.697Z] GET /users-profile/679d530c96d06fa5dfab1ded","timestamp":"2025-05-29T09:21:17.697Z"}
{"level":"info","message":"[2025-05-29T09:21:17.703Z] GET /notification-counts?userId=679d530c96d06fa5dfab1ded","timestamp":"2025-05-29T09:21:17.704Z"}
{"level":"info","message":"Socket disconnected: HpY-zHs9MyqSyP9YAAAx","timestamp":"2025-05-29T09:21:33.527Z"}
{"level":"info","message":"Socket connected: 5_kDqYG98kO8fvu3AAAz","timestamp":"2025-05-29T09:28:38.939Z"}
{"level":"info","message":"[2025-05-29T09:28:39.115Z] GET /users-profile/679d530c96d06fa5dfab1ded","timestamp":"2025-05-29T09:28:39.115Z"}
{"level":"info","message":"[2025-05-29T09:28:39.168Z] GET /notification-counts?userId=679d530c96d06fa5dfab1ded","timestamp":"2025-05-29T09:28:39.168Z"}
{"level":"info","message":"[2025-05-29T09:29:08.348Z] GET /notification-counts?userId=679d530c96d06fa5dfab1ded","timestamp":"2025-05-29T09:29:08.348Z"}
{"level":"info","message":"[2025-05-29T09:29:38.309Z] GET /notification-counts?userId=679d530c96d06fa5dfab1ded","timestamp":"2025-05-29T09:29:38.309Z"}
{"level":"info","message":"[2025-05-29T09:30:08.335Z] GET /notification-counts?userId=679d530c96d06fa5dfab1ded","timestamp":"2025-05-29T09:30:08.335Z"}
{"level":"info","message":"Socket disconnected: 5_kDqYG98kO8fvu3AAAz","timestamp":"2025-05-29T09:30:14.488Z"}
{"level":"info","message":"Socket connected: tsOuCIQ8xEvxVVeAAAA1","timestamp":"2025-05-29T09:35:05.738Z"}
{"level":"info","message":"[2025-05-29T09:35:06.005Z] GET /users-profile/679d530c96d06fa5dfab1ded","timestamp":"2025-05-29T09:35:06.005Z"}
{"level":"info","message":"[2025-05-29T09:35:06.015Z] GET /notification-counts?userId=679d530c96d06fa5dfab1ded","timestamp":"2025-05-29T09:35:06.015Z"}
{"level":"info","message":"Socket disconnected: tsOuCIQ8xEvxVVeAAAA1","timestamp":"2025-05-29T09:35:43.664Z"}
{"level":"info","message":"Socket connected: zvqQsVRFWVNfEcHtAAA3","timestamp":"2025-05-29T09:39:15.946Z"}
{"level":"info","message":"Socket disconnected: zvqQsVRFWVNfEcHtAAA3","timestamp":"2025-05-29T09:39:18.291Z"}
{"level":"info","message":"[2025-05-29T09:39:33.768Z] POST /login","timestamp":"2025-05-29T09:39:33.768Z"}
{"level":"info","message":"Socket connected: tE2-pOpD0TTf91nZAAA5","timestamp":"2025-05-29T09:39:37.951Z"}
{"level":"info","message":"[2025-05-29T09:39:38.021Z] GET /verify-token","timestamp":"2025-05-29T09:39:38.021Z"}
{"level":"info","message":"[2025-05-29T09:39:38.046Z] GET /users-profile/679d530c96d06fa5dfab1ded","timestamp":"2025-05-29T09:39:38.046Z"}
{"level":"info","message":"[2025-05-29T09:39:38.051Z] GET /profile/679d530c96d06fa5dfab1ded","timestamp":"2025-05-29T09:39:38.051Z"}
{"level":"info","message":"[2025-05-29T09:39:38.087Z] GET /notification-counts?userId=679d530c96d06fa5dfab1ded","timestamp":"2025-05-29T09:39:38.087Z"}
{"level":"info","message":"[2025-05-29T09:39:38.139Z] GET /user-reviews/679d530c96d06fa5dfab1ded","timestamp":"2025-05-29T09:39:38.139Z"}
{"level":"info","message":"[2025-05-29T09:39:38.157Z] GET /average-rating/679d530c96d06fa5dfab1ded","timestamp":"2025-05-29T09:39:38.157Z"}
{"level":"info","message":"Socket connected: jWAsbpPAWa_eQ90HAAA7","timestamp":"2025-05-29T09:39:38.226Z"}
{"level":"info","message":"Socket disconnected: tE2-pOpD0TTf91nZAAA5","timestamp":"2025-05-29T09:39:38.409Z"}
{"level":"info","message":"Socket disconnected: jWAsbpPAWa_eQ90HAAA7","timestamp":"2025-05-29T09:39:38.424Z"}
{"level":"info","message":"[2025-05-29T09:39:38.549Z] GET /post?userId=679d530c96d06fa5dfab1ded","timestamp":"2025-05-29T09:39:38.549Z"}
{"level":"info","message":"Socket connected: FjkBRg0q2oycUoGYAAA9","timestamp":"2025-05-29T09:39:39.915Z"}
{"level":"info","message":"[2025-05-29T09:39:40.093Z] GET /users-profile/679d530c96d06fa5dfab1ded","timestamp":"2025-05-29T09:39:40.093Z"}
{"level":"info","message":"[2025-05-29T09:39:40.109Z] GET /notification-counts?userId=679d530c96d06fa5dfab1ded","timestamp":"2025-05-29T09:39:40.110Z"}
{"level":"info","message":"Socket disconnected: FjkBRg0q2oycUoGYAAA9","timestamp":"2025-05-29T09:39:56.635Z"}
{"level":"info","message":"Socket connected: BTZaB_m59LQi4F4YAAA_","timestamp":"2025-05-29T09:39:57.795Z"}
{"level":"info","message":"Socket disconnected: BTZaB_m59LQi4F4YAAA_","timestamp":"2025-05-29T09:40:01.753Z"}
{"level":"info","message":"Socket connected: mhscm13FS5NG2LEHAABD","timestamp":"2025-05-29T09:40:06.918Z"}
{"level":"info","message":"Socket disconnected: mhscm13FS5NG2LEHAABD","timestamp":"2025-05-29T09:40:06.932Z"}
{"level":"info","message":"Socket connected: _SzUzf2afAs5hAVKAABF","timestamp":"2025-05-29T09:40:48.116Z"}
{"level":"info","message":"Socket disconnected: _SzUzf2afAs5hAVKAABF","timestamp":"2025-05-29T09:40:52.538Z"}
{"level":"info","message":"[2025-05-29T09:41:03.443Z] POST /login","timestamp":"2025-05-29T09:41:03.443Z"}
{"level":"info","message":"Socket connected: qNTpd8J5AicxiCvMAABH","timestamp":"2025-05-29T09:41:07.795Z"}
{"level":"info","message":"[2025-05-29T09:41:07.845Z] GET /verify-token","timestamp":"2025-05-29T09:41:07.845Z"}
{"level":"info","message":"[2025-05-29T09:41:07.859Z] GET /users-profile/679d530c96d06fa5dfab1ded","timestamp":"2025-05-29T09:41:07.859Z"}
{"level":"info","message":"[2025-05-29T09:41:07.894Z] GET /profile/679d530c96d06fa5dfab1ded","timestamp":"2025-05-29T09:41:07.894Z"}
{"level":"info","message":"[2025-05-29T09:41:07.922Z] GET /notification-counts?userId=679d530c96d06fa5dfab1ded","timestamp":"2025-05-29T09:41:07.923Z"}
{"level":"info","message":"[2025-05-29T09:41:07.967Z] GET /user-reviews/679d530c96d06fa5dfab1ded","timestamp":"2025-05-29T09:41:07.967Z"}
{"level":"info","message":"[2025-05-29T09:41:07.983Z] GET /average-rating/679d530c96d06fa5dfab1ded","timestamp":"2025-05-29T09:41:07.983Z"}
{"level":"info","message":"Socket connected: P-Dh2xg4zqAK__u6AABJ","timestamp":"2025-05-29T09:41:08.076Z"}
{"level":"info","message":"[2025-05-29T09:41:08.105Z] GET /post?userId=679d530c96d06fa5dfab1ded","timestamp":"2025-05-29T09:41:08.106Z"}
{"level":"info","message":"Socket disconnected: P-Dh2xg4zqAK__u6AABJ","timestamp":"2025-05-29T09:41:08.388Z"}
{"level":"info","message":"Socket disconnected: qNTpd8J5AicxiCvMAABH","timestamp":"2025-05-29T09:41:08.393Z"}
{"level":"info","message":"Socket connected: tpZVfI-zYngUAX8ZAABL","timestamp":"2025-05-29T09:41:09.743Z"}
{"level":"info","message":"[2025-05-29T09:41:09.862Z] GET /users-profile/679d530c96d06fa5dfab1ded","timestamp":"2025-05-29T09:41:09.863Z"}
{"level":"info","message":"[2025-05-29T09:41:09.878Z] GET /notification-counts?userId=679d530c96d06fa5dfab1ded","timestamp":"2025-05-29T09:41:09.878Z"}
{"level":"info","message":"[2025-05-29T09:41:09.899Z] GET /verify-token","timestamp":"2025-05-29T09:41:09.899Z"}
{"level":"info","message":"[2025-05-29T09:41:10.171Z] GET /post?category=","timestamp":"2025-05-29T09:41:10.171Z"}
{"level":"info","message":"Socket disconnected: tpZVfI-zYngUAX8ZAABL","timestamp":"2025-05-29T09:41:54.383Z"}
{"level":"info","message":"Socket connected: WWuMv05NI9itDcNzAABN","timestamp":"2025-05-29T09:42:59.623Z"}
{"level":"info","message":"Socket disconnected: WWuMv05NI9itDcNzAABN","timestamp":"2025-05-29T09:42:59.810Z"}
{"level":"info","message":"[2025-05-29T09:42:59.849Z] GET /post?userId=679d530c96d06fa5dfab1ded","timestamp":"2025-05-29T09:42:59.849Z"}
{"level":"info","message":"Socket connected: Hh_22vb4zLsck75YAABQ","timestamp":"2025-05-29T09:43:01.442Z"}
{"level":"info","message":"Socket disconnected: Hh_22vb4zLsck75YAABQ","timestamp":"2025-05-29T09:43:01.657Z"}
{"level":"info","message":"Socket connected: 2Qaxrr1ycDIMa3HkAABS","timestamp":"2025-05-29T09:43:20.756Z"}
{"level":"info","message":"[2025-05-29T09:43:20.907Z] GET /users-profile/679d530c96d06fa5dfab1ded","timestamp":"2025-05-29T09:43:20.907Z"}
{"level":"info","message":"[2025-05-29T09:43:20.925Z] GET /notification-counts?userId=679d530c96d06fa5dfab1ded","timestamp":"2025-05-29T09:43:20.926Z"}
{"level":"info","message":"[2025-05-29T09:43:20.930Z] GET /verify-token","timestamp":"2025-05-29T09:43:20.930Z"}
{"level":"info","message":"[2025-05-29T09:43:21.450Z] GET /api/following","timestamp":"2025-05-29T09:43:21.450Z"}
{"level":"info","message":"[2025-05-29T09:43:21.526Z] GET /post?category=","timestamp":"2025-05-29T09:43:21.526Z"}
{"level":"info","message":"Socket disconnected: 2Qaxrr1ycDIMa3HkAABS","timestamp":"2025-05-29T09:43:50.214Z"}
{"level":"info","message":"Socket connected: ryycuTFzsV-A3-diAABU","timestamp":"2025-05-29T09:45:11.005Z"}
{"level":"info","message":"[2025-05-29T09:45:11.583Z] GET /users-profile/679d530c96d06fa5dfab1ded","timestamp":"2025-05-29T09:45:11.583Z"}
{"level":"info","message":"[2025-05-29T09:45:11.619Z] GET /notification-counts?userId=679d530c96d06fa5dfab1ded","timestamp":"2025-05-29T09:45:11.619Z"}
{"level":"info","message":"[2025-05-29T09:45:11.641Z] GET /verify-token","timestamp":"2025-05-29T09:45:11.641Z"}
{"level":"info","message":"[2025-05-29T09:45:11.866Z] GET /api/following","timestamp":"2025-05-29T09:45:11.866Z"}
{"level":"info","message":"[2025-05-29T09:45:11.897Z] GET /post?category=","timestamp":"2025-05-29T09:45:11.897Z"}
{"level":"info","message":"[2025-05-29T09:45:40.787Z] GET /notification-counts?userId=679d530c96d06fa5dfab1ded","timestamp":"2025-05-29T09:45:40.787Z"}
{"level":"info","message":"Socket disconnected: ryycuTFzsV-A3-diAABU","timestamp":"2025-05-29T09:45:41.213Z"}
{"level":"info","message":"Socket connected: 2XG98FJ0MavtTvZ9AABW","timestamp":"2025-05-29T09:50:36.743Z"}
{"level":"info","message":"[2025-05-29T09:50:37.339Z] GET /users-profile/679d530c96d06fa5dfab1ded","timestamp":"2025-05-29T09:50:37.339Z"}
{"level":"info","message":"[2025-05-29T09:50:37.344Z] GET /notification-counts?userId=679d530c96d06fa5dfab1ded","timestamp":"2025-05-29T09:50:37.344Z"}
{"level":"info","message":"[2025-05-29T09:50:37.409Z] GET /verify-token","timestamp":"2025-05-29T09:50:37.410Z"}
{"level":"info","message":"[2025-05-29T09:50:37.684Z] GET /post?category=","timestamp":"2025-05-29T09:50:37.684Z"}
{"level":"info","message":"Socket disconnected: 2XG98FJ0MavtTvZ9AABW","timestamp":"2025-05-29T09:50:55.963Z"}
{"level":"info","message":"Socket connected: RogAm14lQFqy0XMPAABY","timestamp":"2025-05-29T09:51:00.551Z"}
{"level":"info","message":"[2025-05-29T09:51:00.747Z] GET /users-profile/679d530c96d06fa5dfab1ded","timestamp":"2025-05-29T09:51:00.748Z"}
{"level":"info","message":"[2025-05-29T09:51:00.769Z] GET /notification-counts?userId=679d530c96d06fa5dfab1ded","timestamp":"2025-05-29T09:51:00.769Z"}
{"level":"info","message":"[2025-05-29T09:51:00.792Z] GET /verify-token","timestamp":"2025-05-29T09:51:00.792Z"}
{"level":"info","message":"[2025-05-29T09:51:01.060Z] GET /post?category=","timestamp":"2025-05-29T09:51:01.061Z"}
{"level":"info","message":"[2025-05-29T09:51:30.052Z] GET /notification-counts?userId=679d530c96d06fa5dfab1ded","timestamp":"2025-05-29T09:51:30.054Z"}
{"level":"info","message":"Socket disconnected: RogAm14lQFqy0XMPAABY","timestamp":"2025-05-29T09:51:36.329Z"}
{"level":"info","message":"Socket connected: EOs_XE_gDMOZveFBAABa","timestamp":"2025-05-29T09:51:44.302Z"}
{"level":"info","message":"[2025-05-29T09:51:44.480Z] GET /users-profile/679d530c96d06fa5dfab1ded","timestamp":"2025-05-29T09:51:44.481Z"}
{"level":"info","message":"[2025-05-29T09:51:44.485Z] GET /notification-counts?userId=679d530c96d06fa5dfab1ded","timestamp":"2025-05-29T09:51:44.485Z"}
{"level":"info","message":"[2025-05-29T09:51:44.521Z] GET /verify-token","timestamp":"2025-05-29T09:51:44.521Z"}
{"level":"info","message":"[2025-05-29T09:51:44.950Z] GET /post?category=","timestamp":"2025-05-29T09:51:44.950Z"}
{"level":"info","message":"Socket disconnected: EOs_XE_gDMOZveFBAABa","timestamp":"2025-05-29T09:52:07.318Z"}
{"level":"info","message":"✅ Firebase Admin SDK initialized successfully","timestamp":"2025-05-29T09:55:54.561Z"}
{"level":"info","message":"✅ Socket.IO initialized","timestamp":"2025-05-29T09:55:54.712Z"}
{"level":"info","message":"✅ Nodemailer configured","timestamp":"2025-05-29T09:55:54.778Z"}
{"level":"info","message":"✅ Cloudinary configured","timestamp":"2025-05-29T09:55:54.780Z"}
{"level":"info","message":"✅ Server running on port 3000","timestamp":"2025-05-29T09:55:54.835Z"}
{"level":"error","message":"❌ MongoDB connection error: Could not connect to any servers in your MongoDB Atlas cluster. One common reason is that you're trying to access the database from an IP that isn't whitelisted. Make sure your current IP address is on your Atlas cluster's IP whitelist: https://www.mongodb.com/docs/atlas/security-whitelist/","timestamp":"2025-05-29T09:56:00.588Z"}
{"level":"info","message":"✅ Firebase Admin SDK initialized successfully","timestamp":"2025-05-29T09:56:28.483Z"}
{"level":"info","message":"✅ Socket.IO initialized","timestamp":"2025-05-29T09:56:28.634Z"}
{"level":"info","message":"✅ Nodemailer configured","timestamp":"2025-05-29T09:56:28.698Z"}
{"level":"info","message":"✅ Cloudinary configured","timestamp":"2025-05-29T09:56:28.700Z"}
{"level":"info","message":"✅ Server running on port 3000","timestamp":"2025-05-29T09:56:28.744Z"}
{"level":"info","message":"✅ MongoDB connected successfully","timestamp":"2025-05-29T09:56:31.849Z"}
{"level":"info","message":"[2025-05-29T09:56:37.969Z] GET /post","timestamp":"2025-05-29T09:56:37.969Z"}
{"level":"info","message":"✅ Firebase Admin SDK initialized successfully","timestamp":"2025-05-29T10:05:42.440Z"}
{"level":"info","message":"✅ Socket.IO initialized","timestamp":"2025-05-29T10:05:42.639Z"}
{"level":"info","message":"✅ Nodemailer configured","timestamp":"2025-05-29T10:05:42.720Z"}
{"level":"info","message":"✅ Cloudinary configured","timestamp":"2025-05-29T10:05:42.723Z"}
{"level":"info","message":"✅ Server running on port 3000","timestamp":"2025-05-29T10:05:42.775Z"}
{"level":"info","message":"✅ MongoDB connected successfully","timestamp":"2025-05-29T10:05:50.148Z"}
{"level":"info","message":"[2025-05-29T10:29:29.727Z] GET /post","timestamp":"2025-05-29T10:29:29.736Z"}
{"level":"info","message":"Socket connected: gi-6ZE0pVrJO7RVBAAAB","timestamp":"2025-05-29T10:29:57.379Z"}
{"level":"info","message":"[2025-05-29T10:29:57.587Z] GET /notification-counts?userId=679d530c96d06fa5dfab1ded","timestamp":"2025-05-29T10:29:57.588Z"}
{"level":"info","message":"[2025-05-29T10:29:57.599Z] GET /users-profile/679d530c96d06fa5dfab1ded","timestamp":"2025-05-29T10:29:57.600Z"}
{"level":"info","message":"[2025-05-29T10:29:57.607Z] GET /verify-token","timestamp":"2025-05-29T10:29:57.607Z"}
{"level":"info","message":"[2025-05-29T10:29:58.203Z] GET /post?category=","timestamp":"2025-05-29T10:29:58.204Z"}
{"level":"info","message":"Socket disconnected: gi-6ZE0pVrJO7RVBAAAB","timestamp":"2025-05-29T10:29:59.795Z"}
{"level":"info","message":"[2025-05-29T10:30:20.402Z] POST /post","timestamp":"2025-05-29T10:30:20.403Z"}
{"level":"info","message":"Socket connected: fICfgBmuOqTYV7QSAAAD","timestamp":"2025-05-29T10:32:26.644Z"}
{"level":"info","message":"Socket disconnected: fICfgBmuOqTYV7QSAAAD","timestamp":"2025-05-29T10:32:26.689Z"}
