{"level":"info","message":"[CONFIRM DELIVERY INITIATED]","timestamp":"2025-07-08T21:41:31.081Z","transactionId":"686d8885bc74d16cac266047"}
{"level":"info","message":"[CONFIRM DELIVERY] Creating new Paystack recipient for seller","sellerId":"68431685432ee393a735a641","timestamp":"2025-07-08T21:41:31.583Z"}
{"level":"info","message":"[CONFIRM DELIVERY] Paystack recipient created and saved","recipientCode":"RCP_u443jj6mjun3t42","sellerId":"68431685432ee393a735a641","timestamp":"2025-07-08T21:41:33.070Z"}
{"error":"COMMISSION_PERCENT is not defined","level":"error","message":"[CONFIRM DELIVERY SERVER ERROR]","stack":"ReferenceError: COMMISSION_PERCENT is not defined\n    at /storage/emulated/0/Download/My web/Backend/routes/transactionRoutes.js:376:31\n    at process.processTicksAndRejections (node:internal/process/task_queues:105:5)","timestamp":"2025-07-08T21:41:33.076Z"}
{"level":"info","message":"[CONFIRM DELIVERY INITIATED]","timestamp":"2025-07-08T21:48:55.804Z","transactionId":"686d8885bc74d16cac266047"}
{"level":"info","message":"[CONFIRM DELIVERY] Creating new Paystack recipient for seller","sellerId":"68431685432ee393a735a641","timestamp":"2025-07-08T21:48:56.307Z"}
{"level":"info","message":"[CONFIRM DELIVERY] Paystack recipient created and saved","recipientCode":"RCP_u443jj6mjun3t42","sellerId":"68431685432ee393a735a641","timestamp":"2025-07-08T21:48:57.561Z"}
{"availableBalance":2367740500,"level":"info","message":"[CONFIRM DELIVERY] Paystack Balance Check","timestamp":"2025-07-08T21:48:59.710Z"}
{"level":"info","message":"[CONFIRM DELIVERY] Attempting Paystack transfer","neededAmountKobo":14625000,"recipientCode":"RCP_u443jj6mjun3t42","timestamp":"2025-07-08T21:48:59.712Z","transactionId":"686d8885bc74d16cac266047"}
{"level":"info","message":"[CONFIRM DELIVERY] Paystack transfer response","timestamp":"2025-07-08T21:49:01.619Z","transactionId":"686d8885bc74d16cac266047","transferData":{"amount":14625000,"createdAt":"2025-07-08T21:49:03.000Z","currency":"NGN","domain":"test","failures":null,"id":846339517,"integration":1383582,"reason":"Payment for product: Deep freezer","recipient":99824171,"reference":"9sxule2c0dfej14eu0ym","request":1047757863,"source":"balance","source_details":null,"status":"success","titan_code":null,"transfer_code":"TRF_adpac7fheh5uj0wk","transferred_at":null,"transfersessionid":[],"transfertrials":[],"updatedAt":"2025-07-08T21:49:03.000Z"},"transferStatus":"success"}
{"error":"Transaction validation failed: status: `released` is not a valid enum value for path `status`.","level":"error","message":"[CONFIRM DELIVERY SERVER ERROR]","stack":"ValidationError: Transaction validation failed: status: `released` is not a valid enum value for path `status`.\n    at Document.invalidate (/storage/emulated/0/Download/My web/Backend/node_modules/mongoose/lib/document.js:3352:32)\n    at /storage/emulated/0/Download/My web/Backend/node_modules/mongoose/lib/document.js:3113:17\n    at /storage/emulated/0/Download/My web/Backend/node_modules/mongoose/lib/schemaType.js:1410:9\n    at process.processTicksAndRejections (node:internal/process/task_queues:85:11)","timestamp":"2025-07-08T21:49:01.664Z"}
{"level":"info","message":"[CONFIRM DELIVERY INITIATED]","timestamp":"2025-07-08T21:54:34.832Z","transactionId":"686d8885bc74d16cac266047"}
{"level":"info","message":"[CONFIRM DELIVERY] Creating new Paystack recipient for seller","sellerId":"68431685432ee393a735a641","timestamp":"2025-07-08T21:54:35.290Z"}
{"level":"info","message":"[CONFIRM DELIVERY] Paystack recipient created and saved","recipientCode":"RCP_u443jj6mjun3t42","sellerId":"68431685432ee393a735a641","timestamp":"2025-07-08T21:54:36.767Z"}
{"availableBalance":2353110500,"level":"info","message":"[CONFIRM DELIVERY] Paystack Balance Check","timestamp":"2025-07-08T21:54:38.149Z"}
{"level":"info","message":"[CONFIRM DELIVERY] Attempting Paystack transfer","neededAmountKobo":14625000,"recipientCode":"RCP_u443jj6mjun3t42","timestamp":"2025-07-08T21:54:38.152Z","transactionId":"686d8885bc74d16cac266047"}
{"level":"info","message":"[CONFIRM DELIVERY] Paystack transfer response","timestamp":"2025-07-08T21:54:39.709Z","transactionId":"686d8885bc74d16cac266047","transferData":{"amount":14625000,"createdAt":"2025-07-08T21:54:42.000Z","currency":"NGN","domain":"test","failures":null,"id":846341804,"integration":1383582,"reason":"Payment for product: Deep freezer","recipient":99824171,"reference":"hcys2oh61e5iycoybwgq","request":1047760909,"source":"balance","source_details":null,"status":"success","titan_code":null,"transfer_code":"TRF_n1ozk1d96t8qrjco","transferred_at":null,"transfersessionid":[],"transfertrials":[],"updatedAt":"2025-07-08T21:54:42.000Z"},"transferStatus":"success"}
{"level":"info","message":"[CONFIRM DELIVERY] Payout successful and transaction updated","newStatus":"released","timestamp":"2025-07-08T21:54:40.050Z","transactionId":"686d8885bc74d16cac266047","transferReference":"hcys2oh61e5iycoybwgq"}
{"error":"Notification validation failed: postId: Path `postId` is required., senderId: Path `senderId` is required.","level":"error","message":"[CONFIRM DELIVERY SERVER ERROR]","stack":"ValidationError: Notification validation failed: postId: Path `postId` is required., senderId: Path `senderId` is required.\n    at Document.invalidate (/storage/emulated/0/Download/My web/Backend/node_modules/mongoose/lib/document.js:3352:32)\n    at /storage/emulated/0/Download/My web/Backend/node_modules/mongoose/lib/document.js:3113:17\n    at /storage/emulated/0/Download/My web/Backend/node_modules/mongoose/lib/schemaType.js:1410:9\n    at process.processTicksAndRejections (node:internal/process/task_queues:85:11)","timestamp":"2025-07-08T21:54:40.139Z"}
{"level":"info","message":"[CONFIRM DELIVERY INITIATED]","timestamp":"2025-07-08T22:52:15.472Z","transactionId":"686da0cf8ff9a9ca2616dfc1"}
{"level":"info","message":"[CONFIRM DELIVERY] Creating new Paystack recipient for seller","sellerId":"685f09f1b408e815cdf5f314","timestamp":"2025-07-08T22:52:16.017Z"}
{"level":"info","message":"[CONFIRM DELIVERY] Paystack recipient created and saved","recipientCode":"RCP_u443jj6mjun3t42","sellerId":"685f09f1b408e815cdf5f314","timestamp":"2025-07-08T22:52:17.364Z"}
{"availableBalance":2381480500,"level":"info","message":"[CONFIRM DELIVERY] Paystack Balance Check","timestamp":"2025-07-08T22:52:17.710Z"}
{"level":"info","message":"[CONFIRM DELIVERY] Attempting Paystack transfer","neededAmountKobo":4875000,"recipientCode":"RCP_u443jj6mjun3t42","timestamp":"2025-07-08T22:52:17.712Z","transactionId":"686da0cf8ff9a9ca2616dfc1"}
{"level":"info","message":"[CONFIRM DELIVERY] Paystack transfer response","timestamp":"2025-07-08T22:52:18.276Z","transactionId":"686da0cf8ff9a9ca2616dfc1","transferData":{"amount":4875000,"createdAt":"2025-07-08T22:52:20.000Z","currency":"NGN","domain":"test","failures":null,"id":846361252,"integration":1383582,"reason":"Payment for product: Mattress","recipient":99824171,"reference":"lxtcfd10svrksw66ml3f","request":1047788114,"source":"balance","source_details":null,"status":"success","titan_code":null,"transfer_code":"TRF_7ndcupfgq5cp8bfz","transferred_at":null,"transfersessionid":[],"transfertrials":[],"updatedAt":"2025-07-08T22:52:20.000Z"},"transferStatus":"success"}
{"level":"info","message":"[CONFIRM DELIVERY] Payout successful and transaction updated","newStatus":"released","timestamp":"2025-07-08T22:52:18.645Z","transactionId":"686da0cf8ff9a9ca2616dfc1","transferReference":"lxtcfd10svrksw66ml3f"}
