{"level":"info","message":"✅ Cloudinary configured in userRoutes","timestamp":"2025-07-22T18:59:27.759Z"}
{"level":"info","message":"Attached io to request object in userRoutes","timestamp":"2025-07-22T18:59:54.010Z"}
{"level":"info","message":"Attached io to request object in userRoutes","timestamp":"2025-07-22T19:00:19.620Z"}
{"level":"info","message":"User logged in: 6865680685b3194e8bc38b92","timestamp":"2025-07-22T19:00:20.317Z"}
{"level":"info","message":"Attached io to request object in userRoutes","timestamp":"2025-07-22T19:00:23.776Z"}
{"level":"info","message":"Attached io to request object in userRoutes","timestamp":"2025-07-22T19:00:23.815Z"}
{"level":"info","message":"Attached io to request object in userRoutes","timestamp":"2025-07-22T19:00:23.926Z"}
{"level":"info","message":"Attached io to request object in userRoutes","timestamp":"2025-07-22T19:00:23.951Z"}
{"level":"info","message":"Attached io to request object in userRoutes","timestamp":"2025-07-22T19:00:24.020Z"}
{"level":"info","message":"Attached io to request object in userRoutes","timestamp":"2025-07-22T19:00:24.039Z"}
{"level":"info","message":"Attached io to request object in userRoutes","timestamp":"2025-07-22T19:00:24.101Z"}
{"level":"info","message":"Fetched profile for user: 6865680685b3194e8bc38b92","timestamp":"2025-07-22T19:00:24.140Z"}
{"level":"info","message":"No reviews found for user: 6865680685b3194e8bc38b92","timestamp":"2025-07-22T19:00:24.212Z"}
{"level":"info","message":"Fetched profile for user: 6865680685b3194e8bc38b92","timestamp":"2025-07-22T19:00:24.252Z"}
{"level":"info","message":"Fetched average rating for user: 6865680685b3194e8bc38b92","timestamp":"2025-07-22T19:00:24.297Z"}
{"level":"info","message":"Attached io to request object in userRoutes","timestamp":"2025-07-22T19:00:30.634Z"}
{"level":"info","message":"Attached io to request object in userRoutes","timestamp":"2025-07-22T19:00:30.677Z"}
{"level":"info","message":"Attached io to request object in userRoutes","timestamp":"2025-07-22T19:00:30.696Z"}
{"level":"info","message":"Fetched profile for user: 6865680685b3194e8bc38b92","timestamp":"2025-07-22T19:00:30.940Z"}
{"level":"info","message":"Attached io to request object in userRoutes","timestamp":"2025-07-22T19:00:38.907Z"}
{"level":"info","message":"Attached io to request object in userRoutes","timestamp":"2025-07-22T19:00:38.943Z"}
{"level":"info","message":"Attached io to request object in userRoutes","timestamp":"2025-07-22T19:00:38.965Z"}
{"level":"info","message":"Attached io to request object in userRoutes","timestamp":"2025-07-22T19:00:38.993Z"}
{"level":"info","message":"Fetched profile for user: 6865680685b3194e8bc38b92","timestamp":"2025-07-22T19:00:39.242Z"}
{"level":"info","message":"Fetched following list for user: 6865680685b3194e8bc38b92","timestamp":"2025-07-22T19:00:39.508Z"}
{"level":"info","message":"Attached io to request object in userRoutes","timestamp":"2025-07-22T19:00:39.525Z"}
{"level":"info","message":"Attached io to request object in userRoutes","timestamp":"2025-07-22T19:00:39.644Z"}
{"level":"info","message":"Fetched following list for user: 6865680685b3194e8bc38b92","timestamp":"2025-07-22T19:00:40.003Z"}
{"level":"info","message":"Attached io to request object in userRoutes","timestamp":"2025-07-22T19:00:40.016Z"}
{"level":"info","message":"Fetched following list for user: 6865680685b3194e8bc38b92","timestamp":"2025-07-22T19:00:40.609Z"}
{"level":"info","message":"Attached io to request object in userRoutes","timestamp":"2025-07-22T19:00:41.070Z"}
{"level":"info","message":"Attached io to request object in userRoutes","timestamp":"2025-07-22T19:00:41.101Z"}
{"level":"info","message":"Fetched 7 user suggestions for user: 6865680685b3194e8bc38b92","timestamp":"2025-07-22T19:00:42.143Z"}
{"level":"info","message":"Attached io to request object in userRoutes","timestamp":"2025-07-22T19:00:42.514Z"}
{"level":"info","message":"Attached io to request object in userRoutes","timestamp":"2025-07-22T19:00:43.605Z"}
{"level":"info","message":"Fetched 7 user suggestions for user: 6865680685b3194e8bc38b92","timestamp":"2025-07-22T19:00:44.347Z"}
{"level":"info","message":"Attached io to request object in userRoutes","timestamp":"2025-07-22T19:00:44.371Z"}
{"level":"info","message":"Fetched 7 user suggestions for user: 6865680685b3194e8bc38b92","timestamp":"2025-07-22T19:00:44.999Z"}
{"level":"info","message":"Attached io to request object in userRoutes","timestamp":"2025-07-22T19:00:49.804Z"}
{"level":"info","message":"Fetched profile for user: 6865680685b3194e8bc38b92","timestamp":"2025-07-22T19:00:50.119Z"}
{"level":"info","message":"Attached io to request object in userRoutes","timestamp":"2025-07-22T19:01:38.470Z"}
{"level":"info","message":"Attached io to request object in userRoutes","timestamp":"2025-07-22T19:01:50.573Z"}
{"level":"info","message":"Attached io to request object in userRoutes","timestamp":"2025-07-22T19:01:50.590Z"}
{"level":"info","message":"Attached io to request object in userRoutes","timestamp":"2025-07-22T19:01:50.622Z"}
{"level":"info","message":"Attached io to request object in userRoutes","timestamp":"2025-07-22T19:01:50.647Z"}
{"level":"info","message":"Fetched profile for user: 6865680685b3194e8bc38b92","timestamp":"2025-07-22T19:01:50.802Z"}
{"level":"info","message":"Fetched following list for user: 6865680685b3194e8bc38b92","timestamp":"2025-07-22T19:01:51.022Z"}
{"level":"info","message":"Attached io to request object in userRoutes","timestamp":"2025-07-22T19:01:51.044Z"}
{"level":"info","message":"Attached io to request object in userRoutes","timestamp":"2025-07-22T19:01:51.089Z"}
{"level":"info","message":"Fetched following list for user: 6865680685b3194e8bc38b92","timestamp":"2025-07-22T19:01:51.441Z"}
{"level":"info","message":"Attached io to request object in userRoutes","timestamp":"2025-07-22T19:01:51.477Z"}
{"level":"info","message":"Fetched following list for user: 6865680685b3194e8bc38b92","timestamp":"2025-07-22T19:01:51.873Z"}
{"level":"info","message":"Attached io to request object in userRoutes","timestamp":"2025-07-22T19:01:52.556Z"}
{"level":"info","message":"Attached io to request object in userRoutes","timestamp":"2025-07-22T19:01:52.606Z"}
{"level":"info","message":"Fetched 7 user suggestions for user: 6865680685b3194e8bc38b92","timestamp":"2025-07-22T19:01:53.276Z"}
{"level":"info","message":"Attached io to request object in userRoutes","timestamp":"2025-07-22T19:01:53.515Z"}
{"level":"info","message":"Attached io to request object in userRoutes","timestamp":"2025-07-22T19:01:55.321Z"}
{"level":"info","message":"Fetched 7 user suggestions for user: 6865680685b3194e8bc38b92","timestamp":"2025-07-22T19:01:55.934Z"}
{"level":"info","message":"Attached io to request object in userRoutes","timestamp":"2025-07-22T19:01:55.952Z"}
{"level":"info","message":"Fetched 7 user suggestions for user: 6865680685b3194e8bc38b92","timestamp":"2025-07-22T19:01:56.864Z"}
{"level":"info","message":"Attached io to request object in userRoutes","timestamp":"2025-07-22T19:02:20.292Z"}
{"level":"info","message":"Attached io to request object in userRoutes","timestamp":"2025-07-22T19:02:31.402Z"}
{"level":"info","message":"Attached io to request object in userRoutes","timestamp":"2025-07-22T19:02:31.447Z"}
{"level":"info","message":"Attached io to request object in userRoutes","timestamp":"2025-07-22T19:02:31.460Z"}
{"level":"info","message":"Attached io to request object in userRoutes","timestamp":"2025-07-22T19:02:31.477Z"}
{"level":"info","message":"Attached io to request object in userRoutes","timestamp":"2025-07-22T19:02:32.697Z"}
{"level":"info","message":"Fetched profile for user: 6865680685b3194e8bc38b92","timestamp":"2025-07-22T19:03:04.702Z"}
{"level":"info","message":"Fetched following list for user: 6865680685b3194e8bc38b92","timestamp":"2025-07-22T19:03:08.396Z"}
{"level":"info","message":"Attached io to request object in userRoutes","timestamp":"2025-07-22T19:12:49.311Z"}
{"level":"info","message":"Attached io to request object in userRoutes","timestamp":"2025-07-22T19:13:28.627Z"}
{"level":"info","message":"User logged in: 68431685432ee393a735a641","timestamp":"2025-07-22T19:13:29.439Z"}
{"level":"info","message":"Attached io to request object in userRoutes","timestamp":"2025-07-22T19:13:32.576Z"}
{"level":"info","message":"Attached io to request object in userRoutes","timestamp":"2025-07-22T19:13:32.614Z"}
{"level":"info","message":"Attached io to request object in userRoutes","timestamp":"2025-07-22T19:13:32.666Z"}
{"level":"info","message":"Attached io to request object in userRoutes","timestamp":"2025-07-22T19:13:32.701Z"}
{"level":"info","message":"Attached io to request object in userRoutes","timestamp":"2025-07-22T19:13:32.730Z"}
{"level":"info","message":"Attached io to request object in userRoutes","timestamp":"2025-07-22T19:13:32.746Z"}
{"level":"info","message":"Fetched average rating for user: 68431685432ee393a735a641","timestamp":"2025-07-22T19:13:33.640Z"}
{"level":"info","message":"Fetched 1 reviews for user: 68431685432ee393a735a641","timestamp":"2025-07-22T19:13:33.838Z"}
{"level":"info","message":"Fetched profile for user: 68431685432ee393a735a641","timestamp":"2025-07-22T19:13:34.480Z"}
{"level":"info","message":"Attached io to request object in userRoutes","timestamp":"2025-07-22T19:13:47.073Z"}
{"level":"info","message":"Attached io to request object in userRoutes","timestamp":"2025-07-22T19:13:47.094Z"}
{"level":"info","message":"Attached io to request object in userRoutes","timestamp":"2025-07-22T19:13:47.108Z"}
{"level":"info","message":"Attached io to request object in userRoutes","timestamp":"2025-07-22T19:13:47.127Z"}
{"level":"info","message":"Attached io to request object in userRoutes","timestamp":"2025-07-22T19:13:55.305Z"}
{"level":"info","message":"Fetched profile for user: 68431685432ee393a735a641","timestamp":"2025-07-22T19:14:21.342Z"}
{"level":"info","message":"Attached io to request object in userRoutes","timestamp":"2025-07-22T19:14:22.061Z"}
{"level":"info","message":"Attached io to request object in userRoutes","timestamp":"2025-07-22T19:14:25.136Z"}
{"level":"info","message":"Fetched following list for user: 68431685432ee393a735a641","timestamp":"2025-07-22T19:14:25.216Z"}
{"level":"info","message":"Attached io to request object in userRoutes","timestamp":"2025-07-22T19:14:26.723Z"}
{"level":"info","message":"✅ Cloudinary configured in userRoutes","timestamp":"2025-07-22T19:14:47.439Z"}
{"level":"info","message":"Attached io to request object in userRoutes","timestamp":"2025-07-22T19:15:31.062Z"}
{"level":"info","message":"Attached io to request object in userRoutes","timestamp":"2025-07-22T19:15:43.451Z"}
{"level":"info","message":"User logged in: 68431685432ee393a735a641","timestamp":"2025-07-22T19:15:44.259Z"}
{"level":"info","message":"Attached io to request object in userRoutes","timestamp":"2025-07-22T19:15:47.473Z"}
{"level":"info","message":"Attached io to request object in userRoutes","timestamp":"2025-07-22T19:15:47.545Z"}
{"level":"info","message":"Attached io to request object in userRoutes","timestamp":"2025-07-22T19:15:47.575Z"}
{"level":"info","message":"Attached io to request object in userRoutes","timestamp":"2025-07-22T19:15:47.629Z"}
{"level":"info","message":"Attached io to request object in userRoutes","timestamp":"2025-07-22T19:15:47.675Z"}
{"level":"info","message":"Attached io to request object in userRoutes","timestamp":"2025-07-22T19:15:47.693Z"}
{"level":"info","message":"Fetched profile for user: 68431685432ee393a735a641","timestamp":"2025-07-22T19:15:47.962Z"}
{"level":"info","message":"Attached io to request object in userRoutes","timestamp":"2025-07-22T19:15:47.975Z"}
{"level":"info","message":"Fetched profile for user: 68431685432ee393a735a641","timestamp":"2025-07-22T19:15:48.024Z"}
{"level":"info","message":"Fetched 1 reviews for user: 68431685432ee393a735a641","timestamp":"2025-07-22T19:15:48.151Z"}
{"level":"info","message":"Fetched average rating for user: 68431685432ee393a735a641","timestamp":"2025-07-22T19:15:49.674Z"}
{"level":"info","message":"Attached io to request object in userRoutes","timestamp":"2025-07-22T19:15:55.026Z"}
{"level":"info","message":"Attached io to request object in userRoutes","timestamp":"2025-07-22T19:15:55.055Z"}
{"level":"info","message":"Attached io to request object in userRoutes","timestamp":"2025-07-22T19:15:55.070Z"}
{"level":"info","message":"Attached io to request object in userRoutes","timestamp":"2025-07-22T19:15:55.091Z"}
{"level":"info","message":"Fetched profile for user: 68431685432ee393a735a641","timestamp":"2025-07-22T19:15:58.377Z"}
{"level":"info","message":"Fetched following list for user: 68431685432ee393a735a641","timestamp":"2025-07-22T19:15:58.620Z"}
{"level":"info","message":"Attached io to request object in userRoutes","timestamp":"2025-07-22T19:15:58.640Z"}
{"level":"info","message":"Attached io to request object in userRoutes","timestamp":"2025-07-22T19:15:58.697Z"}
{"level":"info","message":"Fetched following list for user: 68431685432ee393a735a641","timestamp":"2025-07-22T19:15:59.052Z"}
{"level":"info","message":"Attached io to request object in userRoutes","timestamp":"2025-07-22T19:15:59.074Z"}
{"level":"info","message":"Fetched following list for user: 68431685432ee393a735a641","timestamp":"2025-07-22T19:15:59.500Z"}
{"level":"info","message":"Attached io to request object in userRoutes","timestamp":"2025-07-22T19:16:00.177Z"}
{"level":"info","message":"Attached io to request object in userRoutes","timestamp":"2025-07-22T19:16:00.229Z"}
{"level":"info","message":"Fetched 1 user suggestions for user: 68431685432ee393a735a641","timestamp":"2025-07-22T19:16:01.034Z"}
{"level":"info","message":"Attached io to request object in userRoutes","timestamp":"2025-07-22T19:16:01.289Z"}
{"level":"info","message":"Attached io to request object in userRoutes","timestamp":"2025-07-22T19:16:02.114Z"}
{"level":"info","message":"Fetched 1 user suggestions for user: 68431685432ee393a735a641","timestamp":"2025-07-22T19:16:03.236Z"}
{"level":"info","message":"Attached io to request object in userRoutes","timestamp":"2025-07-22T19:16:03.286Z"}
{"level":"info","message":"Fetched 1 user suggestions for user: 68431685432ee393a735a641","timestamp":"2025-07-22T19:16:04.195Z"}
{"level":"info","message":"Attached io to request object in userRoutes","timestamp":"2025-07-22T19:16:08.477Z"}
{"level":"info","message":"Attached io to request object in userRoutes","timestamp":"2025-07-22T19:16:39.499Z"}
{"level":"info","message":"Attached io to request object in userRoutes","timestamp":"2025-07-22T19:16:42.494Z"}
{"level":"info","message":"Attached io to request object in userRoutes","timestamp":"2025-07-22T19:16:57.802Z"}
{"level":"info","message":"Attached io to request object in userRoutes","timestamp":"2025-07-22T19:16:58.902Z"}
{"level":"info","message":"Attached io to request object in userRoutes","timestamp":"2025-07-22T19:16:58.960Z"}
{"level":"info","message":"Fetched following list for user: 68431685432ee393a735a641","timestamp":"2025-07-22T19:17:00.255Z"}
{"level":"info","message":"Attached io to request object in userRoutes","timestamp":"2025-07-22T19:17:00.274Z"}
{"level":"info","message":"Fetched following list for user: 68431685432ee393a735a641","timestamp":"2025-07-22T19:17:01.254Z"}
{"level":"info","message":"Attached io to request object in userRoutes","timestamp":"2025-07-22T19:17:04.005Z"}
{"level":"info","message":"Attached io to request object in userRoutes","timestamp":"2025-07-22T19:17:05.688Z"}
{"level":"info","message":"Attached io to request object in userRoutes","timestamp":"2025-07-22T19:17:07.144Z"}
{"level":"info","message":"Attached io to request object in userRoutes","timestamp":"2025-07-22T19:25:33.111Z"}
{"level":"info","message":"Attached io to request object in userRoutes","timestamp":"2025-07-22T19:25:33.165Z"}
{"level":"info","message":"Attached io to request object in userRoutes","timestamp":"2025-07-22T19:25:33.228Z"}
{"level":"info","message":"Attached io to request object in userRoutes","timestamp":"2025-07-22T19:25:33.288Z"}
{"level":"info","message":"Attached io to request object in userRoutes","timestamp":"2025-07-22T19:25:33.326Z"}
{"level":"info","message":"Attached io to request object in userRoutes","timestamp":"2025-07-22T19:25:33.349Z"}
{"level":"info","message":"Fetched average rating for user: 68431685432ee393a735a641","timestamp":"2025-07-22T19:25:35.287Z"}
{"level":"info","message":"Fetched profile for user: 68431685432ee393a735a641","timestamp":"2025-07-22T19:25:35.295Z"}
{"level":"info","message":"Fetched 1 reviews for user: 68431685432ee393a735a641","timestamp":"2025-07-22T19:25:39.622Z"}
{"level":"info","message":"Attached io to request object in userRoutes","timestamp":"2025-07-22T19:25:43.624Z"}
{"level":"info","message":"Attached io to request object in userRoutes","timestamp":"2025-07-22T19:25:43.637Z"}
{"level":"info","message":"Fetched average rating for user: 68431685432ee393a735a641","timestamp":"2025-07-22T19:25:43.841Z"}
{"level":"info","message":"Fetched 1 reviews for user: 68431685432ee393a735a641","timestamp":"2025-07-22T19:25:44.012Z"}
{"level":"info","message":"Attached io to request object in userRoutes","timestamp":"2025-07-22T19:26:03.011Z"}
{"level":"info","message":"Attached io to request object in userRoutes","timestamp":"2025-07-22T19:26:14.512Z"}
{"level":"info","message":"Attached io to request object in userRoutes","timestamp":"2025-07-22T19:26:14.529Z"}
{"level":"info","message":"Attached io to request object in userRoutes","timestamp":"2025-07-22T19:26:14.549Z"}
{"level":"info","message":"Attached io to request object in userRoutes","timestamp":"2025-07-22T19:26:14.593Z"}
{"level":"info","message":"Fetched profile for user: 68431685432ee393a735a641","timestamp":"2025-07-22T19:26:14.818Z"}
{"level":"info","message":"Fetched following list for user: 68431685432ee393a735a641","timestamp":"2025-07-22T19:26:15.035Z"}
{"level":"info","message":"Attached io to request object in userRoutes","timestamp":"2025-07-22T19:26:15.054Z"}
{"level":"info","message":"Attached io to request object in userRoutes","timestamp":"2025-07-22T19:26:15.330Z"}
{"level":"info","message":"Fetched following list for user: 68431685432ee393a735a641","timestamp":"2025-07-22T19:26:15.674Z"}
{"level":"info","message":"Attached io to request object in userRoutes","timestamp":"2025-07-22T19:26:15.700Z"}
{"level":"info","message":"Fetched following list for user: 68431685432ee393a735a641","timestamp":"2025-07-22T19:26:16.144Z"}
{"level":"info","message":"Attached io to request object in userRoutes","timestamp":"2025-07-22T19:26:16.940Z"}
{"level":"info","message":"Attached io to request object in userRoutes","timestamp":"2025-07-22T19:26:16.995Z"}
{"level":"info","message":"Fetched 1 user suggestions for user: 68431685432ee393a735a641","timestamp":"2025-07-22T19:26:17.648Z"}
{"level":"info","message":"Attached io to request object in userRoutes","timestamp":"2025-07-22T19:26:18.040Z"}
{"level":"info","message":"Attached io to request object in userRoutes","timestamp":"2025-07-22T19:26:19.842Z"}
{"level":"info","message":"Fetched 1 user suggestions for user: 68431685432ee393a735a641","timestamp":"2025-07-22T19:26:20.748Z"}
{"level":"info","message":"Attached io to request object in userRoutes","timestamp":"2025-07-22T19:26:20.770Z"}
{"level":"info","message":"Fetched 1 user suggestions for user: 68431685432ee393a735a641","timestamp":"2025-07-22T19:26:22.834Z"}
{"level":"info","message":"Attached io to request object in userRoutes","timestamp":"2025-07-22T19:26:26.929Z"}
{"level":"info","message":"Attached io to request object in userRoutes","timestamp":"2025-07-22T19:26:26.947Z"}
{"level":"info","message":"Attached io to request object in userRoutes","timestamp":"2025-07-22T19:26:26.988Z"}
{"level":"info","message":"Attached io to request object in userRoutes","timestamp":"2025-07-22T19:26:27.025Z"}
{"level":"info","message":"Attached io to request object in userRoutes","timestamp":"2025-07-22T19:26:27.058Z"}
{"level":"info","message":"Attached io to request object in userRoutes","timestamp":"2025-07-22T19:26:27.078Z"}
{"level":"info","message":"No reviews found for user: 6865680685b3194e8bc38b92","timestamp":"2025-07-22T19:26:27.374Z"}
{"level":"info","message":"Fetched profile for user: 68431685432ee393a735a641","timestamp":"2025-07-22T19:26:27.395Z"}
{"level":"info","message":"Attached io to request object in userRoutes","timestamp":"2025-07-22T19:26:27.458Z"}
{"level":"info","message":"Fetched profile for user: 6865680685b3194e8bc38b92","timestamp":"2025-07-22T19:26:27.536Z"}
{"level":"info","message":"Fetched average rating for user: 6865680685b3194e8bc38b92","timestamp":"2025-07-22T19:26:27.632Z"}
{"level":"info","message":"Attached io to request object in userRoutes","timestamp":"2025-07-22T19:26:56.899Z"}
{"level":"info","message":"Attached io to request object in userRoutes","timestamp":"2025-07-22T19:27:25.873Z"}
{"level":"info","message":"Attached io to request object in userRoutes","timestamp":"2025-07-22T19:27:25.939Z"}
{"level":"info","message":"Fetched following list for user: 68431685432ee393a735a641","timestamp":"2025-07-22T19:27:26.493Z"}
{"level":"info","message":"Attached io to request object in userRoutes","timestamp":"2025-07-22T19:27:26.537Z"}
{"level":"info","message":"Fetched following list for user: 68431685432ee393a735a641","timestamp":"2025-07-22T19:27:27.384Z"}
{"level":"info","message":"Attached io to request object in userRoutes","timestamp":"2025-07-22T19:27:28.562Z"}
{"level":"info","message":"Attached io to request object in userRoutes","timestamp":"2025-07-22T19:27:28.615Z"}
{"level":"info","message":"Fetched 1 user suggestions for user: 68431685432ee393a735a641","timestamp":"2025-07-22T19:27:30.303Z"}
{"level":"info","message":"Attached io to request object in userRoutes","timestamp":"2025-07-22T19:27:31.216Z"}
{"level":"info","message":"Attached io to request object in userRoutes","timestamp":"2025-07-22T19:27:31.452Z"}
{"level":"info","message":"Fetched 1 user suggestions for user: 68431685432ee393a735a641","timestamp":"2025-07-22T19:27:40.353Z"}
{"level":"info","message":"Attached io to request object in userRoutes","timestamp":"2025-07-22T19:27:42.394Z"}
{"level":"info","message":"Fetched 1 user suggestions for user: 68431685432ee393a735a641","timestamp":"2025-07-22T19:27:45.642Z"}
